INFO - 2024-01-05 02:19:41 --> Session: Class initialized using 'CodeIgniter\Session\Handlers\FileHandler' driver.
INFO - 2024-01-05 02:20:30 --> Session: Class initialized using 'CodeIgniter\Session\Handlers\FileHandler' driver.
INFO - 2024-01-05 02:20:36 --> Session: Class initialized using 'CodeIgniter\Session\Handlers\FileHandler' driver.
INFO - 2024-01-05 02:20:42 --> Session: Class initialized using 'CodeIgniter\Session\Handlers\FileHandler' driver.
INFO - 2024-01-05 02:20:43 --> Session: Class initialized using 'CodeIgniter\Session\Handlers\FileHandler' driver.
INFO - 2024-01-05 02:20:45 --> Session: Class initialized using 'CodeIgniter\Session\Handlers\FileHandler' driver.
INFO - 2024-01-05 03:13:13 --> Session: Class initialized using 'CodeIgniter\Session\Handlers\FileHandler' driver.
INFO - 2024-01-05 03:23:19 --> Session: Class initialized using 'CodeIgniter\Session\Handlers\FileHandler' driver.
INFO - 2024-01-05 03:24:26 --> Session: Class initialized using 'CodeIgniter\Session\Handlers\FileHandler' driver.
CRITICAL - 2024-01-05 03:24:26 --> Invalid argument supplied for foreach()
in APPPATH\Views\kolektibilitas\v_list.php on line 45.
 1 APPPATH\Views\kolektibilitas\v_list.php(45): CodeIgniter\Debug\Exceptions->errorHandler(2, 'Invalid argument supplied for foreach()', 'C:\\Users\\ROG\\Documents\\GitHub\\TJSL\\app\\Views\\kolektibilitas\\v_list.php', 45, [...])
 2 SYSTEMPATH\View\View.php(226): include('C:\\Users\\ROG\\Documents\\GitHub\\TJSL\\app\\Views\\kolektibilitas\\v_list.php')
 3 SYSTEMPATH\View\View.php(229): CodeIgniter\View\View->CodeIgniter\View\{closure}()
 4 SYSTEMPATH\Common.php(1178): CodeIgniter\View\View->render('kolektibilitas/v_list', [], true)
 5 APPPATH\Views\layout\v_content.php(4): view('kolektibilitas/v_list')
 6 SYSTEMPATH\View\View.php(226): include('C:\\Users\\ROG\\Documents\\GitHub\\TJSL\\app\\Views\\layout\\v_content.php')
 7 SYSTEMPATH\View\View.php(229): CodeIgniter\View\View->CodeIgniter\View\{closure}()
 8 SYSTEMPATH\Common.php(1178): CodeIgniter\View\View->render('layout/v_content.php', [], true)
 9 APPPATH\Views\layout\v_wrapper.php(5): view('layout/v_content.php')
10 SYSTEMPATH\View\View.php(226): include('C:\\Users\\ROG\\Documents\\GitHub\\TJSL\\app\\Views\\layout\\v_wrapper.php')
11 SYSTEMPATH\View\View.php(229): CodeIgniter\View\View->CodeIgniter\View\{closure}()
12 SYSTEMPATH\Common.php(1178): CodeIgniter\View\View->render('layout/v_wrapper', [], true)
13 APPPATH\Controllers\Kolektibilitas.php(27): view('layout/v_wrapper', [...])
14 SYSTEMPATH\CodeIgniter.php(915): App\Controllers\Kolektibilitas->index()
15 SYSTEMPATH\CodeIgniter.php(492): CodeIgniter\CodeIgniter->runController(Object(App\Controllers\Kolektibilitas))
16 SYSTEMPATH\CodeIgniter.php(353): CodeIgniter\CodeIgniter->handleRequest(null, Object(Config\Cache), false)
17 FCPATH\index.php(79): CodeIgniter\CodeIgniter->run()
18 SYSTEMPATH\Commands\Server\rewrite.php(47): require_once('C:\\Users\\ROG\\Documents\\GitHub\\TJSL\\public\\index.php')
INFO - 2024-01-05 03:25:10 --> Session: Class initialized using 'CodeIgniter\Session\Handlers\FileHandler' driver.
INFO - 2024-01-05 03:38:45 --> Session: Class initialized using 'CodeIgniter\Session\Handlers\FileHandler' driver.
INFO - 2024-01-05 03:39:00 --> Session: Class initialized using 'CodeIgniter\Session\Handlers\FileHandler' driver.
CRITICAL - 2024-01-05 04:14:50 --> Call to a member function diff() on string
in APPPATH\Controllers\Kolektibilitas.php on line 124.
 1 APPPATH\Controllers\Kolektibilitas.php(25): App\Controllers\Kolektibilitas->hitung_kolektibilitas(4500)
 2 SYSTEMPATH\CodeIgniter.php(915): App\Controllers\Kolektibilitas->index()
 3 SYSTEMPATH\CodeIgniter.php(492): CodeIgniter\CodeIgniter->runController(Object(App\Controllers\Kolektibilitas))
 4 SYSTEMPATH\CodeIgniter.php(353): CodeIgniter\CodeIgniter->handleRequest(null, Object(Config\Cache), false)
 5 FCPATH\index.php(79): CodeIgniter\CodeIgniter->run()
 6 SYSTEMPATH\Commands\Server\rewrite.php(47): require_once('C:\\Users\\ROG\\Documents\\GitHub\\TJSL\\public\\index.php')
CRITICAL - 2024-01-05 04:46:39 --> Call to undefined function App\Controllers\dateDiffInDays()
in APPPATH\Controllers\Kolektibilitas.php on line 124.
 1 APPPATH\Controllers\Kolektibilitas.php(25): App\Controllers\Kolektibilitas->hitung_kolektibilitas(4500)
 2 SYSTEMPATH\CodeIgniter.php(915): App\Controllers\Kolektibilitas->index()
 3 SYSTEMPATH\CodeIgniter.php(492): CodeIgniter\CodeIgniter->runController(Object(App\Controllers\Kolektibilitas))
 4 SYSTEMPATH\CodeIgniter.php(353): CodeIgniter\CodeIgniter->handleRequest(null, Object(Config\Cache), false)
 5 FCPATH\index.php(79): CodeIgniter\CodeIgniter->run()
 6 SYSTEMPATH\Commands\Server\rewrite.php(47): require_once('C:\\Users\\ROG\\Documents\\GitHub\\TJSL\\public\\index.php')
CRITICAL - 2024-01-05 04:46:40 --> Call to undefined function App\Controllers\dateDiffInDays()
in APPPATH\Controllers\Kolektibilitas.php on line 124.
 1 APPPATH\Controllers\Kolektibilitas.php(25): App\Controllers\Kolektibilitas->hitung_kolektibilitas(4500)
 2 SYSTEMPATH\CodeIgniter.php(915): App\Controllers\Kolektibilitas->index()
 3 SYSTEMPATH\CodeIgniter.php(492): CodeIgniter\CodeIgniter->runController(Object(App\Controllers\Kolektibilitas))
 4 SYSTEMPATH\CodeIgniter.php(353): CodeIgniter\CodeIgniter->handleRequest(null, Object(Config\Cache), false)
 5 FCPATH\index.php(79): CodeIgniter\CodeIgniter->run()
 6 SYSTEMPATH\Commands\Server\rewrite.php(47): require_once('C:\\Users\\ROG\\Documents\\GitHub\\TJSL\\public\\index.php')
CRITICAL - 2024-01-05 04:46:41 --> Call to undefined function App\Controllers\dateDiffInDays()
in APPPATH\Controllers\Kolektibilitas.php on line 124.
 1 APPPATH\Controllers\Kolektibilitas.php(25): App\Controllers\Kolektibilitas->hitung_kolektibilitas(4500)
 2 SYSTEMPATH\CodeIgniter.php(915): App\Controllers\Kolektibilitas->index()
 3 SYSTEMPATH\CodeIgniter.php(492): CodeIgniter\CodeIgniter->runController(Object(App\Controllers\Kolektibilitas))
 4 SYSTEMPATH\CodeIgniter.php(353): CodeIgniter\CodeIgniter->handleRequest(null, Object(Config\Cache), false)
 5 FCPATH\index.php(79): CodeIgniter\CodeIgniter->run()
 6 SYSTEMPATH\Commands\Server\rewrite.php(47): require_once('C:\\Users\\ROG\\Documents\\GitHub\\TJSL\\public\\index.php')
CRITICAL - 2024-01-05 04:46:41 --> Call to undefined function App\Controllers\dateDiffInDays()
in APPPATH\Controllers\Kolektibilitas.php on line 124.
 1 APPPATH\Controllers\Kolektibilitas.php(25): App\Controllers\Kolektibilitas->hitung_kolektibilitas(4500)
 2 SYSTEMPATH\CodeIgniter.php(915): App\Controllers\Kolektibilitas->index()
 3 SYSTEMPATH\CodeIgniter.php(492): CodeIgniter\CodeIgniter->runController(Object(App\Controllers\Kolektibilitas))
 4 SYSTEMPATH\CodeIgniter.php(353): CodeIgniter\CodeIgniter->handleRequest(null, Object(Config\Cache), false)
 5 FCPATH\index.php(79): CodeIgniter\CodeIgniter->run()
 6 SYSTEMPATH\Commands\Server\rewrite.php(47): require_once('C:\\Users\\ROG\\Documents\\GitHub\\TJSL\\public\\index.php')
CRITICAL - 2024-01-05 04:46:41 --> Call to undefined function App\Controllers\dateDiffInDays()
in APPPATH\Controllers\Kolektibilitas.php on line 124.
 1 APPPATH\Controllers\Kolektibilitas.php(25): App\Controllers\Kolektibilitas->hitung_kolektibilitas(4500)
 2 SYSTEMPATH\CodeIgniter.php(915): App\Controllers\Kolektibilitas->index()
 3 SYSTEMPATH\CodeIgniter.php(492): CodeIgniter\CodeIgniter->runController(Object(App\Controllers\Kolektibilitas))
 4 SYSTEMPATH\CodeIgniter.php(353): CodeIgniter\CodeIgniter->handleRequest(null, Object(Config\Cache), false)
 5 FCPATH\index.php(79): CodeIgniter\CodeIgniter->run()
 6 SYSTEMPATH\Commands\Server\rewrite.php(47): require_once('C:\\Users\\ROG\\Documents\\GitHub\\TJSL\\public\\index.php')
CRITICAL - 2024-01-05 04:46:41 --> Call to undefined function App\Controllers\dateDiffInDays()
in APPPATH\Controllers\Kolektibilitas.php on line 124.
 1 APPPATH\Controllers\Kolektibilitas.php(25): App\Controllers\Kolektibilitas->hitung_kolektibilitas(4500)
 2 SYSTEMPATH\CodeIgniter.php(915): App\Controllers\Kolektibilitas->index()
 3 SYSTEMPATH\CodeIgniter.php(492): CodeIgniter\CodeIgniter->runController(Object(App\Controllers\Kolektibilitas))
 4 SYSTEMPATH\CodeIgniter.php(353): CodeIgniter\CodeIgniter->handleRequest(null, Object(Config\Cache), false)
 5 FCPATH\index.php(79): CodeIgniter\CodeIgniter->run()
 6 SYSTEMPATH\Commands\Server\rewrite.php(47): require_once('C:\\Users\\ROG\\Documents\\GitHub\\TJSL\\public\\index.php')
CRITICAL - 2024-01-05 04:46:42 --> Call to undefined function App\Controllers\dateDiffInDays()
in APPPATH\Controllers\Kolektibilitas.php on line 124.
 1 APPPATH\Controllers\Kolektibilitas.php(25): App\Controllers\Kolektibilitas->hitung_kolektibilitas(4500)
 2 SYSTEMPATH\CodeIgniter.php(915): App\Controllers\Kolektibilitas->index()
 3 SYSTEMPATH\CodeIgniter.php(492): CodeIgniter\CodeIgniter->runController(Object(App\Controllers\Kolektibilitas))
 4 SYSTEMPATH\CodeIgniter.php(353): CodeIgniter\CodeIgniter->handleRequest(null, Object(Config\Cache), false)
 5 FCPATH\index.php(79): CodeIgniter\CodeIgniter->run()
 6 SYSTEMPATH\Commands\Server\rewrite.php(47): require_once('C:\\Users\\ROG\\Documents\\GitHub\\TJSL\\public\\index.php')
CRITICAL - 2024-01-05 04:46:42 --> Call to undefined function App\Controllers\dateDiffInDays()
in APPPATH\Controllers\Kolektibilitas.php on line 124.
 1 APPPATH\Controllers\Kolektibilitas.php(25): App\Controllers\Kolektibilitas->hitung_kolektibilitas(4500)
 2 SYSTEMPATH\CodeIgniter.php(915): App\Controllers\Kolektibilitas->index()
 3 SYSTEMPATH\CodeIgniter.php(492): CodeIgniter\CodeIgniter->runController(Object(App\Controllers\Kolektibilitas))
 4 SYSTEMPATH\CodeIgniter.php(353): CodeIgniter\CodeIgniter->handleRequest(null, Object(Config\Cache), false)
 5 FCPATH\index.php(79): CodeIgniter\CodeIgniter->run()
 6 SYSTEMPATH\Commands\Server\rewrite.php(47): require_once('C:\\Users\\ROG\\Documents\\GitHub\\TJSL\\public\\index.php')
CRITICAL - 2024-01-05 04:47:57 --> date_diff() expects parameter 1 to be DateTimeInterface, string given
in APPPATH\Controllers\Kolektibilitas.php on line 124.
 1 [internal function]: CodeIgniter\Debug\Exceptions->errorHandler(2, 'date_diff() expects parameter 1 to be DateTimeInterface, string given', 'C:\\Users\\ROG\\Documents\\GitHub\\TJSL\\app\\Controllers\\Kolektibilitas.php', 124, [...])
 2 APPPATH\Controllers\Kolektibilitas.php(124): date_diff('2014-12-12', '2014-11-06')
 3 APPPATH\Controllers\Kolektibilitas.php(25): App\Controllers\Kolektibilitas->hitung_kolektibilitas(4500)
 4 SYSTEMPATH\CodeIgniter.php(915): App\Controllers\Kolektibilitas->index()
 5 SYSTEMPATH\CodeIgniter.php(492): CodeIgniter\CodeIgniter->runController(Object(App\Controllers\Kolektibilitas))
 6 SYSTEMPATH\CodeIgniter.php(353): CodeIgniter\CodeIgniter->handleRequest(null, Object(Config\Cache), false)
 7 FCPATH\index.php(79): CodeIgniter\CodeIgniter->run()
 8 SYSTEMPATH\Commands\Server\rewrite.php(47): require_once('C:\\Users\\ROG\\Documents\\GitHub\\TJSL\\public\\index.php')
CRITICAL - 2024-01-05 05:02:26 --> date_diff() expects parameter 1 to be DateTimeInterface, int given
in APPPATH\Controllers\Kolektibilitas.php on line 125.
 1 [internal function]: CodeIgniter\Debug\Exceptions->errorHandler(2, 'date_diff() expects parameter 1 to be DateTimeInterface, int given', 'C:\\Users\\ROG\\Documents\\GitHub\\TJSL\\app\\Controllers\\Kolektibilitas.php', 125, [...])
 2 APPPATH\Controllers\Kolektibilitas.php(125): date_diff(1418342400, 1415232000)
 3 APPPATH\Controllers\Kolektibilitas.php(25): App\Controllers\Kolektibilitas->hitung_kolektibilitas(4500)
 4 SYSTEMPATH\CodeIgniter.php(915): App\Controllers\Kolektibilitas->index()
 5 SYSTEMPATH\CodeIgniter.php(492): CodeIgniter\CodeIgniter->runController(Object(App\Controllers\Kolektibilitas))
 6 SYSTEMPATH\CodeIgniter.php(353): CodeIgniter\CodeIgniter->handleRequest(null, Object(Config\Cache), false)
 7 FCPATH\index.php(79): CodeIgniter\CodeIgniter->run()
 8 SYSTEMPATH\Commands\Server\rewrite.php(47): require_once('C:\\Users\\ROG\\Documents\\GitHub\\TJSL\\public\\index.php')
CRITICAL - 2024-01-05 05:07:50 --> date_diff() expects parameter 1 to be DateTimeInterface, string given
in APPPATH\Controllers\Kolektibilitas.php on line 126.
 1 [internal function]: CodeIgniter\Debug\Exceptions->errorHandler(2, 'date_diff() expects parameter 1 to be DateTimeInterface, string given', 'C:\\Users\\ROG\\Documents\\GitHub\\TJSL\\app\\Controllers\\Kolektibilitas.php', 126, [...])
 2 APPPATH\Controllers\Kolektibilitas.php(126): date_diff('2014-12-12', '2014-11-06')
 3 APPPATH\Controllers\Kolektibilitas.php(25): App\Controllers\Kolektibilitas->hitung_kolektibilitas(4500)
 4 SYSTEMPATH\CodeIgniter.php(915): App\Controllers\Kolektibilitas->index()
 5 SYSTEMPATH\CodeIgniter.php(492): CodeIgniter\CodeIgniter->runController(Object(App\Controllers\Kolektibilitas))
 6 SYSTEMPATH\CodeIgniter.php(353): CodeIgniter\CodeIgniter->handleRequest(null, Object(Config\Cache), false)
 7 FCPATH\index.php(79): CodeIgniter\CodeIgniter->run()
 8 SYSTEMPATH\Commands\Server\rewrite.php(47): require_once('C:\\Users\\ROG\\Documents\\GitHub\\TJSL\\public\\index.php')
CRITICAL - 2024-01-05 05:07:52 --> date_diff() expects parameter 1 to be DateTimeInterface, string given
in APPPATH\Controllers\Kolektibilitas.php on line 126.
 1 [internal function]: CodeIgniter\Debug\Exceptions->errorHandler(2, 'date_diff() expects parameter 1 to be DateTimeInterface, string given', 'C:\\Users\\ROG\\Documents\\GitHub\\TJSL\\app\\Controllers\\Kolektibilitas.php', 126, [...])
 2 APPPATH\Controllers\Kolektibilitas.php(126): date_diff('2014-12-12', '2014-11-06')
 3 APPPATH\Controllers\Kolektibilitas.php(25): App\Controllers\Kolektibilitas->hitung_kolektibilitas(4500)
 4 SYSTEMPATH\CodeIgniter.php(915): App\Controllers\Kolektibilitas->index()
 5 SYSTEMPATH\CodeIgniter.php(492): CodeIgniter\CodeIgniter->runController(Object(App\Controllers\Kolektibilitas))
 6 SYSTEMPATH\CodeIgniter.php(353): CodeIgniter\CodeIgniter->handleRequest(null, Object(Config\Cache), false)
 7 FCPATH\index.php(79): CodeIgniter\CodeIgniter->run()
 8 SYSTEMPATH\Commands\Server\rewrite.php(47): require_once('C:\\Users\\ROG\\Documents\\GitHub\\TJSL\\public\\index.php')
CRITICAL - 2024-01-05 05:07:52 --> date_diff() expects parameter 1 to be DateTimeInterface, string given
in APPPATH\Controllers\Kolektibilitas.php on line 126.
 1 [internal function]: CodeIgniter\Debug\Exceptions->errorHandler(2, 'date_diff() expects parameter 1 to be DateTimeInterface, string given', 'C:\\Users\\ROG\\Documents\\GitHub\\TJSL\\app\\Controllers\\Kolektibilitas.php', 126, [...])
 2 APPPATH\Controllers\Kolektibilitas.php(126): date_diff('2014-12-12', '2014-11-06')
 3 APPPATH\Controllers\Kolektibilitas.php(25): App\Controllers\Kolektibilitas->hitung_kolektibilitas(4500)
 4 SYSTEMPATH\CodeIgniter.php(915): App\Controllers\Kolektibilitas->index()
 5 SYSTEMPATH\CodeIgniter.php(492): CodeIgniter\CodeIgniter->runController(Object(App\Controllers\Kolektibilitas))
 6 SYSTEMPATH\CodeIgniter.php(353): CodeIgniter\CodeIgniter->handleRequest(null, Object(Config\Cache), false)
 7 FCPATH\index.php(79): CodeIgniter\CodeIgniter->run()
 8 SYSTEMPATH\Commands\Server\rewrite.php(47): require_once('C:\\Users\\ROG\\Documents\\GitHub\\TJSL\\public\\index.php')
CRITICAL - 2024-01-05 05:07:53 --> date_diff() expects parameter 1 to be DateTimeInterface, string given
in APPPATH\Controllers\Kolektibilitas.php on line 126.
 1 [internal function]: CodeIgniter\Debug\Exceptions->errorHandler(2, 'date_diff() expects parameter 1 to be DateTimeInterface, string given', 'C:\\Users\\ROG\\Documents\\GitHub\\TJSL\\app\\Controllers\\Kolektibilitas.php', 126, [...])
 2 APPPATH\Controllers\Kolektibilitas.php(126): date_diff('2014-12-12', '2014-11-06')
 3 APPPATH\Controllers\Kolektibilitas.php(25): App\Controllers\Kolektibilitas->hitung_kolektibilitas(4500)
 4 SYSTEMPATH\CodeIgniter.php(915): App\Controllers\Kolektibilitas->index()
 5 SYSTEMPATH\CodeIgniter.php(492): CodeIgniter\CodeIgniter->runController(Object(App\Controllers\Kolektibilitas))
 6 SYSTEMPATH\CodeIgniter.php(353): CodeIgniter\CodeIgniter->handleRequest(null, Object(Config\Cache), false)
 7 FCPATH\index.php(79): CodeIgniter\CodeIgniter->run()
 8 SYSTEMPATH\Commands\Server\rewrite.php(47): require_once('C:\\Users\\ROG\\Documents\\GitHub\\TJSL\\public\\index.php')
CRITICAL - 2024-01-05 05:07:53 --> date_diff() expects parameter 1 to be DateTimeInterface, string given
in APPPATH\Controllers\Kolektibilitas.php on line 126.
 1 [internal function]: CodeIgniter\Debug\Exceptions->errorHandler(2, 'date_diff() expects parameter 1 to be DateTimeInterface, string given', 'C:\\Users\\ROG\\Documents\\GitHub\\TJSL\\app\\Controllers\\Kolektibilitas.php', 126, [...])
 2 APPPATH\Controllers\Kolektibilitas.php(126): date_diff('2014-12-12', '2014-11-06')
 3 APPPATH\Controllers\Kolektibilitas.php(25): App\Controllers\Kolektibilitas->hitung_kolektibilitas(4500)
 4 SYSTEMPATH\CodeIgniter.php(915): App\Controllers\Kolektibilitas->index()
 5 SYSTEMPATH\CodeIgniter.php(492): CodeIgniter\CodeIgniter->runController(Object(App\Controllers\Kolektibilitas))
 6 SYSTEMPATH\CodeIgniter.php(353): CodeIgniter\CodeIgniter->handleRequest(null, Object(Config\Cache), false)
 7 FCPATH\index.php(79): CodeIgniter\CodeIgniter->run()
 8 SYSTEMPATH\Commands\Server\rewrite.php(47): require_once('C:\\Users\\ROG\\Documents\\GitHub\\TJSL\\public\\index.php')
CRITICAL - 2024-01-05 05:07:53 --> date_diff() expects parameter 1 to be DateTimeInterface, string given
in APPPATH\Controllers\Kolektibilitas.php on line 126.
 1 [internal function]: CodeIgniter\Debug\Exceptions->errorHandler(2, 'date_diff() expects parameter 1 to be DateTimeInterface, string given', 'C:\\Users\\ROG\\Documents\\GitHub\\TJSL\\app\\Controllers\\Kolektibilitas.php', 126, [...])
 2 APPPATH\Controllers\Kolektibilitas.php(126): date_diff('2014-12-12', '2014-11-06')
 3 APPPATH\Controllers\Kolektibilitas.php(25): App\Controllers\Kolektibilitas->hitung_kolektibilitas(4500)
 4 SYSTEMPATH\CodeIgniter.php(915): App\Controllers\Kolektibilitas->index()
 5 SYSTEMPATH\CodeIgniter.php(492): CodeIgniter\CodeIgniter->runController(Object(App\Controllers\Kolektibilitas))
 6 SYSTEMPATH\CodeIgniter.php(353): CodeIgniter\CodeIgniter->handleRequest(null, Object(Config\Cache), false)
 7 FCPATH\index.php(79): CodeIgniter\CodeIgniter->run()
 8 SYSTEMPATH\Commands\Server\rewrite.php(47): require_once('C:\\Users\\ROG\\Documents\\GitHub\\TJSL\\public\\index.php')
CRITICAL - 2024-01-05 05:07:53 --> date_diff() expects parameter 1 to be DateTimeInterface, string given
in APPPATH\Controllers\Kolektibilitas.php on line 126.
 1 [internal function]: CodeIgniter\Debug\Exceptions->errorHandler(2, 'date_diff() expects parameter 1 to be DateTimeInterface, string given', 'C:\\Users\\ROG\\Documents\\GitHub\\TJSL\\app\\Controllers\\Kolektibilitas.php', 126, [...])
 2 APPPATH\Controllers\Kolektibilitas.php(126): date_diff('2014-12-12', '2014-11-06')
 3 APPPATH\Controllers\Kolektibilitas.php(25): App\Controllers\Kolektibilitas->hitung_kolektibilitas(4500)
 4 SYSTEMPATH\CodeIgniter.php(915): App\Controllers\Kolektibilitas->index()
 5 SYSTEMPATH\CodeIgniter.php(492): CodeIgniter\CodeIgniter->runController(Object(App\Controllers\Kolektibilitas))
 6 SYSTEMPATH\CodeIgniter.php(353): CodeIgniter\CodeIgniter->handleRequest(null, Object(Config\Cache), false)
 7 FCPATH\index.php(79): CodeIgniter\CodeIgniter->run()
 8 SYSTEMPATH\Commands\Server\rewrite.php(47): require_once('C:\\Users\\ROG\\Documents\\GitHub\\TJSL\\public\\index.php')
CRITICAL - 2024-01-05 05:07:54 --> date_diff() expects parameter 1 to be DateTimeInterface, string given
in APPPATH\Controllers\Kolektibilitas.php on line 126.
 1 [internal function]: CodeIgniter\Debug\Exceptions->errorHandler(2, 'date_diff() expects parameter 1 to be DateTimeInterface, string given', 'C:\\Users\\ROG\\Documents\\GitHub\\TJSL\\app\\Controllers\\Kolektibilitas.php', 126, [...])
 2 APPPATH\Controllers\Kolektibilitas.php(126): date_diff('2014-12-12', '2014-11-06')
 3 APPPATH\Controllers\Kolektibilitas.php(25): App\Controllers\Kolektibilitas->hitung_kolektibilitas(4500)
 4 SYSTEMPATH\CodeIgniter.php(915): App\Controllers\Kolektibilitas->index()
 5 SYSTEMPATH\CodeIgniter.php(492): CodeIgniter\CodeIgniter->runController(Object(App\Controllers\Kolektibilitas))
 6 SYSTEMPATH\CodeIgniter.php(353): CodeIgniter\CodeIgniter->handleRequest(null, Object(Config\Cache), false)
 7 FCPATH\index.php(79): CodeIgniter\CodeIgniter->run()
 8 SYSTEMPATH\Commands\Server\rewrite.php(47): require_once('C:\\Users\\ROG\\Documents\\GitHub\\TJSL\\public\\index.php')
CRITICAL - 2024-01-05 05:08:38 --> A non well formed numeric value encountered
in APPPATH\Controllers\Kolektibilitas.php on line 115.
 1 [internal function]: CodeIgniter\Debug\Exceptions->errorHandler(8, 'A non well formed numeric value encountered', 'C:\\Users\\ROG\\Documents\\GitHub\\TJSL\\app\\Controllers\\Kolektibilitas.php', 115, [...])
 2 APPPATH\Controllers\Kolektibilitas.php(115): date('Y-m-d', '2014-11-06')
 3 APPPATH\Controllers\Kolektibilitas.php(25): App\Controllers\Kolektibilitas->hitung_kolektibilitas(4500)
 4 SYSTEMPATH\CodeIgniter.php(915): App\Controllers\Kolektibilitas->index()
 5 SYSTEMPATH\CodeIgniter.php(492): CodeIgniter\CodeIgniter->runController(Object(App\Controllers\Kolektibilitas))
 6 SYSTEMPATH\CodeIgniter.php(353): CodeIgniter\CodeIgniter->handleRequest(null, Object(Config\Cache), false)
 7 FCPATH\index.php(79): CodeIgniter\CodeIgniter->run()
 8 SYSTEMPATH\Commands\Server\rewrite.php(47): require_once('C:\\Users\\ROG\\Documents\\GitHub\\TJSL\\public\\index.php')
CRITICAL - 2024-01-05 05:09:51 --> A non well formed numeric value encountered
in APPPATH\Controllers\Kolektibilitas.php on line 120.
 1 [internal function]: CodeIgniter\Debug\Exceptions->errorHandler(8, 'A non well formed numeric value encountered', 'C:\\Users\\ROG\\Documents\\GitHub\\TJSL\\app\\Controllers\\Kolektibilitas.php', 120, [...])
 2 APPPATH\Controllers\Kolektibilitas.php(120): date('Y-m-d', '2014-11-06')
 3 APPPATH\Controllers\Kolektibilitas.php(25): App\Controllers\Kolektibilitas->hitung_kolektibilitas(4500)
 4 SYSTEMPATH\CodeIgniter.php(915): App\Controllers\Kolektibilitas->index()
 5 SYSTEMPATH\CodeIgniter.php(492): CodeIgniter\CodeIgniter->runController(Object(App\Controllers\Kolektibilitas))
 6 SYSTEMPATH\CodeIgniter.php(353): CodeIgniter\CodeIgniter->handleRequest(null, Object(Config\Cache), false)
 7 FCPATH\index.php(79): CodeIgniter\CodeIgniter->run()
 8 SYSTEMPATH\Commands\Server\rewrite.php(47): require_once('C:\\Users\\ROG\\Documents\\GitHub\\TJSL\\public\\index.php')
CRITICAL - 2024-01-05 05:27:03 --> date_diff() expects parameter 1 to be DateTimeInterface, string given
in APPPATH\Controllers\Kolektibilitas.php on line 124.
 1 [internal function]: CodeIgniter\Debug\Exceptions->errorHandler(2, 'date_diff() expects parameter 1 to be DateTimeInterface, string given', 'C:\\Users\\ROG\\Documents\\GitHub\\TJSL\\app\\Controllers\\Kolektibilitas.php', 124, [...])
 2 APPPATH\Controllers\Kolektibilitas.php(124): date_diff('2014-12-12', '2014-11-06')
 3 APPPATH\Controllers\Kolektibilitas.php(25): App\Controllers\Kolektibilitas->hitung_kolektibilitas(4500)
 4 SYSTEMPATH\CodeIgniter.php(915): App\Controllers\Kolektibilitas->index()
 5 SYSTEMPATH\CodeIgniter.php(492): CodeIgniter\CodeIgniter->runController(Object(App\Controllers\Kolektibilitas))
 6 SYSTEMPATH\CodeIgniter.php(353): CodeIgniter\CodeIgniter->handleRequest(null, Object(Config\Cache), false)
 7 FCPATH\index.php(79): CodeIgniter\CodeIgniter->run()
 8 SYSTEMPATH\Commands\Server\rewrite.php(47): require_once('C:\\Users\\ROG\\Documents\\GitHub\\TJSL\\public\\index.php')
CRITICAL - 2024-01-05 05:29:17 --> date_diff() expects parameter 1 to be DateTimeInterface, string given
in APPPATH\Controllers\Kolektibilitas.php on line 124.
 1 [internal function]: CodeIgniter\Debug\Exceptions->errorHandler(2, 'date_diff() expects parameter 1 to be DateTimeInterface, string given', 'C:\\Users\\ROG\\Documents\\GitHub\\TJSL\\app\\Controllers\\Kolektibilitas.php', 124, [...])
 2 APPPATH\Controllers\Kolektibilitas.php(124): date_diff('2014-12-12', '2014-11-06')
 3 APPPATH\Controllers\Kolektibilitas.php(25): App\Controllers\Kolektibilitas->hitung_kolektibilitas(4500)
 4 SYSTEMPATH\CodeIgniter.php(915): App\Controllers\Kolektibilitas->index()
 5 SYSTEMPATH\CodeIgniter.php(492): CodeIgniter\CodeIgniter->runController(Object(App\Controllers\Kolektibilitas))
 6 SYSTEMPATH\CodeIgniter.php(353): CodeIgniter\CodeIgniter->handleRequest(null, Object(Config\Cache), false)
 7 FCPATH\index.php(79): CodeIgniter\CodeIgniter->run()
 8 SYSTEMPATH\Commands\Server\rewrite.php(47): require_once('C:\\Users\\ROG\\Documents\\GitHub\\TJSL\\public\\index.php')
CRITICAL - 2024-01-05 05:29:18 --> date_diff() expects parameter 1 to be DateTimeInterface, string given
in APPPATH\Controllers\Kolektibilitas.php on line 124.
 1 [internal function]: CodeIgniter\Debug\Exceptions->errorHandler(2, 'date_diff() expects parameter 1 to be DateTimeInterface, string given', 'C:\\Users\\ROG\\Documents\\GitHub\\TJSL\\app\\Controllers\\Kolektibilitas.php', 124, [...])
 2 APPPATH\Controllers\Kolektibilitas.php(124): date_diff('2014-12-12', '2014-11-06')
 3 APPPATH\Controllers\Kolektibilitas.php(25): App\Controllers\Kolektibilitas->hitung_kolektibilitas(4500)
 4 SYSTEMPATH\CodeIgniter.php(915): App\Controllers\Kolektibilitas->index()
 5 SYSTEMPATH\CodeIgniter.php(492): CodeIgniter\CodeIgniter->runController(Object(App\Controllers\Kolektibilitas))
 6 SYSTEMPATH\CodeIgniter.php(353): CodeIgniter\CodeIgniter->handleRequest(null, Object(Config\Cache), false)
 7 FCPATH\index.php(79): CodeIgniter\CodeIgniter->run()
 8 SYSTEMPATH\Commands\Server\rewrite.php(47): require_once('C:\\Users\\ROG\\Documents\\GitHub\\TJSL\\public\\index.php')
CRITICAL - 2024-01-05 05:29:19 --> date_diff() expects parameter 1 to be DateTimeInterface, string given
in APPPATH\Controllers\Kolektibilitas.php on line 124.
 1 [internal function]: CodeIgniter\Debug\Exceptions->errorHandler(2, 'date_diff() expects parameter 1 to be DateTimeInterface, string given', 'C:\\Users\\ROG\\Documents\\GitHub\\TJSL\\app\\Controllers\\Kolektibilitas.php', 124, [...])
 2 APPPATH\Controllers\Kolektibilitas.php(124): date_diff('2014-12-12', '2014-11-06')
 3 APPPATH\Controllers\Kolektibilitas.php(25): App\Controllers\Kolektibilitas->hitung_kolektibilitas(4500)
 4 SYSTEMPATH\CodeIgniter.php(915): App\Controllers\Kolektibilitas->index()
 5 SYSTEMPATH\CodeIgniter.php(492): CodeIgniter\CodeIgniter->runController(Object(App\Controllers\Kolektibilitas))
 6 SYSTEMPATH\CodeIgniter.php(353): CodeIgniter\CodeIgniter->handleRequest(null, Object(Config\Cache), false)
 7 FCPATH\index.php(79): CodeIgniter\CodeIgniter->run()
 8 SYSTEMPATH\Commands\Server\rewrite.php(47): require_once('C:\\Users\\ROG\\Documents\\GitHub\\TJSL\\public\\index.php')
CRITICAL - 2024-01-05 05:29:19 --> date_diff() expects parameter 1 to be DateTimeInterface, string given
in APPPATH\Controllers\Kolektibilitas.php on line 124.
 1 [internal function]: CodeIgniter\Debug\Exceptions->errorHandler(2, 'date_diff() expects parameter 1 to be DateTimeInterface, string given', 'C:\\Users\\ROG\\Documents\\GitHub\\TJSL\\app\\Controllers\\Kolektibilitas.php', 124, [...])
 2 APPPATH\Controllers\Kolektibilitas.php(124): date_diff('2014-12-12', '2014-11-06')
 3 APPPATH\Controllers\Kolektibilitas.php(25): App\Controllers\Kolektibilitas->hitung_kolektibilitas(4500)
 4 SYSTEMPATH\CodeIgniter.php(915): App\Controllers\Kolektibilitas->index()
 5 SYSTEMPATH\CodeIgniter.php(492): CodeIgniter\CodeIgniter->runController(Object(App\Controllers\Kolektibilitas))
 6 SYSTEMPATH\CodeIgniter.php(353): CodeIgniter\CodeIgniter->handleRequest(null, Object(Config\Cache), false)
 7 FCPATH\index.php(79): CodeIgniter\CodeIgniter->run()
 8 SYSTEMPATH\Commands\Server\rewrite.php(47): require_once('C:\\Users\\ROG\\Documents\\GitHub\\TJSL\\public\\index.php')
CRITICAL - 2024-01-05 05:29:20 --> date_diff() expects parameter 1 to be DateTimeInterface, string given
in APPPATH\Controllers\Kolektibilitas.php on line 124.
 1 [internal function]: CodeIgniter\Debug\Exceptions->errorHandler(2, 'date_diff() expects parameter 1 to be DateTimeInterface, string given', 'C:\\Users\\ROG\\Documents\\GitHub\\TJSL\\app\\Controllers\\Kolektibilitas.php', 124, [...])
 2 APPPATH\Controllers\Kolektibilitas.php(124): date_diff('2014-12-12', '2014-11-06')
 3 APPPATH\Controllers\Kolektibilitas.php(25): App\Controllers\Kolektibilitas->hitung_kolektibilitas(4500)
 4 SYSTEMPATH\CodeIgniter.php(915): App\Controllers\Kolektibilitas->index()
 5 SYSTEMPATH\CodeIgniter.php(492): CodeIgniter\CodeIgniter->runController(Object(App\Controllers\Kolektibilitas))
 6 SYSTEMPATH\CodeIgniter.php(353): CodeIgniter\CodeIgniter->handleRequest(null, Object(Config\Cache), false)
 7 FCPATH\index.php(79): CodeIgniter\CodeIgniter->run()
 8 SYSTEMPATH\Commands\Server\rewrite.php(47): require_once('C:\\Users\\ROG\\Documents\\GitHub\\TJSL\\public\\index.php')
CRITICAL - 2024-01-05 05:29:20 --> date_diff() expects parameter 1 to be DateTimeInterface, string given
in APPPATH\Controllers\Kolektibilitas.php on line 124.
 1 [internal function]: CodeIgniter\Debug\Exceptions->errorHandler(2, 'date_diff() expects parameter 1 to be DateTimeInterface, string given', 'C:\\Users\\ROG\\Documents\\GitHub\\TJSL\\app\\Controllers\\Kolektibilitas.php', 124, [...])
 2 APPPATH\Controllers\Kolektibilitas.php(124): date_diff('2014-12-12', '2014-11-06')
 3 APPPATH\Controllers\Kolektibilitas.php(25): App\Controllers\Kolektibilitas->hitung_kolektibilitas(4500)
 4 SYSTEMPATH\CodeIgniter.php(915): App\Controllers\Kolektibilitas->index()
 5 SYSTEMPATH\CodeIgniter.php(492): CodeIgniter\CodeIgniter->runController(Object(App\Controllers\Kolektibilitas))
 6 SYSTEMPATH\CodeIgniter.php(353): CodeIgniter\CodeIgniter->handleRequest(null, Object(Config\Cache), false)
 7 FCPATH\index.php(79): CodeIgniter\CodeIgniter->run()
 8 SYSTEMPATH\Commands\Server\rewrite.php(47): require_once('C:\\Users\\ROG\\Documents\\GitHub\\TJSL\\public\\index.php')
CRITICAL - 2024-01-05 05:29:20 --> date_diff() expects parameter 1 to be DateTimeInterface, string given
in APPPATH\Controllers\Kolektibilitas.php on line 124.
 1 [internal function]: CodeIgniter\Debug\Exceptions->errorHandler(2, 'date_diff() expects parameter 1 to be DateTimeInterface, string given', 'C:\\Users\\ROG\\Documents\\GitHub\\TJSL\\app\\Controllers\\Kolektibilitas.php', 124, [...])
 2 APPPATH\Controllers\Kolektibilitas.php(124): date_diff('2014-12-12', '2014-11-06')
 3 APPPATH\Controllers\Kolektibilitas.php(25): App\Controllers\Kolektibilitas->hitung_kolektibilitas(4500)
 4 SYSTEMPATH\CodeIgniter.php(915): App\Controllers\Kolektibilitas->index()
 5 SYSTEMPATH\CodeIgniter.php(492): CodeIgniter\CodeIgniter->runController(Object(App\Controllers\Kolektibilitas))
 6 SYSTEMPATH\CodeIgniter.php(353): CodeIgniter\CodeIgniter->handleRequest(null, Object(Config\Cache), false)
 7 FCPATH\index.php(79): CodeIgniter\CodeIgniter->run()
 8 SYSTEMPATH\Commands\Server\rewrite.php(47): require_once('C:\\Users\\ROG\\Documents\\GitHub\\TJSL\\public\\index.php')
CRITICAL - 2024-01-05 05:29:20 --> date_diff() expects parameter 1 to be DateTimeInterface, string given
in APPPATH\Controllers\Kolektibilitas.php on line 124.
 1 [internal function]: CodeIgniter\Debug\Exceptions->errorHandler(2, 'date_diff() expects parameter 1 to be DateTimeInterface, string given', 'C:\\Users\\ROG\\Documents\\GitHub\\TJSL\\app\\Controllers\\Kolektibilitas.php', 124, [...])
 2 APPPATH\Controllers\Kolektibilitas.php(124): date_diff('2014-12-12', '2014-11-06')
 3 APPPATH\Controllers\Kolektibilitas.php(25): App\Controllers\Kolektibilitas->hitung_kolektibilitas(4500)
 4 SYSTEMPATH\CodeIgniter.php(915): App\Controllers\Kolektibilitas->index()
 5 SYSTEMPATH\CodeIgniter.php(492): CodeIgniter\CodeIgniter->runController(Object(App\Controllers\Kolektibilitas))
 6 SYSTEMPATH\CodeIgniter.php(353): CodeIgniter\CodeIgniter->handleRequest(null, Object(Config\Cache), false)
 7 FCPATH\index.php(79): CodeIgniter\CodeIgniter->run()
 8 SYSTEMPATH\Commands\Server\rewrite.php(47): require_once('C:\\Users\\ROG\\Documents\\GitHub\\TJSL\\public\\index.php')
CRITICAL - 2024-01-05 05:29:21 --> date_diff() expects parameter 1 to be DateTimeInterface, string given
in APPPATH\Controllers\Kolektibilitas.php on line 124.
 1 [internal function]: CodeIgniter\Debug\Exceptions->errorHandler(2, 'date_diff() expects parameter 1 to be DateTimeInterface, string given', 'C:\\Users\\ROG\\Documents\\GitHub\\TJSL\\app\\Controllers\\Kolektibilitas.php', 124, [...])
 2 APPPATH\Controllers\Kolektibilitas.php(124): date_diff('2014-12-12', '2014-11-06')
 3 APPPATH\Controllers\Kolektibilitas.php(25): App\Controllers\Kolektibilitas->hitung_kolektibilitas(4500)
 4 SYSTEMPATH\CodeIgniter.php(915): App\Controllers\Kolektibilitas->index()
 5 SYSTEMPATH\CodeIgniter.php(492): CodeIgniter\CodeIgniter->runController(Object(App\Controllers\Kolektibilitas))
 6 SYSTEMPATH\CodeIgniter.php(353): CodeIgniter\CodeIgniter->handleRequest(null, Object(Config\Cache), false)
 7 FCPATH\index.php(79): CodeIgniter\CodeIgniter->run()
 8 SYSTEMPATH\Commands\Server\rewrite.php(47): require_once('C:\\Users\\ROG\\Documents\\GitHub\\TJSL\\public\\index.php')
CRITICAL - 2024-01-05 05:29:50 --> date_diff() expects parameter 1 to be DateTimeInterface, int given
in APPPATH\Controllers\Kolektibilitas.php on line 124.
 1 [internal function]: CodeIgniter\Debug\Exceptions->errorHandler(2, 'date_diff() expects parameter 1 to be DateTimeInterface, int given', 'C:\\Users\\ROG\\Documents\\GitHub\\TJSL\\app\\Controllers\\Kolektibilitas.php', 124, [...])
 2 APPPATH\Controllers\Kolektibilitas.php(124): date_diff(1418342400, '2014-11-06')
 3 APPPATH\Controllers\Kolektibilitas.php(25): App\Controllers\Kolektibilitas->hitung_kolektibilitas(4500)
 4 SYSTEMPATH\CodeIgniter.php(915): App\Controllers\Kolektibilitas->index()
 5 SYSTEMPATH\CodeIgniter.php(492): CodeIgniter\CodeIgniter->runController(Object(App\Controllers\Kolektibilitas))
 6 SYSTEMPATH\CodeIgniter.php(353): CodeIgniter\CodeIgniter->handleRequest(null, Object(Config\Cache), false)
 7 FCPATH\index.php(79): CodeIgniter\CodeIgniter->run()
 8 SYSTEMPATH\Commands\Server\rewrite.php(47): require_once('C:\\Users\\ROG\\Documents\\GitHub\\TJSL\\public\\index.php')
CRITICAL - 2024-01-05 05:29:51 --> date_diff() expects parameter 1 to be DateTimeInterface, int given
in APPPATH\Controllers\Kolektibilitas.php on line 124.
 1 [internal function]: CodeIgniter\Debug\Exceptions->errorHandler(2, 'date_diff() expects parameter 1 to be DateTimeInterface, int given', 'C:\\Users\\ROG\\Documents\\GitHub\\TJSL\\app\\Controllers\\Kolektibilitas.php', 124, [...])
 2 APPPATH\Controllers\Kolektibilitas.php(124): date_diff(1418342400, '2014-11-06')
 3 APPPATH\Controllers\Kolektibilitas.php(25): App\Controllers\Kolektibilitas->hitung_kolektibilitas(4500)
 4 SYSTEMPATH\CodeIgniter.php(915): App\Controllers\Kolektibilitas->index()
 5 SYSTEMPATH\CodeIgniter.php(492): CodeIgniter\CodeIgniter->runController(Object(App\Controllers\Kolektibilitas))
 6 SYSTEMPATH\CodeIgniter.php(353): CodeIgniter\CodeIgniter->handleRequest(null, Object(Config\Cache), false)
 7 FCPATH\index.php(79): CodeIgniter\CodeIgniter->run()
 8 SYSTEMPATH\Commands\Server\rewrite.php(47): require_once('C:\\Users\\ROG\\Documents\\GitHub\\TJSL\\public\\index.php')
CRITICAL - 2024-01-05 05:29:51 --> date_diff() expects parameter 1 to be DateTimeInterface, int given
in APPPATH\Controllers\Kolektibilitas.php on line 124.
 1 [internal function]: CodeIgniter\Debug\Exceptions->errorHandler(2, 'date_diff() expects parameter 1 to be DateTimeInterface, int given', 'C:\\Users\\ROG\\Documents\\GitHub\\TJSL\\app\\Controllers\\Kolektibilitas.php', 124, [...])
 2 APPPATH\Controllers\Kolektibilitas.php(124): date_diff(1418342400, '2014-11-06')
 3 APPPATH\Controllers\Kolektibilitas.php(25): App\Controllers\Kolektibilitas->hitung_kolektibilitas(4500)
 4 SYSTEMPATH\CodeIgniter.php(915): App\Controllers\Kolektibilitas->index()
 5 SYSTEMPATH\CodeIgniter.php(492): CodeIgniter\CodeIgniter->runController(Object(App\Controllers\Kolektibilitas))
 6 SYSTEMPATH\CodeIgniter.php(353): CodeIgniter\CodeIgniter->handleRequest(null, Object(Config\Cache), false)
 7 FCPATH\index.php(79): CodeIgniter\CodeIgniter->run()
 8 SYSTEMPATH\Commands\Server\rewrite.php(47): require_once('C:\\Users\\ROG\\Documents\\GitHub\\TJSL\\public\\index.php')
CRITICAL - 2024-01-05 05:29:52 --> date_diff() expects parameter 1 to be DateTimeInterface, int given
in APPPATH\Controllers\Kolektibilitas.php on line 124.
 1 [internal function]: CodeIgniter\Debug\Exceptions->errorHandler(2, 'date_diff() expects parameter 1 to be DateTimeInterface, int given', 'C:\\Users\\ROG\\Documents\\GitHub\\TJSL\\app\\Controllers\\Kolektibilitas.php', 124, [...])
 2 APPPATH\Controllers\Kolektibilitas.php(124): date_diff(1418342400, '2014-11-06')
 3 APPPATH\Controllers\Kolektibilitas.php(25): App\Controllers\Kolektibilitas->hitung_kolektibilitas(4500)
 4 SYSTEMPATH\CodeIgniter.php(915): App\Controllers\Kolektibilitas->index()
 5 SYSTEMPATH\CodeIgniter.php(492): CodeIgniter\CodeIgniter->runController(Object(App\Controllers\Kolektibilitas))
 6 SYSTEMPATH\CodeIgniter.php(353): CodeIgniter\CodeIgniter->handleRequest(null, Object(Config\Cache), false)
 7 FCPATH\index.php(79): CodeIgniter\CodeIgniter->run()
 8 SYSTEMPATH\Commands\Server\rewrite.php(47): require_once('C:\\Users\\ROG\\Documents\\GitHub\\TJSL\\public\\index.php')
CRITICAL - 2024-01-05 05:29:52 --> date_diff() expects parameter 1 to be DateTimeInterface, int given
in APPPATH\Controllers\Kolektibilitas.php on line 124.
 1 [internal function]: CodeIgniter\Debug\Exceptions->errorHandler(2, 'date_diff() expects parameter 1 to be DateTimeInterface, int given', 'C:\\Users\\ROG\\Documents\\GitHub\\TJSL\\app\\Controllers\\Kolektibilitas.php', 124, [...])
 2 APPPATH\Controllers\Kolektibilitas.php(124): date_diff(1418342400, '2014-11-06')
 3 APPPATH\Controllers\Kolektibilitas.php(25): App\Controllers\Kolektibilitas->hitung_kolektibilitas(4500)
 4 SYSTEMPATH\CodeIgniter.php(915): App\Controllers\Kolektibilitas->index()
 5 SYSTEMPATH\CodeIgniter.php(492): CodeIgniter\CodeIgniter->runController(Object(App\Controllers\Kolektibilitas))
 6 SYSTEMPATH\CodeIgniter.php(353): CodeIgniter\CodeIgniter->handleRequest(null, Object(Config\Cache), false)
 7 FCPATH\index.php(79): CodeIgniter\CodeIgniter->run()
 8 SYSTEMPATH\Commands\Server\rewrite.php(47): require_once('C:\\Users\\ROG\\Documents\\GitHub\\TJSL\\public\\index.php')
CRITICAL - 2024-01-05 05:30:58 --> date_diff() expects parameter 1 to be DateTimeInterface, string given
in APPPATH\Controllers\Kolektibilitas.php on line 124.
 1 [internal function]: CodeIgniter\Debug\Exceptions->errorHandler(2, 'date_diff() expects parameter 1 to be DateTimeInterface, string given', 'C:\\Users\\ROG\\Documents\\GitHub\\TJSL\\app\\Controllers\\Kolektibilitas.php', 124, [...])
 2 APPPATH\Controllers\Kolektibilitas.php(124): date_diff('2014-12-12', '2014-11-06')
 3 APPPATH\Controllers\Kolektibilitas.php(25): App\Controllers\Kolektibilitas->hitung_kolektibilitas(4500)
 4 SYSTEMPATH\CodeIgniter.php(915): App\Controllers\Kolektibilitas->index()
 5 SYSTEMPATH\CodeIgniter.php(492): CodeIgniter\CodeIgniter->runController(Object(App\Controllers\Kolektibilitas))
 6 SYSTEMPATH\CodeIgniter.php(353): CodeIgniter\CodeIgniter->handleRequest(null, Object(Config\Cache), false)
 7 FCPATH\index.php(79): CodeIgniter\CodeIgniter->run()
 8 SYSTEMPATH\Commands\Server\rewrite.php(47): require_once('C:\\Users\\ROG\\Documents\\GitHub\\TJSL\\public\\index.php')
CRITICAL - 2024-01-05 05:30:59 --> date_diff() expects parameter 1 to be DateTimeInterface, string given
in APPPATH\Controllers\Kolektibilitas.php on line 124.
 1 [internal function]: CodeIgniter\Debug\Exceptions->errorHandler(2, 'date_diff() expects parameter 1 to be DateTimeInterface, string given', 'C:\\Users\\ROG\\Documents\\GitHub\\TJSL\\app\\Controllers\\Kolektibilitas.php', 124, [...])
 2 APPPATH\Controllers\Kolektibilitas.php(124): date_diff('2014-12-12', '2014-11-06')
 3 APPPATH\Controllers\Kolektibilitas.php(25): App\Controllers\Kolektibilitas->hitung_kolektibilitas(4500)
 4 SYSTEMPATH\CodeIgniter.php(915): App\Controllers\Kolektibilitas->index()
 5 SYSTEMPATH\CodeIgniter.php(492): CodeIgniter\CodeIgniter->runController(Object(App\Controllers\Kolektibilitas))
 6 SYSTEMPATH\CodeIgniter.php(353): CodeIgniter\CodeIgniter->handleRequest(null, Object(Config\Cache), false)
 7 FCPATH\index.php(79): CodeIgniter\CodeIgniter->run()
 8 SYSTEMPATH\Commands\Server\rewrite.php(47): require_once('C:\\Users\\ROG\\Documents\\GitHub\\TJSL\\public\\index.php')
CRITICAL - 2024-01-05 05:30:59 --> date_diff() expects parameter 1 to be DateTimeInterface, string given
in APPPATH\Controllers\Kolektibilitas.php on line 124.
 1 [internal function]: CodeIgniter\Debug\Exceptions->errorHandler(2, 'date_diff() expects parameter 1 to be DateTimeInterface, string given', 'C:\\Users\\ROG\\Documents\\GitHub\\TJSL\\app\\Controllers\\Kolektibilitas.php', 124, [...])
 2 APPPATH\Controllers\Kolektibilitas.php(124): date_diff('2014-12-12', '2014-11-06')
 3 APPPATH\Controllers\Kolektibilitas.php(25): App\Controllers\Kolektibilitas->hitung_kolektibilitas(4500)
 4 SYSTEMPATH\CodeIgniter.php(915): App\Controllers\Kolektibilitas->index()
 5 SYSTEMPATH\CodeIgniter.php(492): CodeIgniter\CodeIgniter->runController(Object(App\Controllers\Kolektibilitas))
 6 SYSTEMPATH\CodeIgniter.php(353): CodeIgniter\CodeIgniter->handleRequest(null, Object(Config\Cache), false)
 7 FCPATH\index.php(79): CodeIgniter\CodeIgniter->run()
 8 SYSTEMPATH\Commands\Server\rewrite.php(47): require_once('C:\\Users\\ROG\\Documents\\GitHub\\TJSL\\public\\index.php')
CRITICAL - 2024-01-05 05:31:00 --> date_diff() expects parameter 1 to be DateTimeInterface, string given
in APPPATH\Controllers\Kolektibilitas.php on line 124.
 1 [internal function]: CodeIgniter\Debug\Exceptions->errorHandler(2, 'date_diff() expects parameter 1 to be DateTimeInterface, string given', 'C:\\Users\\ROG\\Documents\\GitHub\\TJSL\\app\\Controllers\\Kolektibilitas.php', 124, [...])
 2 APPPATH\Controllers\Kolektibilitas.php(124): date_diff('2014-12-12', '2014-11-06')
 3 APPPATH\Controllers\Kolektibilitas.php(25): App\Controllers\Kolektibilitas->hitung_kolektibilitas(4500)
 4 SYSTEMPATH\CodeIgniter.php(915): App\Controllers\Kolektibilitas->index()
 5 SYSTEMPATH\CodeIgniter.php(492): CodeIgniter\CodeIgniter->runController(Object(App\Controllers\Kolektibilitas))
 6 SYSTEMPATH\CodeIgniter.php(353): CodeIgniter\CodeIgniter->handleRequest(null, Object(Config\Cache), false)
 7 FCPATH\index.php(79): CodeIgniter\CodeIgniter->run()
 8 SYSTEMPATH\Commands\Server\rewrite.php(47): require_once('C:\\Users\\ROG\\Documents\\GitHub\\TJSL\\public\\index.php')
CRITICAL - 2024-01-05 05:31:00 --> date_diff() expects parameter 1 to be DateTimeInterface, string given
in APPPATH\Controllers\Kolektibilitas.php on line 124.
 1 [internal function]: CodeIgniter\Debug\Exceptions->errorHandler(2, 'date_diff() expects parameter 1 to be DateTimeInterface, string given', 'C:\\Users\\ROG\\Documents\\GitHub\\TJSL\\app\\Controllers\\Kolektibilitas.php', 124, [...])
 2 APPPATH\Controllers\Kolektibilitas.php(124): date_diff('2014-12-12', '2014-11-06')
 3 APPPATH\Controllers\Kolektibilitas.php(25): App\Controllers\Kolektibilitas->hitung_kolektibilitas(4500)
 4 SYSTEMPATH\CodeIgniter.php(915): App\Controllers\Kolektibilitas->index()
 5 SYSTEMPATH\CodeIgniter.php(492): CodeIgniter\CodeIgniter->runController(Object(App\Controllers\Kolektibilitas))
 6 SYSTEMPATH\CodeIgniter.php(353): CodeIgniter\CodeIgniter->handleRequest(null, Object(Config\Cache), false)
 7 FCPATH\index.php(79): CodeIgniter\CodeIgniter->run()
 8 SYSTEMPATH\Commands\Server\rewrite.php(47): require_once('C:\\Users\\ROG\\Documents\\GitHub\\TJSL\\public\\index.php')
CRITICAL - 2024-01-05 05:31:00 --> date_diff() expects parameter 1 to be DateTimeInterface, string given
in APPPATH\Controllers\Kolektibilitas.php on line 124.
 1 [internal function]: CodeIgniter\Debug\Exceptions->errorHandler(2, 'date_diff() expects parameter 1 to be DateTimeInterface, string given', 'C:\\Users\\ROG\\Documents\\GitHub\\TJSL\\app\\Controllers\\Kolektibilitas.php', 124, [...])
 2 APPPATH\Controllers\Kolektibilitas.php(124): date_diff('2014-12-12', '2014-11-06')
 3 APPPATH\Controllers\Kolektibilitas.php(25): App\Controllers\Kolektibilitas->hitung_kolektibilitas(4500)
 4 SYSTEMPATH\CodeIgniter.php(915): App\Controllers\Kolektibilitas->index()
 5 SYSTEMPATH\CodeIgniter.php(492): CodeIgniter\CodeIgniter->runController(Object(App\Controllers\Kolektibilitas))
 6 SYSTEMPATH\CodeIgniter.php(353): CodeIgniter\CodeIgniter->handleRequest(null, Object(Config\Cache), false)
 7 FCPATH\index.php(79): CodeIgniter\CodeIgniter->run()
 8 SYSTEMPATH\Commands\Server\rewrite.php(47): require_once('C:\\Users\\ROG\\Documents\\GitHub\\TJSL\\public\\index.php')
