INFO - 2023-12-27 01:56:52 --> Session: Class initialized using 'CodeIgniter\Session\Handlers\FileHandler' driver.
INFO - 2023-12-27 01:56:58 --> Session: Class initialized using 'CodeIgniter\Session\Handlers\FileHandler' driver.
INFO - 2023-12-27 01:56:58 --> Session: Class initialized using 'CodeIgniter\Session\Handlers\FileHandler' driver.
CRITICAL - 2023-12-27 01:57:03 --> Object of class App\Models\KolektibilitasModel could not be converted to string
in SYSTEMPATH\Database\Query.php on line 335.
 1 SYSTEMPATH\Database\Query.php(335): strtr('SELECT COUNT(*) AS `numrows`
FROM (
SELECT DISTINCT `no_kontrak`
FROM `cicilan`
WHERE `no_kontrak` = :no_kontrak:
AND `angsuran_pokok` != :angsuran_pokok:
) CI_count_all_results', [...])
 2 SYSTEMPATH\Database\Query.php(310): CodeIgniter\Database\Query->matchNamedBinds('SELECT COUNT(*) AS `numrows`
FROM (
SELECT DISTINCT `no_kontrak`
FROM `cicilan`
WHERE `no_kontrak` = :no_kontrak:
AND `angsuran_pokok` != :angsuran_pokok:
) CI_count_all_results', [...])
 3 SYSTEMPATH\Database\Query.php(159): CodeIgniter\Database\Query->compileBinds()
 4 SYSTEMPATH\Database\BaseConnection.php(606): CodeIgniter\Database\Query->getQuery()
 5 SYSTEMPATH\Database\BaseBuilder.php(1700): CodeIgniter\Database\BaseConnection->query('SELECT COUNT(*) AS `numrows`
FROM (
SELECT DISTINCT `no_kontrak`
FROM `cicilan`
WHERE `no_kontrak` = :no_kontrak:
AND `angsuran_pokok` != :angsuran_pokok:
) CI_count_all_results', [...], false)
 6 SYSTEMPATH\Model.php(599): CodeIgniter\Database\BaseBuilder->countAllResults(true)
 7 APPPATH\Controllers\Kolektibilitas.php(99): CodeIgniter\Model->countAllResults()
 8 APPPATH\Controllers\Kolektibilitas.php(25): App\Controllers\Kolektibilitas->hitung_kolektibilitas(Object(App\Models\KolektibilitasModel))
 9 SYSTEMPATH\CodeIgniter.php(915): App\Controllers\Kolektibilitas->index()
10 SYSTEMPATH\CodeIgniter.php(492): CodeIgniter\CodeIgniter->runController(Object(App\Controllers\Kolektibilitas))
11 SYSTEMPATH\CodeIgniter.php(353): CodeIgniter\CodeIgniter->handleRequest(null, Object(Config\Cache), false)
12 FCPATH\index.php(79): CodeIgniter\CodeIgniter->run()
13 SYSTEMPATH\Commands\Server\rewrite.php(47): require_once('C:\\Users\\ROG\\Documents\\GitHub\\TJSL\\public\\index.php')
CRITICAL - 2023-12-27 02:07:14 --> Class 'App\Controllers\DateTime' not found
in APPPATH\Controllers\Kolektibilitas.php on line 102.
 1 APPPATH\Controllers\Kolektibilitas.php(25): App\Controllers\Kolektibilitas->hitung_kolektibilitas(5082)
 2 SYSTEMPATH\CodeIgniter.php(915): App\Controllers\Kolektibilitas->index()
 3 SYSTEMPATH\CodeIgniter.php(492): CodeIgniter\CodeIgniter->runController(Object(App\Controllers\Kolektibilitas))
 4 SYSTEMPATH\CodeIgniter.php(353): CodeIgniter\CodeIgniter->handleRequest(null, Object(Config\Cache), false)
 5 FCPATH\index.php(79): CodeIgniter\CodeIgniter->run()
 6 SYSTEMPATH\Commands\Server\rewrite.php(47): require_once('C:\\Users\\ROG\\Documents\\GitHub\\TJSL\\public\\index.php')
CRITICAL - 2023-12-27 02:33:51 --> DateTime::__construct() expects parameter 1 to be string, object given
in APPPATH\Controllers\Kolektibilitas.php on line 102.
 1 APPPATH\Controllers\Kolektibilitas.php(102): DateTime->__construct(Object(App\Models\KolektibilitasModel))
 2 APPPATH\Controllers\Kolektibilitas.php(25): App\Controllers\Kolektibilitas->hitung_kolektibilitas(5082)
 3 SYSTEMPATH\CodeIgniter.php(915): App\Controllers\Kolektibilitas->index()
 4 SYSTEMPATH\CodeIgniter.php(492): CodeIgniter\CodeIgniter->runController(Object(App\Controllers\Kolektibilitas))
 5 SYSTEMPATH\CodeIgniter.php(353): CodeIgniter\CodeIgniter->handleRequest(null, Object(Config\Cache), false)
 6 FCPATH\index.php(79): CodeIgniter\CodeIgniter->run()
 7 SYSTEMPATH\Commands\Server\rewrite.php(47): require_once('C:\\Users\\ROG\\Documents\\GitHub\\TJSL\\public\\index.php')
CRITICAL - 2023-12-27 02:52:53 --> Object of class App\Models\KolektibilitasModel could not be converted to string
in APPPATH\Controllers\Kolektibilitas.php on line 102.
 1 APPPATH\Controllers\Kolektibilitas.php(102): strval(Object(App\Models\KolektibilitasModel))
 2 APPPATH\Controllers\Kolektibilitas.php(25): App\Controllers\Kolektibilitas->hitung_kolektibilitas(5082)
 3 SYSTEMPATH\CodeIgniter.php(915): App\Controllers\Kolektibilitas->index()
 4 SYSTEMPATH\CodeIgniter.php(492): CodeIgniter\CodeIgniter->runController(Object(App\Controllers\Kolektibilitas))
 5 SYSTEMPATH\CodeIgniter.php(353): CodeIgniter\CodeIgniter->handleRequest(null, Object(Config\Cache), false)
 6 FCPATH\index.php(79): CodeIgniter\CodeIgniter->run()
 7 SYSTEMPATH\Commands\Server\rewrite.php(47): require_once('C:\\Users\\ROG\\Documents\\GitHub\\TJSL\\public\\index.php')
CRITICAL - 2023-12-27 03:04:24 --> Object of class App\Models\KolektibilitasModel could not be converted to string
in APPPATH\Controllers\Kolektibilitas.php on line 102.
 1 APPPATH\Controllers\Kolektibilitas.php(102): strval(Object(App\Models\KolektibilitasModel))
 2 APPPATH\Controllers\Kolektibilitas.php(25): App\Controllers\Kolektibilitas->hitung_kolektibilitas(5082)
 3 SYSTEMPATH\CodeIgniter.php(915): App\Controllers\Kolektibilitas->index()
 4 SYSTEMPATH\CodeIgniter.php(492): CodeIgniter\CodeIgniter->runController(Object(App\Controllers\Kolektibilitas))
 5 SYSTEMPATH\CodeIgniter.php(353): CodeIgniter\CodeIgniter->handleRequest(null, Object(Config\Cache), false)
 6 FCPATH\index.php(79): CodeIgniter\CodeIgniter->run()
 7 SYSTEMPATH\Commands\Server\rewrite.php(47): require_once('C:\\Users\\ROG\\Documents\\GitHub\\TJSL\\public\\index.php')
CRITICAL - 2023-12-27 03:04:25 --> Object of class App\Models\KolektibilitasModel could not be converted to string
in APPPATH\Controllers\Kolektibilitas.php on line 102.
 1 APPPATH\Controllers\Kolektibilitas.php(102): strval(Object(App\Models\KolektibilitasModel))
 2 APPPATH\Controllers\Kolektibilitas.php(25): App\Controllers\Kolektibilitas->hitung_kolektibilitas(5082)
 3 SYSTEMPATH\CodeIgniter.php(915): App\Controllers\Kolektibilitas->index()
 4 SYSTEMPATH\CodeIgniter.php(492): CodeIgniter\CodeIgniter->runController(Object(App\Controllers\Kolektibilitas))
 5 SYSTEMPATH\CodeIgniter.php(353): CodeIgniter\CodeIgniter->handleRequest(null, Object(Config\Cache), false)
 6 FCPATH\index.php(79): CodeIgniter\CodeIgniter->run()
 7 SYSTEMPATH\Commands\Server\rewrite.php(47): require_once('C:\\Users\\ROG\\Documents\\GitHub\\TJSL\\public\\index.php')
CRITICAL - 2023-12-27 03:34:19 --> Object of class App\Models\KolektibilitasModel could not be converted to string
in APPPATH\Controllers\Kolektibilitas.php on line 102.
 1 APPPATH\Controllers\Kolektibilitas.php(102): strval(Object(App\Models\KolektibilitasModel))
 2 APPPATH\Controllers\Kolektibilitas.php(25): App\Controllers\Kolektibilitas->hitung_kolektibilitas(5082)
 3 SYSTEMPATH\CodeIgniter.php(915): App\Controllers\Kolektibilitas->index()
 4 SYSTEMPATH\CodeIgniter.php(492): CodeIgniter\CodeIgniter->runController(Object(App\Controllers\Kolektibilitas))
 5 SYSTEMPATH\CodeIgniter.php(353): CodeIgniter\CodeIgniter->handleRequest(null, Object(Config\Cache), false)
 6 FCPATH\index.php(79): CodeIgniter\CodeIgniter->run()
 7 SYSTEMPATH\Commands\Server\rewrite.php(47): require_once('C:\\Users\\ROG\\Documents\\GitHub\\TJSL\\public\\index.php')
CRITICAL - 2023-12-27 03:34:20 --> Object of class App\Models\KolektibilitasModel could not be converted to string
in APPPATH\Controllers\Kolektibilitas.php on line 102.
 1 APPPATH\Controllers\Kolektibilitas.php(102): strval(Object(App\Models\KolektibilitasModel))
 2 APPPATH\Controllers\Kolektibilitas.php(25): App\Controllers\Kolektibilitas->hitung_kolektibilitas(5082)
 3 SYSTEMPATH\CodeIgniter.php(915): App\Controllers\Kolektibilitas->index()
 4 SYSTEMPATH\CodeIgniter.php(492): CodeIgniter\CodeIgniter->runController(Object(App\Controllers\Kolektibilitas))
 5 SYSTEMPATH\CodeIgniter.php(353): CodeIgniter\CodeIgniter->handleRequest(null, Object(Config\Cache), false)
 6 FCPATH\index.php(79): CodeIgniter\CodeIgniter->run()
 7 SYSTEMPATH\Commands\Server\rewrite.php(47): require_once('C:\\Users\\ROG\\Documents\\GitHub\\TJSL\\public\\index.php')
CRITICAL - 2023-12-27 03:34:35 --> Call to undefined method App\Models\KolektibilitasModel::getAll
in SYSTEMPATH\Model.php on line 873.
 1 APPPATH\Controllers\Kolektibilitas.php(102): CodeIgniter\Model->__call('getAll', [])
 2 APPPATH\Controllers\Kolektibilitas.php(25): App\Controllers\Kolektibilitas->hitung_kolektibilitas(5082)
 3 SYSTEMPATH\CodeIgniter.php(915): App\Controllers\Kolektibilitas->index()
 4 SYSTEMPATH\CodeIgniter.php(492): CodeIgniter\CodeIgniter->runController(Object(App\Controllers\Kolektibilitas))
 5 SYSTEMPATH\CodeIgniter.php(353): CodeIgniter\CodeIgniter->handleRequest(null, Object(Config\Cache), false)
 6 FCPATH\index.php(79): CodeIgniter\CodeIgniter->run()
 7 SYSTEMPATH\Commands\Server\rewrite.php(47): require_once('C:\\Users\\ROG\\Documents\\GitHub\\TJSL\\public\\index.php')
CRITICAL - 2023-12-27 03:35:46 --> Object of class App\Models\KolektibilitasModel could not be converted to string
in APPPATH\Controllers\Kolektibilitas.php on line 102.
 1 APPPATH\Controllers\Kolektibilitas.php(102): strval(Object(App\Models\KolektibilitasModel))
 2 APPPATH\Controllers\Kolektibilitas.php(25): App\Controllers\Kolektibilitas->hitung_kolektibilitas(5082)
 3 SYSTEMPATH\CodeIgniter.php(915): App\Controllers\Kolektibilitas->index()
 4 SYSTEMPATH\CodeIgniter.php(492): CodeIgniter\CodeIgniter->runController(Object(App\Controllers\Kolektibilitas))
 5 SYSTEMPATH\CodeIgniter.php(353): CodeIgniter\CodeIgniter->handleRequest(null, Object(Config\Cache), false)
 6 FCPATH\index.php(79): CodeIgniter\CodeIgniter->run()
 7 SYSTEMPATH\Commands\Server\rewrite.php(47): require_once('C:\\Users\\ROG\\Documents\\GitHub\\TJSL\\public\\index.php')
CRITICAL - 2023-12-27 04:40:29 --> DateTime::__construct() expects parameter 1 to be string, object given
in APPPATH\Controllers\Kolektibilitas.php on line 102.
 1 APPPATH\Controllers\Kolektibilitas.php(102): DateTime->__construct(Object(App\Models\KolektibilitasModel))
 2 APPPATH\Controllers\Kolektibilitas.php(25): App\Controllers\Kolektibilitas->hitung_kolektibilitas(5082)
 3 SYSTEMPATH\CodeIgniter.php(915): App\Controllers\Kolektibilitas->index()
 4 SYSTEMPATH\CodeIgniter.php(492): CodeIgniter\CodeIgniter->runController(Object(App\Controllers\Kolektibilitas))
 5 SYSTEMPATH\CodeIgniter.php(353): CodeIgniter\CodeIgniter->handleRequest(null, Object(Config\Cache), false)
 6 FCPATH\index.php(79): CodeIgniter\CodeIgniter->run()
 7 SYSTEMPATH\Commands\Server\rewrite.php(47): require_once('C:\\Users\\ROG\\Documents\\GitHub\\TJSL\\public\\index.php')
CRITICAL - 2023-12-27 04:53:22 --> Object of class App\Models\KolektibilitasModel could not be converted to number
in APPPATH\Controllers\Kolektibilitas.php on line 111.
 1 APPPATH\Controllers\Kolektibilitas.php(111): CodeIgniter\Debug\Exceptions->errorHandler(8, 'Object of class App\\Models\\KolektibilitasModel could not be converted to number', 'C:\\Users\\ROG\\Documents\\GitHub\\TJSL\\app\\Controllers\\Kolektibilitas.php', 111, [...])
 2 APPPATH\Controllers\Kolektibilitas.php(25): App\Controllers\Kolektibilitas->hitung_kolektibilitas(5082)
 3 SYSTEMPATH\CodeIgniter.php(915): App\Controllers\Kolektibilitas->index()
 4 SYSTEMPATH\CodeIgniter.php(492): CodeIgniter\CodeIgniter->runController(Object(App\Controllers\Kolektibilitas))
 5 SYSTEMPATH\CodeIgniter.php(353): CodeIgniter\CodeIgniter->handleRequest(null, Object(Config\Cache), false)
 6 FCPATH\index.php(79): CodeIgniter\CodeIgniter->run()
 7 SYSTEMPATH\Commands\Server\rewrite.php(47): require_once('C:\\Users\\ROG\\Documents\\GitHub\\TJSL\\public\\index.php')
CRITICAL - 2023-12-27 04:53:24 --> Object of class App\Models\KolektibilitasModel could not be converted to number
in APPPATH\Controllers\Kolektibilitas.php on line 111.
 1 APPPATH\Controllers\Kolektibilitas.php(111): CodeIgniter\Debug\Exceptions->errorHandler(8, 'Object of class App\\Models\\KolektibilitasModel could not be converted to number', 'C:\\Users\\ROG\\Documents\\GitHub\\TJSL\\app\\Controllers\\Kolektibilitas.php', 111, [...])
 2 APPPATH\Controllers\Kolektibilitas.php(25): App\Controllers\Kolektibilitas->hitung_kolektibilitas(5082)
 3 SYSTEMPATH\CodeIgniter.php(915): App\Controllers\Kolektibilitas->index()
 4 SYSTEMPATH\CodeIgniter.php(492): CodeIgniter\CodeIgniter->runController(Object(App\Controllers\Kolektibilitas))
 5 SYSTEMPATH\CodeIgniter.php(353): CodeIgniter\CodeIgniter->handleRequest(null, Object(Config\Cache), false)
 6 FCPATH\index.php(79): CodeIgniter\CodeIgniter->run()
 7 SYSTEMPATH\Commands\Server\rewrite.php(47): require_once('C:\\Users\\ROG\\Documents\\GitHub\\TJSL\\public\\index.php')
CRITICAL - 2023-12-27 04:53:25 --> Object of class App\Models\KolektibilitasModel could not be converted to number
in APPPATH\Controllers\Kolektibilitas.php on line 111.
 1 APPPATH\Controllers\Kolektibilitas.php(111): CodeIgniter\Debug\Exceptions->errorHandler(8, 'Object of class App\\Models\\KolektibilitasModel could not be converted to number', 'C:\\Users\\ROG\\Documents\\GitHub\\TJSL\\app\\Controllers\\Kolektibilitas.php', 111, [...])
 2 APPPATH\Controllers\Kolektibilitas.php(25): App\Controllers\Kolektibilitas->hitung_kolektibilitas(5082)
 3 SYSTEMPATH\CodeIgniter.php(915): App\Controllers\Kolektibilitas->index()
 4 SYSTEMPATH\CodeIgniter.php(492): CodeIgniter\CodeIgniter->runController(Object(App\Controllers\Kolektibilitas))
 5 SYSTEMPATH\CodeIgniter.php(353): CodeIgniter\CodeIgniter->handleRequest(null, Object(Config\Cache), false)
 6 FCPATH\index.php(79): CodeIgniter\CodeIgniter->run()
 7 SYSTEMPATH\Commands\Server\rewrite.php(47): require_once('C:\\Users\\ROG\\Documents\\GitHub\\TJSL\\public\\index.php')
