INFO - 2024-01-03 02:09:07 --> Session: Class initialized using 'CodeIgniter\Session\Handlers\FileHandler' driver.
INFO - 2024-01-03 02:09:12 --> Session: Class initialized using 'CodeIgniter\Session\Handlers\FileHandler' driver.
INFO - 2024-01-03 02:09:13 --> Session: Class initialized using 'CodeIgniter\Session\Handlers\FileHandler' driver.
CRITICAL - 2024-01-03 02:09:15 --> Object of class CodeIgniter\Database\MySQLi\Result could not be converted to string
in SYSTEMPATH\Database\Query.php on line 335.
 1 SYSTEMPATH\Database\Query.php(335): strtr('SELECT DISTINCT `no_kontrak`
FROM `cicilan`
WHERE `no_kontrak` = :no_kontrak:
AND `angsuran_pokok` != :angsuran_pokok:', [...])
 2 SYSTEMPATH\Database\Query.php(310): CodeIgniter\Database\Query->matchNamedBinds('SELECT DISTINCT `no_kontrak`
FROM `cicilan`
WHERE `no_kontrak` = :no_kontrak:
AND `angsuran_pokok` != :angsuran_pokok:', [...])
 3 SYSTEMPATH\Database\Query.php(159): CodeIgniter\Database\Query->compileBinds()
 4 SYSTEMPATH\Database\BaseConnection.php(606): CodeIgniter\Database\Query->getQuery()
 5 SYSTEMPATH\Database\BaseBuilder.php(1616): CodeIgniter\Database\BaseConnection->query('SELECT DISTINCT `no_kontrak`
FROM `cicilan`
WHERE `no_kontrak` = :no_kontrak:
AND `angsuran_pokok` != :angsuran_pokok:', [...], false)
 6 SYSTEMPATH\Model.php(871): CodeIgniter\Database\BaseBuilder->get()
 7 APPPATH\Controllers\Kolektibilitas.php(104): CodeIgniter\Model->__call('get', [])
 8 APPPATH\Controllers\Kolektibilitas.php(26): App\Controllers\Kolektibilitas->hitung_kolektibilitas(Object(CodeIgniter\Database\MySQLi\Result))
 9 SYSTEMPATH\CodeIgniter.php(915): App\Controllers\Kolektibilitas->index()
10 SYSTEMPATH\CodeIgniter.php(492): CodeIgniter\CodeIgniter->runController(Object(App\Controllers\Kolektibilitas))
11 SYSTEMPATH\CodeIgniter.php(353): CodeIgniter\CodeIgniter->handleRequest(null, Object(Config\Cache), false)
12 FCPATH\index.php(79): CodeIgniter\CodeIgniter->run()
13 SYSTEMPATH\Commands\Server\rewrite.php(47): require_once('C:\\Users\\ROG\\Documents\\GitHub\\TJSL\\public\\index.php')
INFO - 2024-01-03 02:20:31 --> Session: Class initialized using 'CodeIgniter\Session\Handlers\FileHandler' driver.
CRITICAL - 2024-01-03 02:20:31 --> Undefined variable: kolek
in APPPATH\Controllers\Kolektibilitas.php on line 196.
 1 APPPATH\Controllers\Kolektibilitas.php(196): CodeIgniter\Debug\Exceptions->errorHandler(8, 'Undefined variable: kolek', 'C:\\Users\\ROG\\Documents\\GitHub\\TJSL\\app\\Controllers\\Kolektibilitas.php', 196, [...])
 2 APPPATH\Controllers\Kolektibilitas.php(30): App\Controllers\Kolektibilitas->hitung_kolektibilitas('10003')
 3 SYSTEMPATH\CodeIgniter.php(915): App\Controllers\Kolektibilitas->index()
 4 SYSTEMPATH\CodeIgniter.php(492): CodeIgniter\CodeIgniter->runController(Object(App\Controllers\Kolektibilitas))
 5 SYSTEMPATH\CodeIgniter.php(353): CodeIgniter\CodeIgniter->handleRequest(null, Object(Config\Cache), false)
 6 FCPATH\index.php(79): CodeIgniter\CodeIgniter->run()
 7 SYSTEMPATH\Commands\Server\rewrite.php(47): require_once('C:\\Users\\ROG\\Documents\\GitHub\\TJSL\\public\\index.php')
INFO - 2024-01-03 02:20:32 --> Session: Class initialized using 'CodeIgniter\Session\Handlers\FileHandler' driver.
CRITICAL - 2024-01-03 02:20:32 --> Undefined variable: kolek
in APPPATH\Controllers\Kolektibilitas.php on line 196.
 1 APPPATH\Controllers\Kolektibilitas.php(196): CodeIgniter\Debug\Exceptions->errorHandler(8, 'Undefined variable: kolek', 'C:\\Users\\ROG\\Documents\\GitHub\\TJSL\\app\\Controllers\\Kolektibilitas.php', 196, [...])
 2 APPPATH\Controllers\Kolektibilitas.php(30): App\Controllers\Kolektibilitas->hitung_kolektibilitas('10003')
 3 SYSTEMPATH\CodeIgniter.php(915): App\Controllers\Kolektibilitas->index()
 4 SYSTEMPATH\CodeIgniter.php(492): CodeIgniter\CodeIgniter->runController(Object(App\Controllers\Kolektibilitas))
 5 SYSTEMPATH\CodeIgniter.php(353): CodeIgniter\CodeIgniter->handleRequest(null, Object(Config\Cache), false)
 6 FCPATH\index.php(79): CodeIgniter\CodeIgniter->run()
 7 SYSTEMPATH\Commands\Server\rewrite.php(47): require_once('C:\\Users\\ROG\\Documents\\GitHub\\TJSL\\public\\index.php')
INFO - 2024-01-03 02:21:01 --> Session: Class initialized using 'CodeIgniter\Session\Handlers\FileHandler' driver.
CRITICAL - 2024-01-03 04:55:39 --> count(): Parameter must be an array or an object that implements Countable
in APPPATH\Controllers\Kolektibilitas.php on line 110.
 1 [internal function]: CodeIgniter\Debug\Exceptions->errorHandler(2, 'count(): Parameter must be an array or an object that implements Countable', 'C:\\Users\\ROG\\Documents\\GitHub\\TJSL\\app\\Controllers\\Kolektibilitas.php', 110, [...])
 2 APPPATH\Controllers\Kolektibilitas.php(110): count(5082)
 3 APPPATH\Controllers\Kolektibilitas.php(30): App\Controllers\Kolektibilitas->hitung_kolektibilitas(5082)
 4 SYSTEMPATH\CodeIgniter.php(915): App\Controllers\Kolektibilitas->index()
 5 SYSTEMPATH\CodeIgniter.php(492): CodeIgniter\CodeIgniter->runController(Object(App\Controllers\Kolektibilitas))
 6 SYSTEMPATH\CodeIgniter.php(353): CodeIgniter\CodeIgniter->handleRequest(null, Object(Config\Cache), false)
 7 FCPATH\index.php(79): CodeIgniter\CodeIgniter->run()
 8 SYSTEMPATH\Commands\Server\rewrite.php(47): require_once('C:\\Users\\ROG\\Documents\\GitHub\\TJSL\\public\\index.php')
INFO - 2024-01-03 04:55:55 --> Session: Class initialized using 'CodeIgniter\Session\Handlers\FileHandler' driver.
INFO - 2024-01-03 04:56:23 --> Session: Class initialized using 'CodeIgniter\Session\Handlers\FileHandler' driver.
INFO - 2024-01-03 04:56:28 --> Session: Class initialized using 'CodeIgniter\Session\Handlers\FileHandler' driver.
INFO - 2024-01-03 04:56:28 --> Session: Class initialized using 'CodeIgniter\Session\Handlers\FileHandler' driver.
INFO - 2024-01-03 04:56:31 --> Session: Class initialized using 'CodeIgniter\Session\Handlers\FileHandler' driver.
