INFO - 2024-01-08 03:39:53 --> Session: Class initialized using 'CodeIgniter\Session\Handlers\FileHandler' driver.
INFO - 2024-01-08 03:39:57 --> Session: Class initialized using 'CodeIgniter\Session\Handlers\FileHandler' driver.
INFO - 2024-01-08 03:39:57 --> Session: Class initialized using 'CodeIgniter\Session\Handlers\FileHandler' driver.
CRITICAL - 2024-01-08 03:40:00 --> Call to a member function diff() on string
in APPPATH\Controllers\Kolektibilitas.php on line 124.
 1 APPPATH\Controllers\Kolektibilitas.php(25): App\Controllers\Kolektibilitas->hitung_kolektibilitas(4500)
 2 SYSTEMPATH\CodeIgniter.php(915): App\Controllers\Kolektibilitas->index()
 3 SYSTEMPATH\CodeIgniter.php(492): CodeIgniter\CodeIgniter->runController(Object(App\Controllers\Kolektibilitas))
 4 SYSTEMPATH\CodeIgniter.php(353): CodeIgniter\CodeIgniter->handleRequest(null, Object(Config\Cache), false)
 5 FCPATH\index.php(79): CodeIgniter\CodeIgniter->run()
 6 SYSTEMPATH\Commands\Server\rewrite.php(47): require_once('C:\\Users\\ROG\\Documents\\GitHub\\TJSL\\public\\index.php')
CRITICAL - 2024-01-08 04:06:14 --> Class 'App\Controllers\DateTime' not found
in APPPATH\Controllers\Kolektibilitas.php on line 119.
 1 APPPATH\Controllers\Kolektibilitas.php(25): App\Controllers\Kolektibilitas->hitung_kolektibilitas(4500)
 2 SYSTEMPATH\CodeIgniter.php(915): App\Controllers\Kolektibilitas->index()
 3 SYSTEMPATH\CodeIgniter.php(492): CodeIgniter\CodeIgniter->runController(Object(App\Controllers\Kolektibilitas))
 4 SYSTEMPATH\CodeIgniter.php(353): CodeIgniter\CodeIgniter->handleRequest(null, Object(Config\Cache), false)
 5 FCPATH\index.php(79): CodeIgniter\CodeIgniter->run()
 6 SYSTEMPATH\Commands\Server\rewrite.php(47): require_once('C:\\Users\\ROG\\Documents\\GitHub\\TJSL\\public\\index.php')
CRITICAL - 2024-01-08 04:18:24 --> Object of class CodeIgniter\I18n\TimeDifference could not be converted to int
in APPPATH\Controllers\Kolektibilitas.php on line 161.
 1 APPPATH\Controllers\Kolektibilitas.php(161): CodeIgniter\Debug\Exceptions->errorHandler(8, 'Object of class CodeIgniter\\I18n\\TimeDifference could not be converted to int', 'C:\\Users\\ROG\\Documents\\GitHub\\TJSL\\app\\Controllers\\Kolektibilitas.php', 161, [...])
 2 APPPATH\Controllers\Kolektibilitas.php(26): App\Controllers\Kolektibilitas->hitung_kolektibilitas(4500)
 3 SYSTEMPATH\CodeIgniter.php(915): App\Controllers\Kolektibilitas->index()
 4 SYSTEMPATH\CodeIgniter.php(492): CodeIgniter\CodeIgniter->runController(Object(App\Controllers\Kolektibilitas))
 5 SYSTEMPATH\CodeIgniter.php(353): CodeIgniter\CodeIgniter->handleRequest(null, Object(Config\Cache), false)
 6 FCPATH\index.php(79): CodeIgniter\CodeIgniter->run()
 7 SYSTEMPATH\Commands\Server\rewrite.php(47): require_once('C:\\Users\\ROG\\Documents\\GitHub\\TJSL\\public\\index.php')
CRITICAL - 2024-01-08 04:35:13 --> Undefined variable: tanggalSebelumnya
in APPPATH\Controllers\Kolektibilitas.php on line 125.
 1 APPPATH\Controllers\Kolektibilitas.php(125): CodeIgniter\Debug\Exceptions->errorHandler(8, 'Undefined variable: tanggalSebelumnya', 'C:\\Users\\ROG\\Documents\\GitHub\\TJSL\\app\\Controllers\\Kolektibilitas.php', 125, [...])
 2 APPPATH\Controllers\Kolektibilitas.php(26): App\Controllers\Kolektibilitas->hitung_kolektibilitas(4500)
 3 SYSTEMPATH\CodeIgniter.php(915): App\Controllers\Kolektibilitas->index()
 4 SYSTEMPATH\CodeIgniter.php(492): CodeIgniter\CodeIgniter->runController(Object(App\Controllers\Kolektibilitas))
 5 SYSTEMPATH\CodeIgniter.php(353): CodeIgniter\CodeIgniter->handleRequest(null, Object(Config\Cache), false)
 6 FCPATH\index.php(79): CodeIgniter\CodeIgniter->run()
 7 SYSTEMPATH\Commands\Server\rewrite.php(47): require_once('C:\\Users\\ROG\\Documents\\GitHub\\TJSL\\public\\index.php')
CRITICAL - 2024-01-08 04:35:14 --> Undefined variable: tanggalSebelumnya
in APPPATH\Controllers\Kolektibilitas.php on line 125.
 1 APPPATH\Controllers\Kolektibilitas.php(125): CodeIgniter\Debug\Exceptions->errorHandler(8, 'Undefined variable: tanggalSebelumnya', 'C:\\Users\\ROG\\Documents\\GitHub\\TJSL\\app\\Controllers\\Kolektibilitas.php', 125, [...])
 2 APPPATH\Controllers\Kolektibilitas.php(26): App\Controllers\Kolektibilitas->hitung_kolektibilitas(4500)
 3 SYSTEMPATH\CodeIgniter.php(915): App\Controllers\Kolektibilitas->index()
 4 SYSTEMPATH\CodeIgniter.php(492): CodeIgniter\CodeIgniter->runController(Object(App\Controllers\Kolektibilitas))
 5 SYSTEMPATH\CodeIgniter.php(353): CodeIgniter\CodeIgniter->handleRequest(null, Object(Config\Cache), false)
 6 FCPATH\index.php(79): CodeIgniter\CodeIgniter->run()
 7 SYSTEMPATH\Commands\Server\rewrite.php(47): require_once('C:\\Users\\ROG\\Documents\\GitHub\\TJSL\\public\\index.php')
CRITICAL - 2024-01-08 04:35:47 --> Call to a member function diff() on int
in APPPATH\Controllers\Kolektibilitas.php on line 151.
 1 APPPATH\Controllers\Kolektibilitas.php(26): App\Controllers\Kolektibilitas->hitung_kolektibilitas(4500)
 2 SYSTEMPATH\CodeIgniter.php(915): App\Controllers\Kolektibilitas->index()
 3 SYSTEMPATH\CodeIgniter.php(492): CodeIgniter\CodeIgniter->runController(Object(App\Controllers\Kolektibilitas))
 4 SYSTEMPATH\CodeIgniter.php(353): CodeIgniter\CodeIgniter->handleRequest(null, Object(Config\Cache), false)
 5 FCPATH\index.php(79): CodeIgniter\CodeIgniter->run()
 6 SYSTEMPATH\Commands\Server\rewrite.php(47): require_once('C:\\Users\\ROG\\Documents\\GitHub\\TJSL\\public\\index.php')
INFO - 2024-01-08 04:36:42 --> Session: Class initialized using 'CodeIgniter\Session\Handlers\FileHandler' driver.
INFO - 2024-01-08 04:40:20 --> Session: Class initialized using 'CodeIgniter\Session\Handlers\FileHandler' driver.
INFO - 2024-01-08 04:42:49 --> Session: Class initialized using 'CodeIgniter\Session\Handlers\FileHandler' driver.
INFO - 2024-01-08 04:44:59 --> Session: Class initialized using 'CodeIgniter\Session\Handlers\FileHandler' driver.
INFO - 2024-01-08 04:58:14 --> Session: Class initialized using 'CodeIgniter\Session\Handlers\FileHandler' driver.
