INFO - 2024-01-25 02:43:17 --> Session: Class initialized using 'CodeIgniter\Session\Handlers\FileHandler' driver.
INFO - 2024-01-25 02:43:26 --> Session: Class initialized using 'CodeIgniter\Session\Handlers\FileHandler' driver.
INFO - 2024-01-25 02:43:26 --> Session: Class initialized using 'CodeIgniter\Session\Handlers\FileHandler' driver.
INFO - 2024-01-25 02:43:30 --> Session: Class initialized using 'CodeIgniter\Session\Handlers\FileHandler' driver.
INFO - 2024-01-25 02:46:45 --> Session: Class initialized using 'CodeIgniter\Session\Handlers\FileHandler' driver.
INFO - 2024-01-25 03:03:01 --> Session: Class initialized using 'CodeIgniter\Session\Handlers\FileHandler' driver.
ERROR - 2024-01-25 03:03:13 --> mysqli_sql_exception: You have an error in your SQL syntax; check the manual that corresponds to your MySQL server version for the right syntax to use near 'SELECT no_kontrak, MIN(tanggal_cicilan), MIN(kode_kolektibilitas) FROM cicilan G' at line 1 in C:\Users\ROG\Documents\GitHub\TJSL\system\Database\MySQLi\Connection.php:306
Stack trace:
#0 C:\Users\ROG\Documents\GitHub\TJSL\system\Database\MySQLi\Connection.php(306): mysqli->query('SELECT SELECT n...', 0)
#1 C:\Users\ROG\Documents\GitHub\TJSL\system\Database\BaseConnection.php(692): CodeIgniter\Database\MySQLi\Connection->execute('SELECT SELECT n...')
#2 C:\Users\ROG\Documents\GitHub\TJSL\system\Database\BaseConnection.php(606): CodeIgniter\Database\BaseConnection->simpleQuery('SELECT SELECT n...')
#3 C:\Users\ROG\Documents\GitHub\TJSL\system\Database\BaseBuilder.php(1616): CodeIgniter\Database\BaseConnection->query('SELECT SELECT n...', Array, false)
#4 C:\Users\ROG\Documents\GitHub\TJSL\system\Model.php(237): CodeIgniter\Database\BaseBuilder->get()
#5 C:\Users\ROG\Documents\GitHub\TJSL\system\BaseModel.php(624): CodeIgniter\Model->doFindAll(6000, 0)
#6 C:\Users\ROG\Documents\GitHub\TJSL\system\BaseModel.php(1207): CodeIgniter\BaseModel->findAll(6000, 0)
#7 C:\Users\ROG\Documents\GitHub\TJSL\app\Controllers\Kolektibilitas.php(24): CodeIgniter\BaseModel->paginate(6000)
#8 C:\Users\ROG\Documents\GitHub\TJSL\system\CodeIgniter.php(915): App\Controllers\Kolektibilitas->index()
#9 C:\Users\ROG\Documents\GitHub\TJSL\system\CodeIgniter.php(492): CodeIgniter\CodeIgniter->runController(Object(App\Controllers\Kolektibilitas))
#10 C:\Users\ROG\Documents\GitHub\TJSL\system\CodeIgniter.php(353): CodeIgniter\CodeIgniter->handleRequest(NULL, Object(Config\Cache), false)
#11 C:\Users\ROG\Documents\GitHub\TJSL\public\index.php(79): CodeIgniter\CodeIgniter->run()
#12 C:\Users\ROG\Documents\GitHub\TJSL\system\Commands\Server\rewrite.php(47): require_once('C:\\Users\\ROG\\Do...')
#13 {main}
CRITICAL - 2024-01-25 03:03:13 --> You have an error in your SQL syntax; check the manual that corresponds to your MySQL server version for the right syntax to use near 'SELECT no_kontrak, MIN(tanggal_cicilan), MIN(kode_kolektibilitas) FROM cicilan G' at line 1
in SYSTEMPATH\Database\BaseConnection.php on line 646.
 1 SYSTEMPATH\Database\BaseBuilder.php(1616): CodeIgniter\Database\BaseConnection->query('SELECT SELECT no_kontrak, MIN(tanggal_cicilan), MIN(kode_kolektibilitas) FROM cicilan GROUP BY no_kontrak
FROM `cicilan`
 LIMIT 6000', [], false)
 2 SYSTEMPATH\Model.php(237): CodeIgniter\Database\BaseBuilder->get()
 3 SYSTEMPATH\BaseModel.php(624): CodeIgniter\Model->doFindAll(6000, 0)
 4 SYSTEMPATH\BaseModel.php(1207): CodeIgniter\BaseModel->findAll(6000, 0)
 5 APPPATH\Controllers\Kolektibilitas.php(24): CodeIgniter\BaseModel->paginate(6000)
 6 SYSTEMPATH\CodeIgniter.php(915): App\Controllers\Kolektibilitas->index()
 7 SYSTEMPATH\CodeIgniter.php(492): CodeIgniter\CodeIgniter->runController(Object(App\Controllers\Kolektibilitas))
 8 SYSTEMPATH\CodeIgniter.php(353): CodeIgniter\CodeIgniter->handleRequest(null, Object(Config\Cache), false)
 9 FCPATH\index.php(79): CodeIgniter\CodeIgniter->run()
10 SYSTEMPATH\Commands\Server\rewrite.php(47): require_once('C:\\Users\\ROG\\Documents\\GitHub\\TJSL\\public\\index.php')
ERROR - 2024-01-25 03:33:01 --> mysqli_sql_exception: You have an error in your SQL syntax; check the manual that corresponds to your MySQL server version for the right syntax to use near 'SELECT no_kontrak, MIN(tanggal_cicilan), MIN(kode_kolektibilitas) FROM cicilan G' at line 1 in C:\Users\ROG\Documents\GitHub\TJSL\system\Database\MySQLi\Connection.php:306
Stack trace:
#0 C:\Users\ROG\Documents\GitHub\TJSL\system\Database\MySQLi\Connection.php(306): mysqli->query('SELECT SELECT n...', 0)
#1 C:\Users\ROG\Documents\GitHub\TJSL\system\Database\BaseConnection.php(692): CodeIgniter\Database\MySQLi\Connection->execute('SELECT SELECT n...')
#2 C:\Users\ROG\Documents\GitHub\TJSL\system\Database\BaseConnection.php(606): CodeIgniter\Database\BaseConnection->simpleQuery('SELECT SELECT n...')
#3 C:\Users\ROG\Documents\GitHub\TJSL\system\Database\BaseBuilder.php(1616): CodeIgniter\Database\BaseConnection->query('SELECT SELECT n...', Array, false)
#4 C:\Users\ROG\Documents\GitHub\TJSL\system\Model.php(871): CodeIgniter\Database\BaseBuilder->get()
#5 C:\Users\ROG\Documents\GitHub\TJSL\app\Controllers\Kolektibilitas.php(24): CodeIgniter\Model->__call('get', Array)
#6 C:\Users\ROG\Documents\GitHub\TJSL\system\CodeIgniter.php(915): App\Controllers\Kolektibilitas->index()
#7 C:\Users\ROG\Documents\GitHub\TJSL\system\CodeIgniter.php(492): CodeIgniter\CodeIgniter->runController(Object(App\Controllers\Kolektibilitas))
#8 C:\Users\ROG\Documents\GitHub\TJSL\system\CodeIgniter.php(353): CodeIgniter\CodeIgniter->handleRequest(NULL, Object(Config\Cache), false)
#9 C:\Users\ROG\Documents\GitHub\TJSL\public\index.php(79): CodeIgniter\CodeIgniter->run()
#10 C:\Users\ROG\Documents\GitHub\TJSL\system\Commands\Server\rewrite.php(47): require_once('C:\\Users\\ROG\\Do...')
#11 {main}
CRITICAL - 2024-01-25 03:33:01 --> You have an error in your SQL syntax; check the manual that corresponds to your MySQL server version for the right syntax to use near 'SELECT no_kontrak, MIN(tanggal_cicilan), MIN(kode_kolektibilitas) FROM cicilan G' at line 1
in SYSTEMPATH\Database\BaseConnection.php on line 646.
 1 SYSTEMPATH\Database\BaseBuilder.php(1616): CodeIgniter\Database\BaseConnection->query('SELECT SELECT no_kontrak, MIN(tanggal_cicilan), MIN(kode_kolektibilitas) FROM cicilan GROUP BY no_kontrak
FROM `cicilan`', [], false)
 2 SYSTEMPATH\Model.php(871): CodeIgniter\Database\BaseBuilder->get()
 3 APPPATH\Controllers\Kolektibilitas.php(24): CodeIgniter\Model->__call('get', [])
 4 SYSTEMPATH\CodeIgniter.php(915): App\Controllers\Kolektibilitas->index()
 5 SYSTEMPATH\CodeIgniter.php(492): CodeIgniter\CodeIgniter->runController(Object(App\Controllers\Kolektibilitas))
 6 SYSTEMPATH\CodeIgniter.php(353): CodeIgniter\CodeIgniter->handleRequest(null, Object(Config\Cache), false)
 7 FCPATH\index.php(79): CodeIgniter\CodeIgniter->run()
 8 SYSTEMPATH\Commands\Server\rewrite.php(47): require_once('C:\\Users\\ROG\\Documents\\GitHub\\TJSL\\public\\index.php')
ERROR - 2024-01-25 03:33:02 --> mysqli_sql_exception: You have an error in your SQL syntax; check the manual that corresponds to your MySQL server version for the right syntax to use near 'SELECT no_kontrak, MIN(tanggal_cicilan), MIN(kode_kolektibilitas) FROM cicilan G' at line 1 in C:\Users\ROG\Documents\GitHub\TJSL\system\Database\MySQLi\Connection.php:306
Stack trace:
#0 C:\Users\ROG\Documents\GitHub\TJSL\system\Database\MySQLi\Connection.php(306): mysqli->query('SELECT SELECT n...', 0)
#1 C:\Users\ROG\Documents\GitHub\TJSL\system\Database\BaseConnection.php(692): CodeIgniter\Database\MySQLi\Connection->execute('SELECT SELECT n...')
#2 C:\Users\ROG\Documents\GitHub\TJSL\system\Database\BaseConnection.php(606): CodeIgniter\Database\BaseConnection->simpleQuery('SELECT SELECT n...')
#3 C:\Users\ROG\Documents\GitHub\TJSL\system\Database\BaseBuilder.php(1616): CodeIgniter\Database\BaseConnection->query('SELECT SELECT n...', Array, false)
#4 C:\Users\ROG\Documents\GitHub\TJSL\system\Model.php(871): CodeIgniter\Database\BaseBuilder->get()
#5 C:\Users\ROG\Documents\GitHub\TJSL\app\Controllers\Kolektibilitas.php(24): CodeIgniter\Model->__call('get', Array)
#6 C:\Users\ROG\Documents\GitHub\TJSL\system\CodeIgniter.php(915): App\Controllers\Kolektibilitas->index()
#7 C:\Users\ROG\Documents\GitHub\TJSL\system\CodeIgniter.php(492): CodeIgniter\CodeIgniter->runController(Object(App\Controllers\Kolektibilitas))
#8 C:\Users\ROG\Documents\GitHub\TJSL\system\CodeIgniter.php(353): CodeIgniter\CodeIgniter->handleRequest(NULL, Object(Config\Cache), false)
#9 C:\Users\ROG\Documents\GitHub\TJSL\public\index.php(79): CodeIgniter\CodeIgniter->run()
#10 C:\Users\ROG\Documents\GitHub\TJSL\system\Commands\Server\rewrite.php(47): require_once('C:\\Users\\ROG\\Do...')
#11 {main}
CRITICAL - 2024-01-25 03:33:02 --> You have an error in your SQL syntax; check the manual that corresponds to your MySQL server version for the right syntax to use near 'SELECT no_kontrak, MIN(tanggal_cicilan), MIN(kode_kolektibilitas) FROM cicilan G' at line 1
in SYSTEMPATH\Database\BaseConnection.php on line 646.
 1 SYSTEMPATH\Database\BaseBuilder.php(1616): CodeIgniter\Database\BaseConnection->query('SELECT SELECT no_kontrak, MIN(tanggal_cicilan), MIN(kode_kolektibilitas) FROM cicilan GROUP BY no_kontrak
FROM `cicilan`', [], false)
 2 SYSTEMPATH\Model.php(871): CodeIgniter\Database\BaseBuilder->get()
 3 APPPATH\Controllers\Kolektibilitas.php(24): CodeIgniter\Model->__call('get', [])
 4 SYSTEMPATH\CodeIgniter.php(915): App\Controllers\Kolektibilitas->index()
 5 SYSTEMPATH\CodeIgniter.php(492): CodeIgniter\CodeIgniter->runController(Object(App\Controllers\Kolektibilitas))
 6 SYSTEMPATH\CodeIgniter.php(353): CodeIgniter\CodeIgniter->handleRequest(null, Object(Config\Cache), false)
 7 FCPATH\index.php(79): CodeIgniter\CodeIgniter->run()
 8 SYSTEMPATH\Commands\Server\rewrite.php(47): require_once('C:\\Users\\ROG\\Documents\\GitHub\\TJSL\\public\\index.php')
ERROR - 2024-01-25 03:33:02 --> mysqli_sql_exception: You have an error in your SQL syntax; check the manual that corresponds to your MySQL server version for the right syntax to use near 'SELECT no_kontrak, MIN(tanggal_cicilan), MIN(kode_kolektibilitas) FROM cicilan G' at line 1 in C:\Users\ROG\Documents\GitHub\TJSL\system\Database\MySQLi\Connection.php:306
Stack trace:
#0 C:\Users\ROG\Documents\GitHub\TJSL\system\Database\MySQLi\Connection.php(306): mysqli->query('SELECT SELECT n...', 0)
#1 C:\Users\ROG\Documents\GitHub\TJSL\system\Database\BaseConnection.php(692): CodeIgniter\Database\MySQLi\Connection->execute('SELECT SELECT n...')
#2 C:\Users\ROG\Documents\GitHub\TJSL\system\Database\BaseConnection.php(606): CodeIgniter\Database\BaseConnection->simpleQuery('SELECT SELECT n...')
#3 C:\Users\ROG\Documents\GitHub\TJSL\system\Database\BaseBuilder.php(1616): CodeIgniter\Database\BaseConnection->query('SELECT SELECT n...', Array, false)
#4 C:\Users\ROG\Documents\GitHub\TJSL\system\Model.php(871): CodeIgniter\Database\BaseBuilder->get()
#5 C:\Users\ROG\Documents\GitHub\TJSL\app\Controllers\Kolektibilitas.php(24): CodeIgniter\Model->__call('get', Array)
#6 C:\Users\ROG\Documents\GitHub\TJSL\system\CodeIgniter.php(915): App\Controllers\Kolektibilitas->index()
#7 C:\Users\ROG\Documents\GitHub\TJSL\system\CodeIgniter.php(492): CodeIgniter\CodeIgniter->runController(Object(App\Controllers\Kolektibilitas))
#8 C:\Users\ROG\Documents\GitHub\TJSL\system\CodeIgniter.php(353): CodeIgniter\CodeIgniter->handleRequest(NULL, Object(Config\Cache), false)
#9 C:\Users\ROG\Documents\GitHub\TJSL\public\index.php(79): CodeIgniter\CodeIgniter->run()
#10 C:\Users\ROG\Documents\GitHub\TJSL\system\Commands\Server\rewrite.php(47): require_once('C:\\Users\\ROG\\Do...')
#11 {main}
CRITICAL - 2024-01-25 03:33:02 --> You have an error in your SQL syntax; check the manual that corresponds to your MySQL server version for the right syntax to use near 'SELECT no_kontrak, MIN(tanggal_cicilan), MIN(kode_kolektibilitas) FROM cicilan G' at line 1
in SYSTEMPATH\Database\BaseConnection.php on line 646.
 1 SYSTEMPATH\Database\BaseBuilder.php(1616): CodeIgniter\Database\BaseConnection->query('SELECT SELECT no_kontrak, MIN(tanggal_cicilan), MIN(kode_kolektibilitas) FROM cicilan GROUP BY no_kontrak
FROM `cicilan`', [], false)
 2 SYSTEMPATH\Model.php(871): CodeIgniter\Database\BaseBuilder->get()
 3 APPPATH\Controllers\Kolektibilitas.php(24): CodeIgniter\Model->__call('get', [])
 4 SYSTEMPATH\CodeIgniter.php(915): App\Controllers\Kolektibilitas->index()
 5 SYSTEMPATH\CodeIgniter.php(492): CodeIgniter\CodeIgniter->runController(Object(App\Controllers\Kolektibilitas))
 6 SYSTEMPATH\CodeIgniter.php(353): CodeIgniter\CodeIgniter->handleRequest(null, Object(Config\Cache), false)
 7 FCPATH\index.php(79): CodeIgniter\CodeIgniter->run()
 8 SYSTEMPATH\Commands\Server\rewrite.php(47): require_once('C:\\Users\\ROG\\Documents\\GitHub\\TJSL\\public\\index.php')
ERROR - 2024-01-25 03:33:03 --> mysqli_sql_exception: You have an error in your SQL syntax; check the manual that corresponds to your MySQL server version for the right syntax to use near 'SELECT no_kontrak, MIN(tanggal_cicilan), MIN(kode_kolektibilitas) FROM cicilan G' at line 1 in C:\Users\ROG\Documents\GitHub\TJSL\system\Database\MySQLi\Connection.php:306
Stack trace:
#0 C:\Users\ROG\Documents\GitHub\TJSL\system\Database\MySQLi\Connection.php(306): mysqli->query('SELECT SELECT n...', 0)
#1 C:\Users\ROG\Documents\GitHub\TJSL\system\Database\BaseConnection.php(692): CodeIgniter\Database\MySQLi\Connection->execute('SELECT SELECT n...')
#2 C:\Users\ROG\Documents\GitHub\TJSL\system\Database\BaseConnection.php(606): CodeIgniter\Database\BaseConnection->simpleQuery('SELECT SELECT n...')
#3 C:\Users\ROG\Documents\GitHub\TJSL\system\Database\BaseBuilder.php(1616): CodeIgniter\Database\BaseConnection->query('SELECT SELECT n...', Array, false)
#4 C:\Users\ROG\Documents\GitHub\TJSL\system\Model.php(871): CodeIgniter\Database\BaseBuilder->get()
#5 C:\Users\ROG\Documents\GitHub\TJSL\app\Controllers\Kolektibilitas.php(24): CodeIgniter\Model->__call('get', Array)
#6 C:\Users\ROG\Documents\GitHub\TJSL\system\CodeIgniter.php(915): App\Controllers\Kolektibilitas->index()
#7 C:\Users\ROG\Documents\GitHub\TJSL\system\CodeIgniter.php(492): CodeIgniter\CodeIgniter->runController(Object(App\Controllers\Kolektibilitas))
#8 C:\Users\ROG\Documents\GitHub\TJSL\system\CodeIgniter.php(353): CodeIgniter\CodeIgniter->handleRequest(NULL, Object(Config\Cache), false)
#9 C:\Users\ROG\Documents\GitHub\TJSL\public\index.php(79): CodeIgniter\CodeIgniter->run()
#10 C:\Users\ROG\Documents\GitHub\TJSL\system\Commands\Server\rewrite.php(47): require_once('C:\\Users\\ROG\\Do...')
#11 {main}
CRITICAL - 2024-01-25 03:33:03 --> You have an error in your SQL syntax; check the manual that corresponds to your MySQL server version for the right syntax to use near 'SELECT no_kontrak, MIN(tanggal_cicilan), MIN(kode_kolektibilitas) FROM cicilan G' at line 1
in SYSTEMPATH\Database\BaseConnection.php on line 646.
 1 SYSTEMPATH\Database\BaseBuilder.php(1616): CodeIgniter\Database\BaseConnection->query('SELECT SELECT no_kontrak, MIN(tanggal_cicilan), MIN(kode_kolektibilitas) FROM cicilan GROUP BY no_kontrak
FROM `cicilan`', [], false)
 2 SYSTEMPATH\Model.php(871): CodeIgniter\Database\BaseBuilder->get()
 3 APPPATH\Controllers\Kolektibilitas.php(24): CodeIgniter\Model->__call('get', [])
 4 SYSTEMPATH\CodeIgniter.php(915): App\Controllers\Kolektibilitas->index()
 5 SYSTEMPATH\CodeIgniter.php(492): CodeIgniter\CodeIgniter->runController(Object(App\Controllers\Kolektibilitas))
 6 SYSTEMPATH\CodeIgniter.php(353): CodeIgniter\CodeIgniter->handleRequest(null, Object(Config\Cache), false)
 7 FCPATH\index.php(79): CodeIgniter\CodeIgniter->run()
 8 SYSTEMPATH\Commands\Server\rewrite.php(47): require_once('C:\\Users\\ROG\\Documents\\GitHub\\TJSL\\public\\index.php')
ERROR - 2024-01-25 03:33:03 --> mysqli_sql_exception: You have an error in your SQL syntax; check the manual that corresponds to your MySQL server version for the right syntax to use near 'SELECT no_kontrak, MIN(tanggal_cicilan), MIN(kode_kolektibilitas) FROM cicilan G' at line 1 in C:\Users\ROG\Documents\GitHub\TJSL\system\Database\MySQLi\Connection.php:306
Stack trace:
#0 C:\Users\ROG\Documents\GitHub\TJSL\system\Database\MySQLi\Connection.php(306): mysqli->query('SELECT SELECT n...', 0)
#1 C:\Users\ROG\Documents\GitHub\TJSL\system\Database\BaseConnection.php(692): CodeIgniter\Database\MySQLi\Connection->execute('SELECT SELECT n...')
#2 C:\Users\ROG\Documents\GitHub\TJSL\system\Database\BaseConnection.php(606): CodeIgniter\Database\BaseConnection->simpleQuery('SELECT SELECT n...')
#3 C:\Users\ROG\Documents\GitHub\TJSL\system\Database\BaseBuilder.php(1616): CodeIgniter\Database\BaseConnection->query('SELECT SELECT n...', Array, false)
#4 C:\Users\ROG\Documents\GitHub\TJSL\system\Model.php(871): CodeIgniter\Database\BaseBuilder->get()
#5 C:\Users\ROG\Documents\GitHub\TJSL\app\Controllers\Kolektibilitas.php(24): CodeIgniter\Model->__call('get', Array)
#6 C:\Users\ROG\Documents\GitHub\TJSL\system\CodeIgniter.php(915): App\Controllers\Kolektibilitas->index()
#7 C:\Users\ROG\Documents\GitHub\TJSL\system\CodeIgniter.php(492): CodeIgniter\CodeIgniter->runController(Object(App\Controllers\Kolektibilitas))
#8 C:\Users\ROG\Documents\GitHub\TJSL\system\CodeIgniter.php(353): CodeIgniter\CodeIgniter->handleRequest(NULL, Object(Config\Cache), false)
#9 C:\Users\ROG\Documents\GitHub\TJSL\public\index.php(79): CodeIgniter\CodeIgniter->run()
#10 C:\Users\ROG\Documents\GitHub\TJSL\system\Commands\Server\rewrite.php(47): require_once('C:\\Users\\ROG\\Do...')
#11 {main}
CRITICAL - 2024-01-25 03:33:03 --> You have an error in your SQL syntax; check the manual that corresponds to your MySQL server version for the right syntax to use near 'SELECT no_kontrak, MIN(tanggal_cicilan), MIN(kode_kolektibilitas) FROM cicilan G' at line 1
in SYSTEMPATH\Database\BaseConnection.php on line 646.
 1 SYSTEMPATH\Database\BaseBuilder.php(1616): CodeIgniter\Database\BaseConnection->query('SELECT SELECT no_kontrak, MIN(tanggal_cicilan), MIN(kode_kolektibilitas) FROM cicilan GROUP BY no_kontrak
FROM `cicilan`', [], false)
 2 SYSTEMPATH\Model.php(871): CodeIgniter\Database\BaseBuilder->get()
 3 APPPATH\Controllers\Kolektibilitas.php(24): CodeIgniter\Model->__call('get', [])
 4 SYSTEMPATH\CodeIgniter.php(915): App\Controllers\Kolektibilitas->index()
 5 SYSTEMPATH\CodeIgniter.php(492): CodeIgniter\CodeIgniter->runController(Object(App\Controllers\Kolektibilitas))
 6 SYSTEMPATH\CodeIgniter.php(353): CodeIgniter\CodeIgniter->handleRequest(null, Object(Config\Cache), false)
 7 FCPATH\index.php(79): CodeIgniter\CodeIgniter->run()
 8 SYSTEMPATH\Commands\Server\rewrite.php(47): require_once('C:\\Users\\ROG\\Documents\\GitHub\\TJSL\\public\\index.php')
ERROR - 2024-01-25 04:03:58 --> mysqli_sql_exception: You have an error in your SQL syntax; check the manual that corresponds to your MySQL server version for the right syntax to use near 'SELECT no_kontrak, MIN(tanggal_cicilan), MIN(kode_kolektibilitas) FROM cicilan
F' at line 1 in C:\Users\ROG\Documents\GitHub\TJSL\system\Database\MySQLi\Connection.php:306
Stack trace:
#0 C:\Users\ROG\Documents\GitHub\TJSL\system\Database\MySQLi\Connection.php(306): mysqli->query('SELECT SELECT n...', 0)
#1 C:\Users\ROG\Documents\GitHub\TJSL\system\Database\BaseConnection.php(692): CodeIgniter\Database\MySQLi\Connection->execute('SELECT SELECT n...')
#2 C:\Users\ROG\Documents\GitHub\TJSL\system\Database\BaseConnection.php(606): CodeIgniter\Database\BaseConnection->simpleQuery('SELECT SELECT n...')
#3 C:\Users\ROG\Documents\GitHub\TJSL\system\Database\BaseBuilder.php(1616): CodeIgniter\Database\BaseConnection->query('SELECT SELECT n...', Array, false)
#4 C:\Users\ROG\Documents\GitHub\TJSL\system\Model.php(871): CodeIgniter\Database\BaseBuilder->get()
#5 C:\Users\ROG\Documents\GitHub\TJSL\app\Controllers\Kolektibilitas.php(24): CodeIgniter\Model->__call('get', Array)
#6 C:\Users\ROG\Documents\GitHub\TJSL\system\CodeIgniter.php(915): App\Controllers\Kolektibilitas->index()
#7 C:\Users\ROG\Documents\GitHub\TJSL\system\CodeIgniter.php(492): CodeIgniter\CodeIgniter->runController(Object(App\Controllers\Kolektibilitas))
#8 C:\Users\ROG\Documents\GitHub\TJSL\system\CodeIgniter.php(353): CodeIgniter\CodeIgniter->handleRequest(NULL, Object(Config\Cache), false)
#9 C:\Users\ROG\Documents\GitHub\TJSL\public\index.php(79): CodeIgniter\CodeIgniter->run()
#10 C:\Users\ROG\Documents\GitHub\TJSL\system\Commands\Server\rewrite.php(47): require_once('C:\\Users\\ROG\\Do...')
#11 {main}
CRITICAL - 2024-01-25 04:03:58 --> You have an error in your SQL syntax; check the manual that corresponds to your MySQL server version for the right syntax to use near 'SELECT no_kontrak, MIN(tanggal_cicilan), MIN(kode_kolektibilitas) FROM cicilan
F' at line 1
in SYSTEMPATH\Database\BaseConnection.php on line 646.
 1 SYSTEMPATH\Database\BaseBuilder.php(1616): CodeIgniter\Database\BaseConnection->query('SELECT SELECT no_kontrak, MIN(tanggal_cicilan), MIN(kode_kolektibilitas) FROM cicilan
FROM `cicilan`', [], false)
 2 SYSTEMPATH\Model.php(871): CodeIgniter\Database\BaseBuilder->get()
 3 APPPATH\Controllers\Kolektibilitas.php(24): CodeIgniter\Model->__call('get', [])
 4 SYSTEMPATH\CodeIgniter.php(915): App\Controllers\Kolektibilitas->index()
 5 SYSTEMPATH\CodeIgniter.php(492): CodeIgniter\CodeIgniter->runController(Object(App\Controllers\Kolektibilitas))
 6 SYSTEMPATH\CodeIgniter.php(353): CodeIgniter\CodeIgniter->handleRequest(null, Object(Config\Cache), false)
 7 FCPATH\index.php(79): CodeIgniter\CodeIgniter->run()
 8 SYSTEMPATH\Commands\Server\rewrite.php(47): require_once('C:\\Users\\ROG\\Documents\\GitHub\\TJSL\\public\\index.php')
ERROR - 2024-01-25 04:06:03 --> mysqli_sql_exception: You have an error in your SQL syntax; check the manual that corresponds to your MySQL server version for the right syntax to use near 'SELECT no_kontrak, MIN(tanggal_cicilan), MIN(kode_kolektibilitas) FROM cicilan G' at line 1 in C:\Users\ROG\Documents\GitHub\TJSL\system\Database\MySQLi\Connection.php:306
Stack trace:
#0 C:\Users\ROG\Documents\GitHub\TJSL\system\Database\MySQLi\Connection.php(306): mysqli->query('SELECT SELECT n...', 0)
#1 C:\Users\ROG\Documents\GitHub\TJSL\system\Database\BaseConnection.php(692): CodeIgniter\Database\MySQLi\Connection->execute('SELECT SELECT n...')
#2 C:\Users\ROG\Documents\GitHub\TJSL\system\Database\BaseConnection.php(606): CodeIgniter\Database\BaseConnection->simpleQuery('SELECT SELECT n...')
#3 C:\Users\ROG\Documents\GitHub\TJSL\system\Database\BaseBuilder.php(1616): CodeIgniter\Database\BaseConnection->query('SELECT SELECT n...', Array, false)
#4 C:\Users\ROG\Documents\GitHub\TJSL\system\Model.php(871): CodeIgniter\Database\BaseBuilder->get()
#5 C:\Users\ROG\Documents\GitHub\TJSL\app\Controllers\Kolektibilitas.php(24): CodeIgniter\Model->__call('get', Array)
#6 C:\Users\ROG\Documents\GitHub\TJSL\system\CodeIgniter.php(915): App\Controllers\Kolektibilitas->index()
#7 C:\Users\ROG\Documents\GitHub\TJSL\system\CodeIgniter.php(492): CodeIgniter\CodeIgniter->runController(Object(App\Controllers\Kolektibilitas))
#8 C:\Users\ROG\Documents\GitHub\TJSL\system\CodeIgniter.php(353): CodeIgniter\CodeIgniter->handleRequest(NULL, Object(Config\Cache), false)
#9 C:\Users\ROG\Documents\GitHub\TJSL\public\index.php(79): CodeIgniter\CodeIgniter->run()
#10 C:\Users\ROG\Documents\GitHub\TJSL\system\Commands\Server\rewrite.php(47): require_once('C:\\Users\\ROG\\Do...')
#11 {main}
CRITICAL - 2024-01-25 04:06:03 --> You have an error in your SQL syntax; check the manual that corresponds to your MySQL server version for the right syntax to use near 'SELECT no_kontrak, MIN(tanggal_cicilan), MIN(kode_kolektibilitas) FROM cicilan G' at line 1
in SYSTEMPATH\Database\BaseConnection.php on line 646.
 1 SYSTEMPATH\Database\BaseBuilder.php(1616): CodeIgniter\Database\BaseConnection->query('SELECT SELECT no_kontrak, MIN(tanggal_cicilan), MIN(kode_kolektibilitas) FROM cicilan GROUP BY no_kontrak
FROM `cicilan`', [], false)
 2 SYSTEMPATH\Model.php(871): CodeIgniter\Database\BaseBuilder->get()
 3 APPPATH\Controllers\Kolektibilitas.php(24): CodeIgniter\Model->__call('get', [])
 4 SYSTEMPATH\CodeIgniter.php(915): App\Controllers\Kolektibilitas->index()
 5 SYSTEMPATH\CodeIgniter.php(492): CodeIgniter\CodeIgniter->runController(Object(App\Controllers\Kolektibilitas))
 6 SYSTEMPATH\CodeIgniter.php(353): CodeIgniter\CodeIgniter->handleRequest(null, Object(Config\Cache), false)
 7 FCPATH\index.php(79): CodeIgniter\CodeIgniter->run()
 8 SYSTEMPATH\Commands\Server\rewrite.php(47): require_once('C:\\Users\\ROG\\Documents\\GitHub\\TJSL\\public\\index.php')
ERROR - 2024-01-25 04:09:29 --> mysqli_sql_exception: You have an error in your SQL syntax; check the manual that corresponds to your MySQL server version for the right syntax to use near 'FROM `cicilan`' at line 2 in C:\Users\ROG\Documents\GitHub\TJSL\system\Database\MySQLi\Connection.php:306
Stack trace:
#0 C:\Users\ROG\Documents\GitHub\TJSL\system\Database\MySQLi\Connection.php(306): mysqli->query('SELECT (SELECT ...', 0)
#1 C:\Users\ROG\Documents\GitHub\TJSL\system\Database\BaseConnection.php(692): CodeIgniter\Database\MySQLi\Connection->execute('SELECT (SELECT ...')
#2 C:\Users\ROG\Documents\GitHub\TJSL\system\Database\BaseConnection.php(606): CodeIgniter\Database\BaseConnection->simpleQuery('SELECT (SELECT ...')
#3 C:\Users\ROG\Documents\GitHub\TJSL\system\Database\BaseBuilder.php(1616): CodeIgniter\Database\BaseConnection->query('SELECT (SELECT ...', Array, false)
#4 C:\Users\ROG\Documents\GitHub\TJSL\system\Model.php(871): CodeIgniter\Database\BaseBuilder->get()
#5 C:\Users\ROG\Documents\GitHub\TJSL\app\Controllers\Kolektibilitas.php(24): CodeIgniter\Model->__call('get', Array)
#6 C:\Users\ROG\Documents\GitHub\TJSL\system\CodeIgniter.php(915): App\Controllers\Kolektibilitas->index()
#7 C:\Users\ROG\Documents\GitHub\TJSL\system\CodeIgniter.php(492): CodeIgniter\CodeIgniter->runController(Object(App\Controllers\Kolektibilitas))
#8 C:\Users\ROG\Documents\GitHub\TJSL\system\CodeIgniter.php(353): CodeIgniter\CodeIgniter->handleRequest(NULL, Object(Config\Cache), false)
#9 C:\Users\ROG\Documents\GitHub\TJSL\public\index.php(79): CodeIgniter\CodeIgniter->run()
#10 C:\Users\ROG\Documents\GitHub\TJSL\system\Commands\Server\rewrite.php(47): require_once('C:\\Users\\ROG\\Do...')
#11 {main}
CRITICAL - 2024-01-25 04:09:29 --> You have an error in your SQL syntax; check the manual that corresponds to your MySQL server version for the right syntax to use near 'FROM `cicilan`' at line 2
in SYSTEMPATH\Database\BaseConnection.php on line 646.
 1 SYSTEMPATH\Database\BaseBuilder.php(1616): CodeIgniter\Database\BaseConnection->query('SELECT (SELECT no_kontrak, MIN(tanggal_cicilan), MIN(kode_kolektibilitas) FROM cicilan) GROUP BY no_kontrak
FROM `cicilan`', [], false)
 2 SYSTEMPATH\Model.php(871): CodeIgniter\Database\BaseBuilder->get()
 3 APPPATH\Controllers\Kolektibilitas.php(24): CodeIgniter\Model->__call('get', [])
 4 SYSTEMPATH\CodeIgniter.php(915): App\Controllers\Kolektibilitas->index()
 5 SYSTEMPATH\CodeIgniter.php(492): CodeIgniter\CodeIgniter->runController(Object(App\Controllers\Kolektibilitas))
 6 SYSTEMPATH\CodeIgniter.php(353): CodeIgniter\CodeIgniter->handleRequest(null, Object(Config\Cache), false)
 7 FCPATH\index.php(79): CodeIgniter\CodeIgniter->run()
 8 SYSTEMPATH\Commands\Server\rewrite.php(47): require_once('C:\\Users\\ROG\\Documents\\GitHub\\TJSL\\public\\index.php')
ERROR - 2024-01-25 04:10:11 --> mysqli_sql_exception: You have an error in your SQL syntax; check the manual that corresponds to your MySQL server version for the right syntax to use near 'SELECT no_kontrak, MIN(tanggal_cicilan), MIN(kode_kolektibilitas) FROM cicilan G' at line 1 in C:\Users\ROG\Documents\GitHub\TJSL\system\Database\MySQLi\Connection.php:306
Stack trace:
#0 C:\Users\ROG\Documents\GitHub\TJSL\system\Database\MySQLi\Connection.php(306): mysqli->query('SELECT SELECT n...', 0)
#1 C:\Users\ROG\Documents\GitHub\TJSL\system\Database\BaseConnection.php(692): CodeIgniter\Database\MySQLi\Connection->execute('SELECT SELECT n...')
#2 C:\Users\ROG\Documents\GitHub\TJSL\system\Database\BaseConnection.php(606): CodeIgniter\Database\BaseConnection->simpleQuery('SELECT SELECT n...')
#3 C:\Users\ROG\Documents\GitHub\TJSL\system\Database\BaseBuilder.php(1616): CodeIgniter\Database\BaseConnection->query('SELECT SELECT n...', Array, false)
#4 C:\Users\ROG\Documents\GitHub\TJSL\system\Model.php(871): CodeIgniter\Database\BaseBuilder->get()
#5 C:\Users\ROG\Documents\GitHub\TJSL\app\Controllers\Kolektibilitas.php(24): CodeIgniter\Model->__call('get', Array)
#6 C:\Users\ROG\Documents\GitHub\TJSL\system\CodeIgniter.php(915): App\Controllers\Kolektibilitas->index()
#7 C:\Users\ROG\Documents\GitHub\TJSL\system\CodeIgniter.php(492): CodeIgniter\CodeIgniter->runController(Object(App\Controllers\Kolektibilitas))
#8 C:\Users\ROG\Documents\GitHub\TJSL\system\CodeIgniter.php(353): CodeIgniter\CodeIgniter->handleRequest(NULL, Object(Config\Cache), false)
#9 C:\Users\ROG\Documents\GitHub\TJSL\public\index.php(79): CodeIgniter\CodeIgniter->run()
#10 C:\Users\ROG\Documents\GitHub\TJSL\system\Commands\Server\rewrite.php(47): require_once('C:\\Users\\ROG\\Do...')
#11 {main}
CRITICAL - 2024-01-25 04:10:11 --> You have an error in your SQL syntax; check the manual that corresponds to your MySQL server version for the right syntax to use near 'SELECT no_kontrak, MIN(tanggal_cicilan), MIN(kode_kolektibilitas) FROM cicilan G' at line 1
in SYSTEMPATH\Database\BaseConnection.php on line 646.
 1 SYSTEMPATH\Database\BaseBuilder.php(1616): CodeIgniter\Database\BaseConnection->query('SELECT SELECT no_kontrak, MIN(tanggal_cicilan), MIN(kode_kolektibilitas) FROM cicilan GROUP BY no_kontrak
FROM `cicilan`', [], false)
 2 SYSTEMPATH\Model.php(871): CodeIgniter\Database\BaseBuilder->get()
 3 APPPATH\Controllers\Kolektibilitas.php(24): CodeIgniter\Model->__call('get', [])
 4 SYSTEMPATH\CodeIgniter.php(915): App\Controllers\Kolektibilitas->index()
 5 SYSTEMPATH\CodeIgniter.php(492): CodeIgniter\CodeIgniter->runController(Object(App\Controllers\Kolektibilitas))
 6 SYSTEMPATH\CodeIgniter.php(353): CodeIgniter\CodeIgniter->handleRequest(null, Object(Config\Cache), false)
 7 FCPATH\index.php(79): CodeIgniter\CodeIgniter->run()
 8 SYSTEMPATH\Commands\Server\rewrite.php(47): require_once('C:\\Users\\ROG\\Documents\\GitHub\\TJSL\\public\\index.php')
ERROR - 2024-01-25 04:10:12 --> mysqli_sql_exception: You have an error in your SQL syntax; check the manual that corresponds to your MySQL server version for the right syntax to use near 'SELECT no_kontrak, MIN(tanggal_cicilan), MIN(kode_kolektibilitas) FROM cicilan G' at line 1 in C:\Users\ROG\Documents\GitHub\TJSL\system\Database\MySQLi\Connection.php:306
Stack trace:
#0 C:\Users\ROG\Documents\GitHub\TJSL\system\Database\MySQLi\Connection.php(306): mysqli->query('SELECT SELECT n...', 0)
#1 C:\Users\ROG\Documents\GitHub\TJSL\system\Database\BaseConnection.php(692): CodeIgniter\Database\MySQLi\Connection->execute('SELECT SELECT n...')
#2 C:\Users\ROG\Documents\GitHub\TJSL\system\Database\BaseConnection.php(606): CodeIgniter\Database\BaseConnection->simpleQuery('SELECT SELECT n...')
#3 C:\Users\ROG\Documents\GitHub\TJSL\system\Database\BaseBuilder.php(1616): CodeIgniter\Database\BaseConnection->query('SELECT SELECT n...', Array, false)
#4 C:\Users\ROG\Documents\GitHub\TJSL\system\Model.php(871): CodeIgniter\Database\BaseBuilder->get()
#5 C:\Users\ROG\Documents\GitHub\TJSL\app\Controllers\Kolektibilitas.php(24): CodeIgniter\Model->__call('get', Array)
#6 C:\Users\ROG\Documents\GitHub\TJSL\system\CodeIgniter.php(915): App\Controllers\Kolektibilitas->index()
#7 C:\Users\ROG\Documents\GitHub\TJSL\system\CodeIgniter.php(492): CodeIgniter\CodeIgniter->runController(Object(App\Controllers\Kolektibilitas))
#8 C:\Users\ROG\Documents\GitHub\TJSL\system\CodeIgniter.php(353): CodeIgniter\CodeIgniter->handleRequest(NULL, Object(Config\Cache), false)
#9 C:\Users\ROG\Documents\GitHub\TJSL\public\index.php(79): CodeIgniter\CodeIgniter->run()
#10 C:\Users\ROG\Documents\GitHub\TJSL\system\Commands\Server\rewrite.php(47): require_once('C:\\Users\\ROG\\Do...')
#11 {main}
CRITICAL - 2024-01-25 04:10:12 --> You have an error in your SQL syntax; check the manual that corresponds to your MySQL server version for the right syntax to use near 'SELECT no_kontrak, MIN(tanggal_cicilan), MIN(kode_kolektibilitas) FROM cicilan G' at line 1
in SYSTEMPATH\Database\BaseConnection.php on line 646.
 1 SYSTEMPATH\Database\BaseBuilder.php(1616): CodeIgniter\Database\BaseConnection->query('SELECT SELECT no_kontrak, MIN(tanggal_cicilan), MIN(kode_kolektibilitas) FROM cicilan GROUP BY no_kontrak
FROM `cicilan`', [], false)
 2 SYSTEMPATH\Model.php(871): CodeIgniter\Database\BaseBuilder->get()
 3 APPPATH\Controllers\Kolektibilitas.php(24): CodeIgniter\Model->__call('get', [])
 4 SYSTEMPATH\CodeIgniter.php(915): App\Controllers\Kolektibilitas->index()
 5 SYSTEMPATH\CodeIgniter.php(492): CodeIgniter\CodeIgniter->runController(Object(App\Controllers\Kolektibilitas))
 6 SYSTEMPATH\CodeIgniter.php(353): CodeIgniter\CodeIgniter->handleRequest(null, Object(Config\Cache), false)
 7 FCPATH\index.php(79): CodeIgniter\CodeIgniter->run()
 8 SYSTEMPATH\Commands\Server\rewrite.php(47): require_once('C:\\Users\\ROG\\Documents\\GitHub\\TJSL\\public\\index.php')
ERROR - 2024-01-25 04:10:12 --> mysqli_sql_exception: You have an error in your SQL syntax; check the manual that corresponds to your MySQL server version for the right syntax to use near 'SELECT no_kontrak, MIN(tanggal_cicilan), MIN(kode_kolektibilitas) FROM cicilan G' at line 1 in C:\Users\ROG\Documents\GitHub\TJSL\system\Database\MySQLi\Connection.php:306
Stack trace:
#0 C:\Users\ROG\Documents\GitHub\TJSL\system\Database\MySQLi\Connection.php(306): mysqli->query('SELECT SELECT n...', 0)
#1 C:\Users\ROG\Documents\GitHub\TJSL\system\Database\BaseConnection.php(692): CodeIgniter\Database\MySQLi\Connection->execute('SELECT SELECT n...')
#2 C:\Users\ROG\Documents\GitHub\TJSL\system\Database\BaseConnection.php(606): CodeIgniter\Database\BaseConnection->simpleQuery('SELECT SELECT n...')
#3 C:\Users\ROG\Documents\GitHub\TJSL\system\Database\BaseBuilder.php(1616): CodeIgniter\Database\BaseConnection->query('SELECT SELECT n...', Array, false)
#4 C:\Users\ROG\Documents\GitHub\TJSL\system\Model.php(871): CodeIgniter\Database\BaseBuilder->get()
#5 C:\Users\ROG\Documents\GitHub\TJSL\app\Controllers\Kolektibilitas.php(24): CodeIgniter\Model->__call('get', Array)
#6 C:\Users\ROG\Documents\GitHub\TJSL\system\CodeIgniter.php(915): App\Controllers\Kolektibilitas->index()
#7 C:\Users\ROG\Documents\GitHub\TJSL\system\CodeIgniter.php(492): CodeIgniter\CodeIgniter->runController(Object(App\Controllers\Kolektibilitas))
#8 C:\Users\ROG\Documents\GitHub\TJSL\system\CodeIgniter.php(353): CodeIgniter\CodeIgniter->handleRequest(NULL, Object(Config\Cache), false)
#9 C:\Users\ROG\Documents\GitHub\TJSL\public\index.php(79): CodeIgniter\CodeIgniter->run()
#10 C:\Users\ROG\Documents\GitHub\TJSL\system\Commands\Server\rewrite.php(47): require_once('C:\\Users\\ROG\\Do...')
#11 {main}
CRITICAL - 2024-01-25 04:10:12 --> You have an error in your SQL syntax; check the manual that corresponds to your MySQL server version for the right syntax to use near 'SELECT no_kontrak, MIN(tanggal_cicilan), MIN(kode_kolektibilitas) FROM cicilan G' at line 1
in SYSTEMPATH\Database\BaseConnection.php on line 646.
 1 SYSTEMPATH\Database\BaseBuilder.php(1616): CodeIgniter\Database\BaseConnection->query('SELECT SELECT no_kontrak, MIN(tanggal_cicilan), MIN(kode_kolektibilitas) FROM cicilan GROUP BY no_kontrak
FROM `cicilan`', [], false)
 2 SYSTEMPATH\Model.php(871): CodeIgniter\Database\BaseBuilder->get()
 3 APPPATH\Controllers\Kolektibilitas.php(24): CodeIgniter\Model->__call('get', [])
 4 SYSTEMPATH\CodeIgniter.php(915): App\Controllers\Kolektibilitas->index()
 5 SYSTEMPATH\CodeIgniter.php(492): CodeIgniter\CodeIgniter->runController(Object(App\Controllers\Kolektibilitas))
 6 SYSTEMPATH\CodeIgniter.php(353): CodeIgniter\CodeIgniter->handleRequest(null, Object(Config\Cache), false)
 7 FCPATH\index.php(79): CodeIgniter\CodeIgniter->run()
 8 SYSTEMPATH\Commands\Server\rewrite.php(47): require_once('C:\\Users\\ROG\\Documents\\GitHub\\TJSL\\public\\index.php')
ERROR - 2024-01-25 04:10:13 --> mysqli_sql_exception: You have an error in your SQL syntax; check the manual that corresponds to your MySQL server version for the right syntax to use near 'SELECT no_kontrak, MIN(tanggal_cicilan), MIN(kode_kolektibilitas) FROM cicilan G' at line 1 in C:\Users\ROG\Documents\GitHub\TJSL\system\Database\MySQLi\Connection.php:306
Stack trace:
#0 C:\Users\ROG\Documents\GitHub\TJSL\system\Database\MySQLi\Connection.php(306): mysqli->query('SELECT SELECT n...', 0)
#1 C:\Users\ROG\Documents\GitHub\TJSL\system\Database\BaseConnection.php(692): CodeIgniter\Database\MySQLi\Connection->execute('SELECT SELECT n...')
#2 C:\Users\ROG\Documents\GitHub\TJSL\system\Database\BaseConnection.php(606): CodeIgniter\Database\BaseConnection->simpleQuery('SELECT SELECT n...')
#3 C:\Users\ROG\Documents\GitHub\TJSL\system\Database\BaseBuilder.php(1616): CodeIgniter\Database\BaseConnection->query('SELECT SELECT n...', Array, false)
#4 C:\Users\ROG\Documents\GitHub\TJSL\system\Model.php(871): CodeIgniter\Database\BaseBuilder->get()
#5 C:\Users\ROG\Documents\GitHub\TJSL\app\Controllers\Kolektibilitas.php(24): CodeIgniter\Model->__call('get', Array)
#6 C:\Users\ROG\Documents\GitHub\TJSL\system\CodeIgniter.php(915): App\Controllers\Kolektibilitas->index()
#7 C:\Users\ROG\Documents\GitHub\TJSL\system\CodeIgniter.php(492): CodeIgniter\CodeIgniter->runController(Object(App\Controllers\Kolektibilitas))
#8 C:\Users\ROG\Documents\GitHub\TJSL\system\CodeIgniter.php(353): CodeIgniter\CodeIgniter->handleRequest(NULL, Object(Config\Cache), false)
#9 C:\Users\ROG\Documents\GitHub\TJSL\public\index.php(79): CodeIgniter\CodeIgniter->run()
#10 C:\Users\ROG\Documents\GitHub\TJSL\system\Commands\Server\rewrite.php(47): require_once('C:\\Users\\ROG\\Do...')
#11 {main}
CRITICAL - 2024-01-25 04:10:13 --> You have an error in your SQL syntax; check the manual that corresponds to your MySQL server version for the right syntax to use near 'SELECT no_kontrak, MIN(tanggal_cicilan), MIN(kode_kolektibilitas) FROM cicilan G' at line 1
in SYSTEMPATH\Database\BaseConnection.php on line 646.
 1 SYSTEMPATH\Database\BaseBuilder.php(1616): CodeIgniter\Database\BaseConnection->query('SELECT SELECT no_kontrak, MIN(tanggal_cicilan), MIN(kode_kolektibilitas) FROM cicilan GROUP BY no_kontrak
FROM `cicilan`', [], false)
 2 SYSTEMPATH\Model.php(871): CodeIgniter\Database\BaseBuilder->get()
 3 APPPATH\Controllers\Kolektibilitas.php(24): CodeIgniter\Model->__call('get', [])
 4 SYSTEMPATH\CodeIgniter.php(915): App\Controllers\Kolektibilitas->index()
 5 SYSTEMPATH\CodeIgniter.php(492): CodeIgniter\CodeIgniter->runController(Object(App\Controllers\Kolektibilitas))
 6 SYSTEMPATH\CodeIgniter.php(353): CodeIgniter\CodeIgniter->handleRequest(null, Object(Config\Cache), false)
 7 FCPATH\index.php(79): CodeIgniter\CodeIgniter->run()
 8 SYSTEMPATH\Commands\Server\rewrite.php(47): require_once('C:\\Users\\ROG\\Documents\\GitHub\\TJSL\\public\\index.php')
ERROR - 2024-01-25 04:10:13 --> mysqli_sql_exception: You have an error in your SQL syntax; check the manual that corresponds to your MySQL server version for the right syntax to use near 'SELECT no_kontrak, MIN(tanggal_cicilan), MIN(kode_kolektibilitas) FROM cicilan G' at line 1 in C:\Users\ROG\Documents\GitHub\TJSL\system\Database\MySQLi\Connection.php:306
Stack trace:
#0 C:\Users\ROG\Documents\GitHub\TJSL\system\Database\MySQLi\Connection.php(306): mysqli->query('SELECT SELECT n...', 0)
#1 C:\Users\ROG\Documents\GitHub\TJSL\system\Database\BaseConnection.php(692): CodeIgniter\Database\MySQLi\Connection->execute('SELECT SELECT n...')
#2 C:\Users\ROG\Documents\GitHub\TJSL\system\Database\BaseConnection.php(606): CodeIgniter\Database\BaseConnection->simpleQuery('SELECT SELECT n...')
#3 C:\Users\ROG\Documents\GitHub\TJSL\system\Database\BaseBuilder.php(1616): CodeIgniter\Database\BaseConnection->query('SELECT SELECT n...', Array, false)
#4 C:\Users\ROG\Documents\GitHub\TJSL\system\Model.php(871): CodeIgniter\Database\BaseBuilder->get()
#5 C:\Users\ROG\Documents\GitHub\TJSL\app\Controllers\Kolektibilitas.php(24): CodeIgniter\Model->__call('get', Array)
#6 C:\Users\ROG\Documents\GitHub\TJSL\system\CodeIgniter.php(915): App\Controllers\Kolektibilitas->index()
#7 C:\Users\ROG\Documents\GitHub\TJSL\system\CodeIgniter.php(492): CodeIgniter\CodeIgniter->runController(Object(App\Controllers\Kolektibilitas))
#8 C:\Users\ROG\Documents\GitHub\TJSL\system\CodeIgniter.php(353): CodeIgniter\CodeIgniter->handleRequest(NULL, Object(Config\Cache), false)
#9 C:\Users\ROG\Documents\GitHub\TJSL\public\index.php(79): CodeIgniter\CodeIgniter->run()
#10 C:\Users\ROG\Documents\GitHub\TJSL\system\Commands\Server\rewrite.php(47): require_once('C:\\Users\\ROG\\Do...')
#11 {main}
CRITICAL - 2024-01-25 04:10:13 --> You have an error in your SQL syntax; check the manual that corresponds to your MySQL server version for the right syntax to use near 'SELECT no_kontrak, MIN(tanggal_cicilan), MIN(kode_kolektibilitas) FROM cicilan G' at line 1
in SYSTEMPATH\Database\BaseConnection.php on line 646.
 1 SYSTEMPATH\Database\BaseBuilder.php(1616): CodeIgniter\Database\BaseConnection->query('SELECT SELECT no_kontrak, MIN(tanggal_cicilan), MIN(kode_kolektibilitas) FROM cicilan GROUP BY no_kontrak
FROM `cicilan`', [], false)
 2 SYSTEMPATH\Model.php(871): CodeIgniter\Database\BaseBuilder->get()
 3 APPPATH\Controllers\Kolektibilitas.php(24): CodeIgniter\Model->__call('get', [])
 4 SYSTEMPATH\CodeIgniter.php(915): App\Controllers\Kolektibilitas->index()
 5 SYSTEMPATH\CodeIgniter.php(492): CodeIgniter\CodeIgniter->runController(Object(App\Controllers\Kolektibilitas))
 6 SYSTEMPATH\CodeIgniter.php(353): CodeIgniter\CodeIgniter->handleRequest(null, Object(Config\Cache), false)
 7 FCPATH\index.php(79): CodeIgniter\CodeIgniter->run()
 8 SYSTEMPATH\Commands\Server\rewrite.php(47): require_once('C:\\Users\\ROG\\Documents\\GitHub\\TJSL\\public\\index.php')
ERROR - 2024-01-25 04:10:13 --> mysqli_sql_exception: You have an error in your SQL syntax; check the manual that corresponds to your MySQL server version for the right syntax to use near 'SELECT no_kontrak, MIN(tanggal_cicilan), MIN(kode_kolektibilitas) FROM cicilan G' at line 1 in C:\Users\ROG\Documents\GitHub\TJSL\system\Database\MySQLi\Connection.php:306
Stack trace:
#0 C:\Users\ROG\Documents\GitHub\TJSL\system\Database\MySQLi\Connection.php(306): mysqli->query('SELECT SELECT n...', 0)
#1 C:\Users\ROG\Documents\GitHub\TJSL\system\Database\BaseConnection.php(692): CodeIgniter\Database\MySQLi\Connection->execute('SELECT SELECT n...')
#2 C:\Users\ROG\Documents\GitHub\TJSL\system\Database\BaseConnection.php(606): CodeIgniter\Database\BaseConnection->simpleQuery('SELECT SELECT n...')
#3 C:\Users\ROG\Documents\GitHub\TJSL\system\Database\BaseBuilder.php(1616): CodeIgniter\Database\BaseConnection->query('SELECT SELECT n...', Array, false)
#4 C:\Users\ROG\Documents\GitHub\TJSL\system\Model.php(871): CodeIgniter\Database\BaseBuilder->get()
#5 C:\Users\ROG\Documents\GitHub\TJSL\app\Controllers\Kolektibilitas.php(24): CodeIgniter\Model->__call('get', Array)
#6 C:\Users\ROG\Documents\GitHub\TJSL\system\CodeIgniter.php(915): App\Controllers\Kolektibilitas->index()
#7 C:\Users\ROG\Documents\GitHub\TJSL\system\CodeIgniter.php(492): CodeIgniter\CodeIgniter->runController(Object(App\Controllers\Kolektibilitas))
#8 C:\Users\ROG\Documents\GitHub\TJSL\system\CodeIgniter.php(353): CodeIgniter\CodeIgniter->handleRequest(NULL, Object(Config\Cache), false)
#9 C:\Users\ROG\Documents\GitHub\TJSL\public\index.php(79): CodeIgniter\CodeIgniter->run()
#10 C:\Users\ROG\Documents\GitHub\TJSL\system\Commands\Server\rewrite.php(47): require_once('C:\\Users\\ROG\\Do...')
#11 {main}
CRITICAL - 2024-01-25 04:10:13 --> You have an error in your SQL syntax; check the manual that corresponds to your MySQL server version for the right syntax to use near 'SELECT no_kontrak, MIN(tanggal_cicilan), MIN(kode_kolektibilitas) FROM cicilan G' at line 1
in SYSTEMPATH\Database\BaseConnection.php on line 646.
 1 SYSTEMPATH\Database\BaseBuilder.php(1616): CodeIgniter\Database\BaseConnection->query('SELECT SELECT no_kontrak, MIN(tanggal_cicilan), MIN(kode_kolektibilitas) FROM cicilan GROUP BY no_kontrak
FROM `cicilan`', [], false)
 2 SYSTEMPATH\Model.php(871): CodeIgniter\Database\BaseBuilder->get()
 3 APPPATH\Controllers\Kolektibilitas.php(24): CodeIgniter\Model->__call('get', [])
 4 SYSTEMPATH\CodeIgniter.php(915): App\Controllers\Kolektibilitas->index()
 5 SYSTEMPATH\CodeIgniter.php(492): CodeIgniter\CodeIgniter->runController(Object(App\Controllers\Kolektibilitas))
 6 SYSTEMPATH\CodeIgniter.php(353): CodeIgniter\CodeIgniter->handleRequest(null, Object(Config\Cache), false)
 7 FCPATH\index.php(79): CodeIgniter\CodeIgniter->run()
 8 SYSTEMPATH\Commands\Server\rewrite.php(47): require_once('C:\\Users\\ROG\\Documents\\GitHub\\TJSL\\public\\index.php')
ERROR - 2024-01-25 04:10:13 --> mysqli_sql_exception: You have an error in your SQL syntax; check the manual that corresponds to your MySQL server version for the right syntax to use near 'SELECT no_kontrak, MIN(tanggal_cicilan), MIN(kode_kolektibilitas) FROM cicilan G' at line 1 in C:\Users\ROG\Documents\GitHub\TJSL\system\Database\MySQLi\Connection.php:306
Stack trace:
#0 C:\Users\ROG\Documents\GitHub\TJSL\system\Database\MySQLi\Connection.php(306): mysqli->query('SELECT SELECT n...', 0)
#1 C:\Users\ROG\Documents\GitHub\TJSL\system\Database\BaseConnection.php(692): CodeIgniter\Database\MySQLi\Connection->execute('SELECT SELECT n...')
#2 C:\Users\ROG\Documents\GitHub\TJSL\system\Database\BaseConnection.php(606): CodeIgniter\Database\BaseConnection->simpleQuery('SELECT SELECT n...')
#3 C:\Users\ROG\Documents\GitHub\TJSL\system\Database\BaseBuilder.php(1616): CodeIgniter\Database\BaseConnection->query('SELECT SELECT n...', Array, false)
#4 C:\Users\ROG\Documents\GitHub\TJSL\system\Model.php(871): CodeIgniter\Database\BaseBuilder->get()
#5 C:\Users\ROG\Documents\GitHub\TJSL\app\Controllers\Kolektibilitas.php(24): CodeIgniter\Model->__call('get', Array)
#6 C:\Users\ROG\Documents\GitHub\TJSL\system\CodeIgniter.php(915): App\Controllers\Kolektibilitas->index()
#7 C:\Users\ROG\Documents\GitHub\TJSL\system\CodeIgniter.php(492): CodeIgniter\CodeIgniter->runController(Object(App\Controllers\Kolektibilitas))
#8 C:\Users\ROG\Documents\GitHub\TJSL\system\CodeIgniter.php(353): CodeIgniter\CodeIgniter->handleRequest(NULL, Object(Config\Cache), false)
#9 C:\Users\ROG\Documents\GitHub\TJSL\public\index.php(79): CodeIgniter\CodeIgniter->run()
#10 C:\Users\ROG\Documents\GitHub\TJSL\system\Commands\Server\rewrite.php(47): require_once('C:\\Users\\ROG\\Do...')
#11 {main}
CRITICAL - 2024-01-25 04:10:13 --> You have an error in your SQL syntax; check the manual that corresponds to your MySQL server version for the right syntax to use near 'SELECT no_kontrak, MIN(tanggal_cicilan), MIN(kode_kolektibilitas) FROM cicilan G' at line 1
in SYSTEMPATH\Database\BaseConnection.php on line 646.
 1 SYSTEMPATH\Database\BaseBuilder.php(1616): CodeIgniter\Database\BaseConnection->query('SELECT SELECT no_kontrak, MIN(tanggal_cicilan), MIN(kode_kolektibilitas) FROM cicilan GROUP BY no_kontrak
FROM `cicilan`', [], false)
 2 SYSTEMPATH\Model.php(871): CodeIgniter\Database\BaseBuilder->get()
 3 APPPATH\Controllers\Kolektibilitas.php(24): CodeIgniter\Model->__call('get', [])
 4 SYSTEMPATH\CodeIgniter.php(915): App\Controllers\Kolektibilitas->index()
 5 SYSTEMPATH\CodeIgniter.php(492): CodeIgniter\CodeIgniter->runController(Object(App\Controllers\Kolektibilitas))
 6 SYSTEMPATH\CodeIgniter.php(353): CodeIgniter\CodeIgniter->handleRequest(null, Object(Config\Cache), false)
 7 FCPATH\index.php(79): CodeIgniter\CodeIgniter->run()
 8 SYSTEMPATH\Commands\Server\rewrite.php(47): require_once('C:\\Users\\ROG\\Documents\\GitHub\\TJSL\\public\\index.php')
ERROR - 2024-01-25 04:10:14 --> mysqli_sql_exception: You have an error in your SQL syntax; check the manual that corresponds to your MySQL server version for the right syntax to use near 'SELECT no_kontrak, MIN(tanggal_cicilan), MIN(kode_kolektibilitas) FROM cicilan G' at line 1 in C:\Users\ROG\Documents\GitHub\TJSL\system\Database\MySQLi\Connection.php:306
Stack trace:
#0 C:\Users\ROG\Documents\GitHub\TJSL\system\Database\MySQLi\Connection.php(306): mysqli->query('SELECT SELECT n...', 0)
#1 C:\Users\ROG\Documents\GitHub\TJSL\system\Database\BaseConnection.php(692): CodeIgniter\Database\MySQLi\Connection->execute('SELECT SELECT n...')
#2 C:\Users\ROG\Documents\GitHub\TJSL\system\Database\BaseConnection.php(606): CodeIgniter\Database\BaseConnection->simpleQuery('SELECT SELECT n...')
#3 C:\Users\ROG\Documents\GitHub\TJSL\system\Database\BaseBuilder.php(1616): CodeIgniter\Database\BaseConnection->query('SELECT SELECT n...', Array, false)
#4 C:\Users\ROG\Documents\GitHub\TJSL\system\Model.php(871): CodeIgniter\Database\BaseBuilder->get()
#5 C:\Users\ROG\Documents\GitHub\TJSL\app\Controllers\Kolektibilitas.php(24): CodeIgniter\Model->__call('get', Array)
#6 C:\Users\ROG\Documents\GitHub\TJSL\system\CodeIgniter.php(915): App\Controllers\Kolektibilitas->index()
#7 C:\Users\ROG\Documents\GitHub\TJSL\system\CodeIgniter.php(492): CodeIgniter\CodeIgniter->runController(Object(App\Controllers\Kolektibilitas))
#8 C:\Users\ROG\Documents\GitHub\TJSL\system\CodeIgniter.php(353): CodeIgniter\CodeIgniter->handleRequest(NULL, Object(Config\Cache), false)
#9 C:\Users\ROG\Documents\GitHub\TJSL\public\index.php(79): CodeIgniter\CodeIgniter->run()
#10 C:\Users\ROG\Documents\GitHub\TJSL\system\Commands\Server\rewrite.php(47): require_once('C:\\Users\\ROG\\Do...')
#11 {main}
CRITICAL - 2024-01-25 04:10:14 --> You have an error in your SQL syntax; check the manual that corresponds to your MySQL server version for the right syntax to use near 'SELECT no_kontrak, MIN(tanggal_cicilan), MIN(kode_kolektibilitas) FROM cicilan G' at line 1
in SYSTEMPATH\Database\BaseConnection.php on line 646.
 1 SYSTEMPATH\Database\BaseBuilder.php(1616): CodeIgniter\Database\BaseConnection->query('SELECT SELECT no_kontrak, MIN(tanggal_cicilan), MIN(kode_kolektibilitas) FROM cicilan GROUP BY no_kontrak
FROM `cicilan`', [], false)
 2 SYSTEMPATH\Model.php(871): CodeIgniter\Database\BaseBuilder->get()
 3 APPPATH\Controllers\Kolektibilitas.php(24): CodeIgniter\Model->__call('get', [])
 4 SYSTEMPATH\CodeIgniter.php(915): App\Controllers\Kolektibilitas->index()
 5 SYSTEMPATH\CodeIgniter.php(492): CodeIgniter\CodeIgniter->runController(Object(App\Controllers\Kolektibilitas))
 6 SYSTEMPATH\CodeIgniter.php(353): CodeIgniter\CodeIgniter->handleRequest(null, Object(Config\Cache), false)
 7 FCPATH\index.php(79): CodeIgniter\CodeIgniter->run()
 8 SYSTEMPATH\Commands\Server\rewrite.php(47): require_once('C:\\Users\\ROG\\Documents\\GitHub\\TJSL\\public\\index.php')
ERROR - 2024-01-25 04:10:14 --> mysqli_sql_exception: You have an error in your SQL syntax; check the manual that corresponds to your MySQL server version for the right syntax to use near 'SELECT no_kontrak, MIN(tanggal_cicilan), MIN(kode_kolektibilitas) FROM cicilan G' at line 1 in C:\Users\ROG\Documents\GitHub\TJSL\system\Database\MySQLi\Connection.php:306
Stack trace:
#0 C:\Users\ROG\Documents\GitHub\TJSL\system\Database\MySQLi\Connection.php(306): mysqli->query('SELECT SELECT n...', 0)
#1 C:\Users\ROG\Documents\GitHub\TJSL\system\Database\BaseConnection.php(692): CodeIgniter\Database\MySQLi\Connection->execute('SELECT SELECT n...')
#2 C:\Users\ROG\Documents\GitHub\TJSL\system\Database\BaseConnection.php(606): CodeIgniter\Database\BaseConnection->simpleQuery('SELECT SELECT n...')
#3 C:\Users\ROG\Documents\GitHub\TJSL\system\Database\BaseBuilder.php(1616): CodeIgniter\Database\BaseConnection->query('SELECT SELECT n...', Array, false)
#4 C:\Users\ROG\Documents\GitHub\TJSL\system\Model.php(871): CodeIgniter\Database\BaseBuilder->get()
#5 C:\Users\ROG\Documents\GitHub\TJSL\app\Controllers\Kolektibilitas.php(24): CodeIgniter\Model->__call('get', Array)
#6 C:\Users\ROG\Documents\GitHub\TJSL\system\CodeIgniter.php(915): App\Controllers\Kolektibilitas->index()
#7 C:\Users\ROG\Documents\GitHub\TJSL\system\CodeIgniter.php(492): CodeIgniter\CodeIgniter->runController(Object(App\Controllers\Kolektibilitas))
#8 C:\Users\ROG\Documents\GitHub\TJSL\system\CodeIgniter.php(353): CodeIgniter\CodeIgniter->handleRequest(NULL, Object(Config\Cache), false)
#9 C:\Users\ROG\Documents\GitHub\TJSL\public\index.php(79): CodeIgniter\CodeIgniter->run()
#10 C:\Users\ROG\Documents\GitHub\TJSL\system\Commands\Server\rewrite.php(47): require_once('C:\\Users\\ROG\\Do...')
#11 {main}
CRITICAL - 2024-01-25 04:10:14 --> You have an error in your SQL syntax; check the manual that corresponds to your MySQL server version for the right syntax to use near 'SELECT no_kontrak, MIN(tanggal_cicilan), MIN(kode_kolektibilitas) FROM cicilan G' at line 1
in SYSTEMPATH\Database\BaseConnection.php on line 646.
 1 SYSTEMPATH\Database\BaseBuilder.php(1616): CodeIgniter\Database\BaseConnection->query('SELECT SELECT no_kontrak, MIN(tanggal_cicilan), MIN(kode_kolektibilitas) FROM cicilan GROUP BY no_kontrak
FROM `cicilan`', [], false)
 2 SYSTEMPATH\Model.php(871): CodeIgniter\Database\BaseBuilder->get()
 3 APPPATH\Controllers\Kolektibilitas.php(24): CodeIgniter\Model->__call('get', [])
 4 SYSTEMPATH\CodeIgniter.php(915): App\Controllers\Kolektibilitas->index()
 5 SYSTEMPATH\CodeIgniter.php(492): CodeIgniter\CodeIgniter->runController(Object(App\Controllers\Kolektibilitas))
 6 SYSTEMPATH\CodeIgniter.php(353): CodeIgniter\CodeIgniter->handleRequest(null, Object(Config\Cache), false)
 7 FCPATH\index.php(79): CodeIgniter\CodeIgniter->run()
 8 SYSTEMPATH\Commands\Server\rewrite.php(47): require_once('C:\\Users\\ROG\\Documents\\GitHub\\TJSL\\public\\index.php')
ERROR - 2024-01-25 04:10:14 --> mysqli_sql_exception: You have an error in your SQL syntax; check the manual that corresponds to your MySQL server version for the right syntax to use near 'SELECT no_kontrak, MIN(tanggal_cicilan), MIN(kode_kolektibilitas) FROM cicilan G' at line 1 in C:\Users\ROG\Documents\GitHub\TJSL\system\Database\MySQLi\Connection.php:306
Stack trace:
#0 C:\Users\ROG\Documents\GitHub\TJSL\system\Database\MySQLi\Connection.php(306): mysqli->query('SELECT SELECT n...', 0)
#1 C:\Users\ROG\Documents\GitHub\TJSL\system\Database\BaseConnection.php(692): CodeIgniter\Database\MySQLi\Connection->execute('SELECT SELECT n...')
#2 C:\Users\ROG\Documents\GitHub\TJSL\system\Database\BaseConnection.php(606): CodeIgniter\Database\BaseConnection->simpleQuery('SELECT SELECT n...')
#3 C:\Users\ROG\Documents\GitHub\TJSL\system\Database\BaseBuilder.php(1616): CodeIgniter\Database\BaseConnection->query('SELECT SELECT n...', Array, false)
#4 C:\Users\ROG\Documents\GitHub\TJSL\system\Model.php(871): CodeIgniter\Database\BaseBuilder->get()
#5 C:\Users\ROG\Documents\GitHub\TJSL\app\Controllers\Kolektibilitas.php(24): CodeIgniter\Model->__call('get', Array)
#6 C:\Users\ROG\Documents\GitHub\TJSL\system\CodeIgniter.php(915): App\Controllers\Kolektibilitas->index()
#7 C:\Users\ROG\Documents\GitHub\TJSL\system\CodeIgniter.php(492): CodeIgniter\CodeIgniter->runController(Object(App\Controllers\Kolektibilitas))
#8 C:\Users\ROG\Documents\GitHub\TJSL\system\CodeIgniter.php(353): CodeIgniter\CodeIgniter->handleRequest(NULL, Object(Config\Cache), false)
#9 C:\Users\ROG\Documents\GitHub\TJSL\public\index.php(79): CodeIgniter\CodeIgniter->run()
#10 C:\Users\ROG\Documents\GitHub\TJSL\system\Commands\Server\rewrite.php(47): require_once('C:\\Users\\ROG\\Do...')
#11 {main}
CRITICAL - 2024-01-25 04:10:14 --> You have an error in your SQL syntax; check the manual that corresponds to your MySQL server version for the right syntax to use near 'SELECT no_kontrak, MIN(tanggal_cicilan), MIN(kode_kolektibilitas) FROM cicilan G' at line 1
in SYSTEMPATH\Database\BaseConnection.php on line 646.
 1 SYSTEMPATH\Database\BaseBuilder.php(1616): CodeIgniter\Database\BaseConnection->query('SELECT SELECT no_kontrak, MIN(tanggal_cicilan), MIN(kode_kolektibilitas) FROM cicilan GROUP BY no_kontrak
FROM `cicilan`', [], false)
 2 SYSTEMPATH\Model.php(871): CodeIgniter\Database\BaseBuilder->get()
 3 APPPATH\Controllers\Kolektibilitas.php(24): CodeIgniter\Model->__call('get', [])
 4 SYSTEMPATH\CodeIgniter.php(915): App\Controllers\Kolektibilitas->index()
 5 SYSTEMPATH\CodeIgniter.php(492): CodeIgniter\CodeIgniter->runController(Object(App\Controllers\Kolektibilitas))
 6 SYSTEMPATH\CodeIgniter.php(353): CodeIgniter\CodeIgniter->handleRequest(null, Object(Config\Cache), false)
 7 FCPATH\index.php(79): CodeIgniter\CodeIgniter->run()
 8 SYSTEMPATH\Commands\Server\rewrite.php(47): require_once('C:\\Users\\ROG\\Documents\\GitHub\\TJSL\\public\\index.php')
ERROR - 2024-01-25 04:10:15 --> mysqli_sql_exception: You have an error in your SQL syntax; check the manual that corresponds to your MySQL server version for the right syntax to use near 'SELECT no_kontrak, MIN(tanggal_cicilan), MIN(kode_kolektibilitas) FROM cicilan G' at line 1 in C:\Users\ROG\Documents\GitHub\TJSL\system\Database\MySQLi\Connection.php:306
Stack trace:
#0 C:\Users\ROG\Documents\GitHub\TJSL\system\Database\MySQLi\Connection.php(306): mysqli->query('SELECT SELECT n...', 0)
#1 C:\Users\ROG\Documents\GitHub\TJSL\system\Database\BaseConnection.php(692): CodeIgniter\Database\MySQLi\Connection->execute('SELECT SELECT n...')
#2 C:\Users\ROG\Documents\GitHub\TJSL\system\Database\BaseConnection.php(606): CodeIgniter\Database\BaseConnection->simpleQuery('SELECT SELECT n...')
#3 C:\Users\ROG\Documents\GitHub\TJSL\system\Database\BaseBuilder.php(1616): CodeIgniter\Database\BaseConnection->query('SELECT SELECT n...', Array, false)
#4 C:\Users\ROG\Documents\GitHub\TJSL\system\Model.php(871): CodeIgniter\Database\BaseBuilder->get()
#5 C:\Users\ROG\Documents\GitHub\TJSL\app\Controllers\Kolektibilitas.php(24): CodeIgniter\Model->__call('get', Array)
#6 C:\Users\ROG\Documents\GitHub\TJSL\system\CodeIgniter.php(915): App\Controllers\Kolektibilitas->index()
#7 C:\Users\ROG\Documents\GitHub\TJSL\system\CodeIgniter.php(492): CodeIgniter\CodeIgniter->runController(Object(App\Controllers\Kolektibilitas))
#8 C:\Users\ROG\Documents\GitHub\TJSL\system\CodeIgniter.php(353): CodeIgniter\CodeIgniter->handleRequest(NULL, Object(Config\Cache), false)
#9 C:\Users\ROG\Documents\GitHub\TJSL\public\index.php(79): CodeIgniter\CodeIgniter->run()
#10 C:\Users\ROG\Documents\GitHub\TJSL\system\Commands\Server\rewrite.php(47): require_once('C:\\Users\\ROG\\Do...')
#11 {main}
CRITICAL - 2024-01-25 04:10:15 --> You have an error in your SQL syntax; check the manual that corresponds to your MySQL server version for the right syntax to use near 'SELECT no_kontrak, MIN(tanggal_cicilan), MIN(kode_kolektibilitas) FROM cicilan G' at line 1
in SYSTEMPATH\Database\BaseConnection.php on line 646.
 1 SYSTEMPATH\Database\BaseBuilder.php(1616): CodeIgniter\Database\BaseConnection->query('SELECT SELECT no_kontrak, MIN(tanggal_cicilan), MIN(kode_kolektibilitas) FROM cicilan GROUP BY no_kontrak
FROM `cicilan`', [], false)
 2 SYSTEMPATH\Model.php(871): CodeIgniter\Database\BaseBuilder->get()
 3 APPPATH\Controllers\Kolektibilitas.php(24): CodeIgniter\Model->__call('get', [])
 4 SYSTEMPATH\CodeIgniter.php(915): App\Controllers\Kolektibilitas->index()
 5 SYSTEMPATH\CodeIgniter.php(492): CodeIgniter\CodeIgniter->runController(Object(App\Controllers\Kolektibilitas))
 6 SYSTEMPATH\CodeIgniter.php(353): CodeIgniter\CodeIgniter->handleRequest(null, Object(Config\Cache), false)
 7 FCPATH\index.php(79): CodeIgniter\CodeIgniter->run()
 8 SYSTEMPATH\Commands\Server\rewrite.php(47): require_once('C:\\Users\\ROG\\Documents\\GitHub\\TJSL\\public\\index.php')
ERROR - 2024-01-25 04:10:15 --> mysqli_sql_exception: You have an error in your SQL syntax; check the manual that corresponds to your MySQL server version for the right syntax to use near 'SELECT no_kontrak, MIN(tanggal_cicilan), MIN(kode_kolektibilitas) FROM cicilan G' at line 1 in C:\Users\ROG\Documents\GitHub\TJSL\system\Database\MySQLi\Connection.php:306
Stack trace:
#0 C:\Users\ROG\Documents\GitHub\TJSL\system\Database\MySQLi\Connection.php(306): mysqli->query('SELECT SELECT n...', 0)
#1 C:\Users\ROG\Documents\GitHub\TJSL\system\Database\BaseConnection.php(692): CodeIgniter\Database\MySQLi\Connection->execute('SELECT SELECT n...')
#2 C:\Users\ROG\Documents\GitHub\TJSL\system\Database\BaseConnection.php(606): CodeIgniter\Database\BaseConnection->simpleQuery('SELECT SELECT n...')
#3 C:\Users\ROG\Documents\GitHub\TJSL\system\Database\BaseBuilder.php(1616): CodeIgniter\Database\BaseConnection->query('SELECT SELECT n...', Array, false)
#4 C:\Users\ROG\Documents\GitHub\TJSL\system\Model.php(871): CodeIgniter\Database\BaseBuilder->get()
#5 C:\Users\ROG\Documents\GitHub\TJSL\app\Controllers\Kolektibilitas.php(24): CodeIgniter\Model->__call('get', Array)
#6 C:\Users\ROG\Documents\GitHub\TJSL\system\CodeIgniter.php(915): App\Controllers\Kolektibilitas->index()
#7 C:\Users\ROG\Documents\GitHub\TJSL\system\CodeIgniter.php(492): CodeIgniter\CodeIgniter->runController(Object(App\Controllers\Kolektibilitas))
#8 C:\Users\ROG\Documents\GitHub\TJSL\system\CodeIgniter.php(353): CodeIgniter\CodeIgniter->handleRequest(NULL, Object(Config\Cache), false)
#9 C:\Users\ROG\Documents\GitHub\TJSL\public\index.php(79): CodeIgniter\CodeIgniter->run()
#10 C:\Users\ROG\Documents\GitHub\TJSL\system\Commands\Server\rewrite.php(47): require_once('C:\\Users\\ROG\\Do...')
#11 {main}
CRITICAL - 2024-01-25 04:10:15 --> You have an error in your SQL syntax; check the manual that corresponds to your MySQL server version for the right syntax to use near 'SELECT no_kontrak, MIN(tanggal_cicilan), MIN(kode_kolektibilitas) FROM cicilan G' at line 1
in SYSTEMPATH\Database\BaseConnection.php on line 646.
 1 SYSTEMPATH\Database\BaseBuilder.php(1616): CodeIgniter\Database\BaseConnection->query('SELECT SELECT no_kontrak, MIN(tanggal_cicilan), MIN(kode_kolektibilitas) FROM cicilan GROUP BY no_kontrak
FROM `cicilan`', [], false)
 2 SYSTEMPATH\Model.php(871): CodeIgniter\Database\BaseBuilder->get()
 3 APPPATH\Controllers\Kolektibilitas.php(24): CodeIgniter\Model->__call('get', [])
 4 SYSTEMPATH\CodeIgniter.php(915): App\Controllers\Kolektibilitas->index()
 5 SYSTEMPATH\CodeIgniter.php(492): CodeIgniter\CodeIgniter->runController(Object(App\Controllers\Kolektibilitas))
 6 SYSTEMPATH\CodeIgniter.php(353): CodeIgniter\CodeIgniter->handleRequest(null, Object(Config\Cache), false)
 7 FCPATH\index.php(79): CodeIgniter\CodeIgniter->run()
 8 SYSTEMPATH\Commands\Server\rewrite.php(47): require_once('C:\\Users\\ROG\\Documents\\GitHub\\TJSL\\public\\index.php')
ERROR - 2024-01-25 04:10:15 --> mysqli_sql_exception: You have an error in your SQL syntax; check the manual that corresponds to your MySQL server version for the right syntax to use near 'SELECT no_kontrak, MIN(tanggal_cicilan), MIN(kode_kolektibilitas) FROM cicilan G' at line 1 in C:\Users\ROG\Documents\GitHub\TJSL\system\Database\MySQLi\Connection.php:306
Stack trace:
#0 C:\Users\ROG\Documents\GitHub\TJSL\system\Database\MySQLi\Connection.php(306): mysqli->query('SELECT SELECT n...', 0)
#1 C:\Users\ROG\Documents\GitHub\TJSL\system\Database\BaseConnection.php(692): CodeIgniter\Database\MySQLi\Connection->execute('SELECT SELECT n...')
#2 C:\Users\ROG\Documents\GitHub\TJSL\system\Database\BaseConnection.php(606): CodeIgniter\Database\BaseConnection->simpleQuery('SELECT SELECT n...')
#3 C:\Users\ROG\Documents\GitHub\TJSL\system\Database\BaseBuilder.php(1616): CodeIgniter\Database\BaseConnection->query('SELECT SELECT n...', Array, false)
#4 C:\Users\ROG\Documents\GitHub\TJSL\system\Model.php(871): CodeIgniter\Database\BaseBuilder->get()
#5 C:\Users\ROG\Documents\GitHub\TJSL\app\Controllers\Kolektibilitas.php(24): CodeIgniter\Model->__call('get', Array)
#6 C:\Users\ROG\Documents\GitHub\TJSL\system\CodeIgniter.php(915): App\Controllers\Kolektibilitas->index()
#7 C:\Users\ROG\Documents\GitHub\TJSL\system\CodeIgniter.php(492): CodeIgniter\CodeIgniter->runController(Object(App\Controllers\Kolektibilitas))
#8 C:\Users\ROG\Documents\GitHub\TJSL\system\CodeIgniter.php(353): CodeIgniter\CodeIgniter->handleRequest(NULL, Object(Config\Cache), false)
#9 C:\Users\ROG\Documents\GitHub\TJSL\public\index.php(79): CodeIgniter\CodeIgniter->run()
#10 C:\Users\ROG\Documents\GitHub\TJSL\system\Commands\Server\rewrite.php(47): require_once('C:\\Users\\ROG\\Do...')
#11 {main}
CRITICAL - 2024-01-25 04:10:15 --> You have an error in your SQL syntax; check the manual that corresponds to your MySQL server version for the right syntax to use near 'SELECT no_kontrak, MIN(tanggal_cicilan), MIN(kode_kolektibilitas) FROM cicilan G' at line 1
in SYSTEMPATH\Database\BaseConnection.php on line 646.
 1 SYSTEMPATH\Database\BaseBuilder.php(1616): CodeIgniter\Database\BaseConnection->query('SELECT SELECT no_kontrak, MIN(tanggal_cicilan), MIN(kode_kolektibilitas) FROM cicilan GROUP BY no_kontrak
FROM `cicilan`', [], false)
 2 SYSTEMPATH\Model.php(871): CodeIgniter\Database\BaseBuilder->get()
 3 APPPATH\Controllers\Kolektibilitas.php(24): CodeIgniter\Model->__call('get', [])
 4 SYSTEMPATH\CodeIgniter.php(915): App\Controllers\Kolektibilitas->index()
 5 SYSTEMPATH\CodeIgniter.php(492): CodeIgniter\CodeIgniter->runController(Object(App\Controllers\Kolektibilitas))
 6 SYSTEMPATH\CodeIgniter.php(353): CodeIgniter\CodeIgniter->handleRequest(null, Object(Config\Cache), false)
 7 FCPATH\index.php(79): CodeIgniter\CodeIgniter->run()
 8 SYSTEMPATH\Commands\Server\rewrite.php(47): require_once('C:\\Users\\ROG\\Documents\\GitHub\\TJSL\\public\\index.php')
ERROR - 2024-01-25 04:10:15 --> mysqli_sql_exception: You have an error in your SQL syntax; check the manual that corresponds to your MySQL server version for the right syntax to use near 'SELECT no_kontrak, MIN(tanggal_cicilan), MIN(kode_kolektibilitas) FROM cicilan G' at line 1 in C:\Users\ROG\Documents\GitHub\TJSL\system\Database\MySQLi\Connection.php:306
Stack trace:
#0 C:\Users\ROG\Documents\GitHub\TJSL\system\Database\MySQLi\Connection.php(306): mysqli->query('SELECT SELECT n...', 0)
#1 C:\Users\ROG\Documents\GitHub\TJSL\system\Database\BaseConnection.php(692): CodeIgniter\Database\MySQLi\Connection->execute('SELECT SELECT n...')
#2 C:\Users\ROG\Documents\GitHub\TJSL\system\Database\BaseConnection.php(606): CodeIgniter\Database\BaseConnection->simpleQuery('SELECT SELECT n...')
#3 C:\Users\ROG\Documents\GitHub\TJSL\system\Database\BaseBuilder.php(1616): CodeIgniter\Database\BaseConnection->query('SELECT SELECT n...', Array, false)
#4 C:\Users\ROG\Documents\GitHub\TJSL\system\Model.php(871): CodeIgniter\Database\BaseBuilder->get()
#5 C:\Users\ROG\Documents\GitHub\TJSL\app\Controllers\Kolektibilitas.php(24): CodeIgniter\Model->__call('get', Array)
#6 C:\Users\ROG\Documents\GitHub\TJSL\system\CodeIgniter.php(915): App\Controllers\Kolektibilitas->index()
#7 C:\Users\ROG\Documents\GitHub\TJSL\system\CodeIgniter.php(492): CodeIgniter\CodeIgniter->runController(Object(App\Controllers\Kolektibilitas))
#8 C:\Users\ROG\Documents\GitHub\TJSL\system\CodeIgniter.php(353): CodeIgniter\CodeIgniter->handleRequest(NULL, Object(Config\Cache), false)
#9 C:\Users\ROG\Documents\GitHub\TJSL\public\index.php(79): CodeIgniter\CodeIgniter->run()
#10 C:\Users\ROG\Documents\GitHub\TJSL\system\Commands\Server\rewrite.php(47): require_once('C:\\Users\\ROG\\Do...')
#11 {main}
CRITICAL - 2024-01-25 04:10:15 --> You have an error in your SQL syntax; check the manual that corresponds to your MySQL server version for the right syntax to use near 'SELECT no_kontrak, MIN(tanggal_cicilan), MIN(kode_kolektibilitas) FROM cicilan G' at line 1
in SYSTEMPATH\Database\BaseConnection.php on line 646.
 1 SYSTEMPATH\Database\BaseBuilder.php(1616): CodeIgniter\Database\BaseConnection->query('SELECT SELECT no_kontrak, MIN(tanggal_cicilan), MIN(kode_kolektibilitas) FROM cicilan GROUP BY no_kontrak
FROM `cicilan`', [], false)
 2 SYSTEMPATH\Model.php(871): CodeIgniter\Database\BaseBuilder->get()
 3 APPPATH\Controllers\Kolektibilitas.php(24): CodeIgniter\Model->__call('get', [])
 4 SYSTEMPATH\CodeIgniter.php(915): App\Controllers\Kolektibilitas->index()
 5 SYSTEMPATH\CodeIgniter.php(492): CodeIgniter\CodeIgniter->runController(Object(App\Controllers\Kolektibilitas))
 6 SYSTEMPATH\CodeIgniter.php(353): CodeIgniter\CodeIgniter->handleRequest(null, Object(Config\Cache), false)
 7 FCPATH\index.php(79): CodeIgniter\CodeIgniter->run()
 8 SYSTEMPATH\Commands\Server\rewrite.php(47): require_once('C:\\Users\\ROG\\Documents\\GitHub\\TJSL\\public\\index.php')
ERROR - 2024-01-25 04:10:16 --> mysqli_sql_exception: You have an error in your SQL syntax; check the manual that corresponds to your MySQL server version for the right syntax to use near 'SELECT no_kontrak, MIN(tanggal_cicilan), MIN(kode_kolektibilitas) FROM cicilan G' at line 1 in C:\Users\ROG\Documents\GitHub\TJSL\system\Database\MySQLi\Connection.php:306
Stack trace:
#0 C:\Users\ROG\Documents\GitHub\TJSL\system\Database\MySQLi\Connection.php(306): mysqli->query('SELECT SELECT n...', 0)
#1 C:\Users\ROG\Documents\GitHub\TJSL\system\Database\BaseConnection.php(692): CodeIgniter\Database\MySQLi\Connection->execute('SELECT SELECT n...')
#2 C:\Users\ROG\Documents\GitHub\TJSL\system\Database\BaseConnection.php(606): CodeIgniter\Database\BaseConnection->simpleQuery('SELECT SELECT n...')
#3 C:\Users\ROG\Documents\GitHub\TJSL\system\Database\BaseBuilder.php(1616): CodeIgniter\Database\BaseConnection->query('SELECT SELECT n...', Array, false)
#4 C:\Users\ROG\Documents\GitHub\TJSL\system\Model.php(871): CodeIgniter\Database\BaseBuilder->get()
#5 C:\Users\ROG\Documents\GitHub\TJSL\app\Controllers\Kolektibilitas.php(24): CodeIgniter\Model->__call('get', Array)
#6 C:\Users\ROG\Documents\GitHub\TJSL\system\CodeIgniter.php(915): App\Controllers\Kolektibilitas->index()
#7 C:\Users\ROG\Documents\GitHub\TJSL\system\CodeIgniter.php(492): CodeIgniter\CodeIgniter->runController(Object(App\Controllers\Kolektibilitas))
#8 C:\Users\ROG\Documents\GitHub\TJSL\system\CodeIgniter.php(353): CodeIgniter\CodeIgniter->handleRequest(NULL, Object(Config\Cache), false)
#9 C:\Users\ROG\Documents\GitHub\TJSL\public\index.php(79): CodeIgniter\CodeIgniter->run()
#10 C:\Users\ROG\Documents\GitHub\TJSL\system\Commands\Server\rewrite.php(47): require_once('C:\\Users\\ROG\\Do...')
#11 {main}
CRITICAL - 2024-01-25 04:10:16 --> You have an error in your SQL syntax; check the manual that corresponds to your MySQL server version for the right syntax to use near 'SELECT no_kontrak, MIN(tanggal_cicilan), MIN(kode_kolektibilitas) FROM cicilan G' at line 1
in SYSTEMPATH\Database\BaseConnection.php on line 646.
 1 SYSTEMPATH\Database\BaseBuilder.php(1616): CodeIgniter\Database\BaseConnection->query('SELECT SELECT no_kontrak, MIN(tanggal_cicilan), MIN(kode_kolektibilitas) FROM cicilan GROUP BY no_kontrak
FROM `cicilan`', [], false)
 2 SYSTEMPATH\Model.php(871): CodeIgniter\Database\BaseBuilder->get()
 3 APPPATH\Controllers\Kolektibilitas.php(24): CodeIgniter\Model->__call('get', [])
 4 SYSTEMPATH\CodeIgniter.php(915): App\Controllers\Kolektibilitas->index()
 5 SYSTEMPATH\CodeIgniter.php(492): CodeIgniter\CodeIgniter->runController(Object(App\Controllers\Kolektibilitas))
 6 SYSTEMPATH\CodeIgniter.php(353): CodeIgniter\CodeIgniter->handleRequest(null, Object(Config\Cache), false)
 7 FCPATH\index.php(79): CodeIgniter\CodeIgniter->run()
 8 SYSTEMPATH\Commands\Server\rewrite.php(47): require_once('C:\\Users\\ROG\\Documents\\GitHub\\TJSL\\public\\index.php')
ERROR - 2024-01-25 04:16:31 --> mysqli_sql_exception: You have an error in your SQL syntax; check the manual that corresponds to your MySQL server version for the right syntax to use near 'FROM `cicilan`' at line 2 in C:\Users\ROG\Documents\GitHub\TJSL\system\Database\MySQLi\Connection.php:306
Stack trace:
#0 C:\Users\ROG\Documents\GitHub\TJSL\system\Database\MySQLi\Connection.php(306): mysqli->query('SELECT no_kontr...', 0)
#1 C:\Users\ROG\Documents\GitHub\TJSL\system\Database\BaseConnection.php(692): CodeIgniter\Database\MySQLi\Connection->execute('SELECT no_kontr...')
#2 C:\Users\ROG\Documents\GitHub\TJSL\system\Database\BaseConnection.php(606): CodeIgniter\Database\BaseConnection->simpleQuery('SELECT no_kontr...')
#3 C:\Users\ROG\Documents\GitHub\TJSL\system\Database\BaseBuilder.php(1616): CodeIgniter\Database\BaseConnection->query('SELECT no_kontr...', Array, false)
#4 C:\Users\ROG\Documents\GitHub\TJSL\system\Model.php(871): CodeIgniter\Database\BaseBuilder->get()
#5 C:\Users\ROG\Documents\GitHub\TJSL\app\Controllers\Kolektibilitas.php(23): CodeIgniter\Model->__call('get', Array)
#6 C:\Users\ROG\Documents\GitHub\TJSL\system\CodeIgniter.php(915): App\Controllers\Kolektibilitas->index()
#7 C:\Users\ROG\Documents\GitHub\TJSL\system\CodeIgniter.php(492): CodeIgniter\CodeIgniter->runController(Object(App\Controllers\Kolektibilitas))
#8 C:\Users\ROG\Documents\GitHub\TJSL\system\CodeIgniter.php(353): CodeIgniter\CodeIgniter->handleRequest(NULL, Object(Config\Cache), false)
#9 C:\Users\ROG\Documents\GitHub\TJSL\public\index.php(79): CodeIgniter\CodeIgniter->run()
#10 C:\Users\ROG\Documents\GitHub\TJSL\system\Commands\Server\rewrite.php(47): require_once('C:\\Users\\ROG\\Do...')
#11 {main}
CRITICAL - 2024-01-25 04:16:31 --> You have an error in your SQL syntax; check the manual that corresponds to your MySQL server version for the right syntax to use near 'FROM `cicilan`' at line 2
in SYSTEMPATH\Database\BaseConnection.php on line 646.
 1 SYSTEMPATH\Database\BaseBuilder.php(1616): CodeIgniter\Database\BaseConnection->query('SELECT no_kontrak, MIN(tanggal_cicilan), MIN(kode_kolektibilitas) GROUP BY no_kontrak
FROM `cicilan`', [], false)
 2 SYSTEMPATH\Model.php(871): CodeIgniter\Database\BaseBuilder->get()
 3 APPPATH\Controllers\Kolektibilitas.php(23): CodeIgniter\Model->__call('get', [])
 4 SYSTEMPATH\CodeIgniter.php(915): App\Controllers\Kolektibilitas->index()
 5 SYSTEMPATH\CodeIgniter.php(492): CodeIgniter\CodeIgniter->runController(Object(App\Controllers\Kolektibilitas))
 6 SYSTEMPATH\CodeIgniter.php(353): CodeIgniter\CodeIgniter->handleRequest(null, Object(Config\Cache), false)
 7 FCPATH\index.php(79): CodeIgniter\CodeIgniter->run()
 8 SYSTEMPATH\Commands\Server\rewrite.php(47): require_once('C:\\Users\\ROG\\Documents\\GitHub\\TJSL\\public\\index.php')
ERROR - 2024-01-25 04:16:56 --> mysqli_sql_exception: You have an error in your SQL syntax; check the manual that corresponds to your MySQL server version for the right syntax to use near 'FROM `cicilan`' at line 2 in C:\Users\ROG\Documents\GitHub\TJSL\system\Database\MySQLi\Connection.php:306
Stack trace:
#0 C:\Users\ROG\Documents\GitHub\TJSL\system\Database\MySQLi\Connection.php(306): mysqli->query('SELECT no_kontr...', 0)
#1 C:\Users\ROG\Documents\GitHub\TJSL\system\Database\BaseConnection.php(692): CodeIgniter\Database\MySQLi\Connection->execute('SELECT no_kontr...')
#2 C:\Users\ROG\Documents\GitHub\TJSL\system\Database\BaseConnection.php(606): CodeIgniter\Database\BaseConnection->simpleQuery('SELECT no_kontr...')
#3 C:\Users\ROG\Documents\GitHub\TJSL\system\Database\BaseBuilder.php(1616): CodeIgniter\Database\BaseConnection->query('SELECT no_kontr...', Array, false)
#4 C:\Users\ROG\Documents\GitHub\TJSL\system\Model.php(871): CodeIgniter\Database\BaseBuilder->get()
#5 C:\Users\ROG\Documents\GitHub\TJSL\app\Controllers\Kolektibilitas.php(23): CodeIgniter\Model->__call('get', Array)
#6 C:\Users\ROG\Documents\GitHub\TJSL\system\CodeIgniter.php(915): App\Controllers\Kolektibilitas->index()
#7 C:\Users\ROG\Documents\GitHub\TJSL\system\CodeIgniter.php(492): CodeIgniter\CodeIgniter->runController(Object(App\Controllers\Kolektibilitas))
#8 C:\Users\ROG\Documents\GitHub\TJSL\system\CodeIgniter.php(353): CodeIgniter\CodeIgniter->handleRequest(NULL, Object(Config\Cache), false)
#9 C:\Users\ROG\Documents\GitHub\TJSL\public\index.php(79): CodeIgniter\CodeIgniter->run()
#10 C:\Users\ROG\Documents\GitHub\TJSL\system\Commands\Server\rewrite.php(47): require_once('C:\\Users\\ROG\\Do...')
#11 {main}
CRITICAL - 2024-01-25 04:16:56 --> You have an error in your SQL syntax; check the manual that corresponds to your MySQL server version for the right syntax to use near 'FROM `cicilan`' at line 2
in SYSTEMPATH\Database\BaseConnection.php on line 646.
 1 SYSTEMPATH\Database\BaseBuilder.php(1616): CodeIgniter\Database\BaseConnection->query('SELECT no_kontrak, MIN(tanggal_cicilan), MIN(kode_kolektibilitas) GROUP BY no_kontrak
FROM `cicilan`', [], false)
 2 SYSTEMPATH\Model.php(871): CodeIgniter\Database\BaseBuilder->get()
 3 APPPATH\Controllers\Kolektibilitas.php(23): CodeIgniter\Model->__call('get', [])
 4 SYSTEMPATH\CodeIgniter.php(915): App\Controllers\Kolektibilitas->index()
 5 SYSTEMPATH\CodeIgniter.php(492): CodeIgniter\CodeIgniter->runController(Object(App\Controllers\Kolektibilitas))
 6 SYSTEMPATH\CodeIgniter.php(353): CodeIgniter\CodeIgniter->handleRequest(null, Object(Config\Cache), false)
 7 FCPATH\index.php(79): CodeIgniter\CodeIgniter->run()
 8 SYSTEMPATH\Commands\Server\rewrite.php(47): require_once('C:\\Users\\ROG\\Documents\\GitHub\\TJSL\\public\\index.php')
ERROR - 2024-01-25 04:17:17 --> mysqli_sql_exception: You have an error in your SQL syntax; check the manual that corresponds to your MySQL server version for the right syntax to use near 'FROM `cicilan`' at line 2 in C:\Users\ROG\Documents\GitHub\TJSL\system\Database\MySQLi\Connection.php:306
Stack trace:
#0 C:\Users\ROG\Documents\GitHub\TJSL\system\Database\MySQLi\Connection.php(306): mysqli->query('SELECT no_kontr...', 0)
#1 C:\Users\ROG\Documents\GitHub\TJSL\system\Database\BaseConnection.php(692): CodeIgniter\Database\MySQLi\Connection->execute('SELECT no_kontr...')
#2 C:\Users\ROG\Documents\GitHub\TJSL\system\Database\BaseConnection.php(606): CodeIgniter\Database\BaseConnection->simpleQuery('SELECT no_kontr...')
#3 C:\Users\ROG\Documents\GitHub\TJSL\system\Database\BaseBuilder.php(1616): CodeIgniter\Database\BaseConnection->query('SELECT no_kontr...', Array, false)
#4 C:\Users\ROG\Documents\GitHub\TJSL\system\Model.php(871): CodeIgniter\Database\BaseBuilder->get()
#5 C:\Users\ROG\Documents\GitHub\TJSL\app\Controllers\Kolektibilitas.php(23): CodeIgniter\Model->__call('get', Array)
#6 C:\Users\ROG\Documents\GitHub\TJSL\system\CodeIgniter.php(915): App\Controllers\Kolektibilitas->index()
#7 C:\Users\ROG\Documents\GitHub\TJSL\system\CodeIgniter.php(492): CodeIgniter\CodeIgniter->runController(Object(App\Controllers\Kolektibilitas))
#8 C:\Users\ROG\Documents\GitHub\TJSL\system\CodeIgniter.php(353): CodeIgniter\CodeIgniter->handleRequest(NULL, Object(Config\Cache), false)
#9 C:\Users\ROG\Documents\GitHub\TJSL\public\index.php(79): CodeIgniter\CodeIgniter->run()
#10 C:\Users\ROG\Documents\GitHub\TJSL\system\Commands\Server\rewrite.php(47): require_once('C:\\Users\\ROG\\Do...')
#11 {main}
CRITICAL - 2024-01-25 04:17:17 --> You have an error in your SQL syntax; check the manual that corresponds to your MySQL server version for the right syntax to use near 'FROM `cicilan`' at line 2
in SYSTEMPATH\Database\BaseConnection.php on line 646.
 1 SYSTEMPATH\Database\BaseBuilder.php(1616): CodeIgniter\Database\BaseConnection->query('SELECT no_kontrak, MIN(tanggal_cicilan), MIN(kode_kolektibilitas) GROUP BY no_kontrak
FROM `cicilan`', [], false)
 2 SYSTEMPATH\Model.php(871): CodeIgniter\Database\BaseBuilder->get()
 3 APPPATH\Controllers\Kolektibilitas.php(23): CodeIgniter\Model->__call('get', [])
 4 SYSTEMPATH\CodeIgniter.php(915): App\Controllers\Kolektibilitas->index()
 5 SYSTEMPATH\CodeIgniter.php(492): CodeIgniter\CodeIgniter->runController(Object(App\Controllers\Kolektibilitas))
 6 SYSTEMPATH\CodeIgniter.php(353): CodeIgniter\CodeIgniter->handleRequest(null, Object(Config\Cache), false)
 7 FCPATH\index.php(79): CodeIgniter\CodeIgniter->run()
 8 SYSTEMPATH\Commands\Server\rewrite.php(47): require_once('C:\\Users\\ROG\\Documents\\GitHub\\TJSL\\public\\index.php')
ERROR - 2024-01-25 04:17:19 --> mysqli_sql_exception: You have an error in your SQL syntax; check the manual that corresponds to your MySQL server version for the right syntax to use near 'FROM `cicilan`' at line 2 in C:\Users\ROG\Documents\GitHub\TJSL\system\Database\MySQLi\Connection.php:306
Stack trace:
#0 C:\Users\ROG\Documents\GitHub\TJSL\system\Database\MySQLi\Connection.php(306): mysqli->query('SELECT no_kontr...', 0)
#1 C:\Users\ROG\Documents\GitHub\TJSL\system\Database\BaseConnection.php(692): CodeIgniter\Database\MySQLi\Connection->execute('SELECT no_kontr...')
#2 C:\Users\ROG\Documents\GitHub\TJSL\system\Database\BaseConnection.php(606): CodeIgniter\Database\BaseConnection->simpleQuery('SELECT no_kontr...')
#3 C:\Users\ROG\Documents\GitHub\TJSL\system\Database\BaseBuilder.php(1616): CodeIgniter\Database\BaseConnection->query('SELECT no_kontr...', Array, false)
#4 C:\Users\ROG\Documents\GitHub\TJSL\system\Model.php(871): CodeIgniter\Database\BaseBuilder->get()
#5 C:\Users\ROG\Documents\GitHub\TJSL\app\Controllers\Kolektibilitas.php(23): CodeIgniter\Model->__call('get', Array)
#6 C:\Users\ROG\Documents\GitHub\TJSL\system\CodeIgniter.php(915): App\Controllers\Kolektibilitas->index()
#7 C:\Users\ROG\Documents\GitHub\TJSL\system\CodeIgniter.php(492): CodeIgniter\CodeIgniter->runController(Object(App\Controllers\Kolektibilitas))
#8 C:\Users\ROG\Documents\GitHub\TJSL\system\CodeIgniter.php(353): CodeIgniter\CodeIgniter->handleRequest(NULL, Object(Config\Cache), false)
#9 C:\Users\ROG\Documents\GitHub\TJSL\public\index.php(79): CodeIgniter\CodeIgniter->run()
#10 C:\Users\ROG\Documents\GitHub\TJSL\system\Commands\Server\rewrite.php(47): require_once('C:\\Users\\ROG\\Do...')
#11 {main}
CRITICAL - 2024-01-25 04:17:19 --> You have an error in your SQL syntax; check the manual that corresponds to your MySQL server version for the right syntax to use near 'FROM `cicilan`' at line 2
in SYSTEMPATH\Database\BaseConnection.php on line 646.
 1 SYSTEMPATH\Database\BaseBuilder.php(1616): CodeIgniter\Database\BaseConnection->query('SELECT no_kontrak, MIN(tanggal_cicilan), MIN(kode_kolektibilitas) GROUP BY no_kontrak
FROM `cicilan`', [], false)
 2 SYSTEMPATH\Model.php(871): CodeIgniter\Database\BaseBuilder->get()
 3 APPPATH\Controllers\Kolektibilitas.php(23): CodeIgniter\Model->__call('get', [])
 4 SYSTEMPATH\CodeIgniter.php(915): App\Controllers\Kolektibilitas->index()
 5 SYSTEMPATH\CodeIgniter.php(492): CodeIgniter\CodeIgniter->runController(Object(App\Controllers\Kolektibilitas))
 6 SYSTEMPATH\CodeIgniter.php(353): CodeIgniter\CodeIgniter->handleRequest(null, Object(Config\Cache), false)
 7 FCPATH\index.php(79): CodeIgniter\CodeIgniter->run()
 8 SYSTEMPATH\Commands\Server\rewrite.php(47): require_once('C:\\Users\\ROG\\Documents\\GitHub\\TJSL\\public\\index.php')
ERROR - 2024-01-25 04:21:36 --> mysqli_sql_exception: In aggregated query without GROUP BY, expression #1 of SELECT list contains nonaggregated column 'tjslptinti.cicilan.no_kontrak'; this is incompatible with sql_mode=only_full_group_by in C:\Users\ROG\Documents\GitHub\TJSL\system\Database\MySQLi\Connection.php:306
Stack trace:
#0 C:\Users\ROG\Documents\GitHub\TJSL\system\Database\MySQLi\Connection.php(306): mysqli->query('SELECT no_kontr...', 0)
#1 C:\Users\ROG\Documents\GitHub\TJSL\system\Database\BaseConnection.php(692): CodeIgniter\Database\MySQLi\Connection->execute('SELECT no_kontr...')
#2 C:\Users\ROG\Documents\GitHub\TJSL\system\Database\BaseConnection.php(606): CodeIgniter\Database\BaseConnection->simpleQuery('SELECT no_kontr...')
#3 C:\Users\ROG\Documents\GitHub\TJSL\system\Database\BaseBuilder.php(1616): CodeIgniter\Database\BaseConnection->query('SELECT no_kontr...', Array, false)
#4 C:\Users\ROG\Documents\GitHub\TJSL\system\Model.php(871): CodeIgniter\Database\BaseBuilder->get()
#5 C:\Users\ROG\Documents\GitHub\TJSL\app\Controllers\Kolektibilitas.php(23): CodeIgniter\Model->__call('get', Array)
#6 C:\Users\ROG\Documents\GitHub\TJSL\system\CodeIgniter.php(915): App\Controllers\Kolektibilitas->index()
#7 C:\Users\ROG\Documents\GitHub\TJSL\system\CodeIgniter.php(492): CodeIgniter\CodeIgniter->runController(Object(App\Controllers\Kolektibilitas))
#8 C:\Users\ROG\Documents\GitHub\TJSL\system\CodeIgniter.php(353): CodeIgniter\CodeIgniter->handleRequest(NULL, Object(Config\Cache), false)
#9 C:\Users\ROG\Documents\GitHub\TJSL\public\index.php(79): CodeIgniter\CodeIgniter->run()
#10 C:\Users\ROG\Documents\GitHub\TJSL\system\Commands\Server\rewrite.php(47): require_once('C:\\Users\\ROG\\Do...')
#11 {main}
CRITICAL - 2024-01-25 04:21:36 --> In aggregated query without GROUP BY, expression #1 of SELECT list contains nonaggregated column 'tjslptinti.cicilan.no_kontrak'; this is incompatible with sql_mode=only_full_group_by
in SYSTEMPATH\Database\BaseConnection.php on line 646.
 1 SYSTEMPATH\Database\BaseBuilder.php(1616): CodeIgniter\Database\BaseConnection->query('SELECT no_kontrak, MIN(tanggal_cicilan), MIN(kode_kolektibilitas)
FROM `cicilan`', [], false)
 2 SYSTEMPATH\Model.php(871): CodeIgniter\Database\BaseBuilder->get()
 3 APPPATH\Controllers\Kolektibilitas.php(23): CodeIgniter\Model->__call('get', [])
 4 SYSTEMPATH\CodeIgniter.php(915): App\Controllers\Kolektibilitas->index()
 5 SYSTEMPATH\CodeIgniter.php(492): CodeIgniter\CodeIgniter->runController(Object(App\Controllers\Kolektibilitas))
 6 SYSTEMPATH\CodeIgniter.php(353): CodeIgniter\CodeIgniter->handleRequest(null, Object(Config\Cache), false)
 7 FCPATH\index.php(79): CodeIgniter\CodeIgniter->run()
 8 SYSTEMPATH\Commands\Server\rewrite.php(47): require_once('C:\\Users\\ROG\\Documents\\GitHub\\TJSL\\public\\index.php')
CRITICAL - 2024-01-25 04:24:02 --> Call to undefined method CodeIgniter\Database\MySQLi\Result::paginate()
in APPPATH\Controllers\Kolektibilitas.php on line 23.
 1 SYSTEMPATH\CodeIgniter.php(915): App\Controllers\Kolektibilitas->index()
 2 SYSTEMPATH\CodeIgniter.php(492): CodeIgniter\CodeIgniter->runController(Object(App\Controllers\Kolektibilitas))
 3 SYSTEMPATH\CodeIgniter.php(353): CodeIgniter\CodeIgniter->handleRequest(null, Object(Config\Cache), false)
 4 FCPATH\index.php(79): CodeIgniter\CodeIgniter->run()
 5 SYSTEMPATH\Commands\Server\rewrite.php(47): require_once('C:\\Users\\ROG\\Documents\\GitHub\\TJSL\\public\\index.php')
INFO - 2024-01-25 04:24:39 --> Session: Class initialized using 'CodeIgniter\Session\Handlers\FileHandler' driver.
CRITICAL - 2024-01-25 04:24:39 --> Undefined index: tanggal_cicilan
in APPPATH\Views\kolektibilitas\v_list.php on line 40.
 1 APPPATH\Views\kolektibilitas\v_list.php(40): CodeIgniter\Debug\Exceptions->errorHandler(8, 'Undefined index: tanggal_cicilan', 'C:\\Users\\ROG\\Documents\\GitHub\\TJSL\\app\\Views\\kolektibilitas\\v_list.php', 40, [...])
 2 SYSTEMPATH\View\View.php(226): include('C:\\Users\\ROG\\Documents\\GitHub\\TJSL\\app\\Views\\kolektibilitas\\v_list.php')
 3 SYSTEMPATH\View\View.php(229): CodeIgniter\View\View->CodeIgniter\View\{closure}()
 4 SYSTEMPATH\Common.php(1178): CodeIgniter\View\View->render('kolektibilitas/v_list', [], true)
 5 APPPATH\Views\layout\v_content.php(4): view('kolektibilitas/v_list')
 6 SYSTEMPATH\View\View.php(226): include('C:\\Users\\ROG\\Documents\\GitHub\\TJSL\\app\\Views\\layout\\v_content.php')
 7 SYSTEMPATH\View\View.php(229): CodeIgniter\View\View->CodeIgniter\View\{closure}()
 8 SYSTEMPATH\Common.php(1178): CodeIgniter\View\View->render('layout/v_content.php', [], true)
 9 APPPATH\Views\layout\v_wrapper.php(5): view('layout/v_content.php')
10 SYSTEMPATH\View\View.php(226): include('C:\\Users\\ROG\\Documents\\GitHub\\TJSL\\app\\Views\\layout\\v_wrapper.php')
11 SYSTEMPATH\View\View.php(229): CodeIgniter\View\View->CodeIgniter\View\{closure}()
12 SYSTEMPATH\Common.php(1178): CodeIgniter\View\View->render('layout/v_wrapper', [], true)
13 APPPATH\Controllers\Kolektibilitas.php(27): view('layout/v_wrapper', [...])
14 SYSTEMPATH\CodeIgniter.php(915): App\Controllers\Kolektibilitas->index()
15 SYSTEMPATH\CodeIgniter.php(492): CodeIgniter\CodeIgniter->runController(Object(App\Controllers\Kolektibilitas))
16 SYSTEMPATH\CodeIgniter.php(353): CodeIgniter\CodeIgniter->handleRequest(null, Object(Config\Cache), false)
17 FCPATH\index.php(79): CodeIgniter\CodeIgniter->run()
18 SYSTEMPATH\Commands\Server\rewrite.php(47): require_once('C:\\Users\\ROG\\Documents\\GitHub\\TJSL\\public\\index.php')
INFO - 2024-01-25 04:26:09 --> Session: Class initialized using 'CodeIgniter\Session\Handlers\FileHandler' driver.
CRITICAL - 2024-01-25 04:26:09 --> Undefined index: angsuran_pokok
in APPPATH\Views\kolektibilitas\v_list.php on line 41.
 1 APPPATH\Views\kolektibilitas\v_list.php(41): CodeIgniter\Debug\Exceptions->errorHandler(8, 'Undefined index: angsuran_pokok', 'C:\\Users\\ROG\\Documents\\GitHub\\TJSL\\app\\Views\\kolektibilitas\\v_list.php', 41, [...])
 2 SYSTEMPATH\View\View.php(226): include('C:\\Users\\ROG\\Documents\\GitHub\\TJSL\\app\\Views\\kolektibilitas\\v_list.php')
 3 SYSTEMPATH\View\View.php(229): CodeIgniter\View\View->CodeIgniter\View\{closure}()
 4 SYSTEMPATH\Common.php(1178): CodeIgniter\View\View->render('kolektibilitas/v_list', [], true)
 5 APPPATH\Views\layout\v_content.php(4): view('kolektibilitas/v_list')
 6 SYSTEMPATH\View\View.php(226): include('C:\\Users\\ROG\\Documents\\GitHub\\TJSL\\app\\Views\\layout\\v_content.php')
 7 SYSTEMPATH\View\View.php(229): CodeIgniter\View\View->CodeIgniter\View\{closure}()
 8 SYSTEMPATH\Common.php(1178): CodeIgniter\View\View->render('layout/v_content.php', [], true)
 9 APPPATH\Views\layout\v_wrapper.php(5): view('layout/v_content.php')
10 SYSTEMPATH\View\View.php(226): include('C:\\Users\\ROG\\Documents\\GitHub\\TJSL\\app\\Views\\layout\\v_wrapper.php')
11 SYSTEMPATH\View\View.php(229): CodeIgniter\View\View->CodeIgniter\View\{closure}()
12 SYSTEMPATH\Common.php(1178): CodeIgniter\View\View->render('layout/v_wrapper', [], true)
13 APPPATH\Controllers\Kolektibilitas.php(27): view('layout/v_wrapper', [...])
14 SYSTEMPATH\CodeIgniter.php(915): App\Controllers\Kolektibilitas->index()
15 SYSTEMPATH\CodeIgniter.php(492): CodeIgniter\CodeIgniter->runController(Object(App\Controllers\Kolektibilitas))
16 SYSTEMPATH\CodeIgniter.php(353): CodeIgniter\CodeIgniter->handleRequest(null, Object(Config\Cache), false)
17 FCPATH\index.php(79): CodeIgniter\CodeIgniter->run()
18 SYSTEMPATH\Commands\Server\rewrite.php(47): require_once('C:\\Users\\ROG\\Documents\\GitHub\\TJSL\\public\\index.php')
INFO - 2024-01-25 04:30:59 --> Session: Class initialized using 'CodeIgniter\Session\Handlers\FileHandler' driver.
